# JRE version: OpenJDK Runtime Environment (17.0.7) (build 17.0.7+0-b2043.56-10550314)
# Java VM: OpenJDK 64-Bit Server VM (17.0.7+0-b2043.56-10550314, mixed mode, tiered, compressed oops, compressed class ptrs, g1 gc, windows-amd64)
GC Precious Log:
 CPUs: 8 total, 8 available
 Memory: 16303M
 Large Page Support: Disabled
 NUMA Support: Disabled
 Compressed Oops: Enabled (32-bit)
 Heap Region Size: 1M
 Heap Min Capacity: 8M
 Heap Initial Capacity: 256M
 Heap Max Capacity: 2G
 Pre-touch: Disabled
 Parallel Workers: 8
 Concurrent Workers: 2
 Concurrent Refinement Workers: 8
 Periodic GC: Disabled
Heap:
 garbage-first heap   total 268288K, used 160975K [0x0000000080000000, 0x0000000100000000)
  region size 1024K, 90 young (92160K), 6 survivors (6144K)
 Metaspace       used 82219K, committed 82816K, reserved 1179648K
  class space    used 11216K, committed 11520K, reserved 1048576K
GC Heap History (20 events):
Event: 2.107 GC heap before
{Heap before GC invocations=11 (full 0):
 garbage-first heap   total 135168K, used 29226K [0x0000000080000000, 0x0000000100000000)
  region size 1024K, 6 young (6144K), 4 survivors (4096K)
 Metaspace       used 41095K, committed 41408K, reserved 1114112K
  class space    used 5479K, committed 5632K, reserved 1048576K
}
Event: 2.109 GC heap after
{Heap after GC invocations=12 (full 0):
 garbage-first heap   total 135168K, used 27505K [0x0000000080000000, 0x0000000100000000)
  region size 1024K, 1 young (1024K), 1 survivors (1024K)
 Metaspace       used 41095K, committed 41408K, reserved 1114112K
  class space    used 5479K, committed 5632K, reserved 1048576K
}
Event: 2.476 GC heap before
{Heap before GC invocations=12 (full 0):
 garbage-first heap   total 135168K, used 95089K [0x0000000080000000, 0x0000000100000000)
  region size 1024K, 61 young (62464K), 1 survivors (1024K)
 Metaspace       used 46899K, committed 47296K, reserved 1114112K
  class space    used 6201K, committed 6400K, reserved 1048576K
}
Event: 2.479 GC heap after
{Heap after GC invocations=13 (full 0):
 garbage-first heap   total 135168K, used 31827K [0x0000000080000000, 0x0000000100000000)
  region size 1024K, 5 young (5120K), 5 survivors (5120K)
 Metaspace       used 46899K, committed 47296K, reserved 1114112K
  class space    used 6201K, committed 6400K, reserved 1048576K
}
Event: 2.995 GC heap before
{Heap before GC invocations=13 (full 0):
 garbage-first heap   total 135168K, used 94291K [0x0000000080000000, 0x0000000100000000)
  region size 1024K, 66 young (67584K), 5 survivors (5120K)
 Metaspace       used 53541K, committed 53952K, reserved 1114112K
  class space    used 7232K, committed 7424K, reserved 1048576K
}
Event: 2.999 GC heap after
{Heap after GC invocations=14 (full 0):
 garbage-first heap   total 135168K, used 36116K [0x0000000080000000, 0x0000000100000000)
  region size 1024K, 9 young (9216K), 9 survivors (9216K)
 Metaspace       used 53541K, committed 53952K, reserved 1114112K
  class space    used 7232K, committed 7424K, reserved 1048576K
}
Event: 3.337 GC heap before
{Heap before GC invocations=14 (full 0):
 garbage-first heap   total 135168K, used 111892K [0x0000000080000000, 0x0000000100000000)
  region size 1024K, 70 young (71680K), 9 survivors (9216K)
 Metaspace       used 57011K, committed 57536K, reserved 1114112K
  class space    used 7689K, committed 7936K, reserved 1048576K
}
Event: 3.342 GC heap after
{Heap after GC invocations=15 (full 0):
 garbage-first heap   total 135168K, used 58695K [0x0000000080000000, 0x0000000100000000)
  region size 1024K, 9 young (9216K), 9 survivors (9216K)
 Metaspace       used 57011K, committed 57536K, reserved 1114112K
  class space    used 7689K, committed 7936K, reserved 1048576K
}
Event: 3.496 GC heap before
{Heap before GC invocations=15 (full 0):
 garbage-first heap   total 135168K, used 86343K [0x0000000080000000, 0x0000000100000000)
  region size 1024K, 37 young (37888K), 9 survivors (9216K)
 Metaspace       used 59937K, committed 60416K, reserved 1114112K
  class space    used 8020K, committed 8256K, reserved 1048576K
}
Event: 3.499 GC heap after
{Heap after GC invocations=16 (full 0):
 garbage-first heap   total 135168K, used 60802K [0x0000000080000000, 0x0000000100000000)
  region size 1024K, 1 young (1024K), 1 survivors (1024K)
 Metaspace       used 59937K, committed 60416K, reserved 1114112K
  class space    used 8020K, committed 8256K, reserved 1048576K
}
Event: 3.818 GC heap before
{Heap before GC invocations=17 (full 0):
 garbage-first heap   total 135168K, used 96642K [0x0000000080000000, 0x0000000100000000)
  region size 1024K, 37 young (37888K), 1 survivors (1024K)
 Metaspace       used 65241K, committed 65792K, reserved 1114112K
  class space    used 8750K, committed 9024K, reserved 1048576K
}
Event: 3.820 GC heap after
{Heap after GC invocations=18 (full 0):
 garbage-first heap   total 135168K, used 63336K [0x0000000080000000, 0x0000000100000000)
  region size 1024K, 4 young (4096K), 4 survivors (4096K)
 Metaspace       used 65241K, committed 65792K, reserved 1114112K
  class space    used 8750K, committed 9024K, reserved 1048576K
}
Event: 3.824 GC heap before
{Heap before GC invocations=18 (full 0):
 garbage-first heap   total 135168K, used 67432K [0x0000000080000000, 0x0000000100000000)
  region size 1024K, 8 young (8192K), 4 survivors (4096K)
 Metaspace       used 65244K, committed 65792K, reserved 1114112K
  class space    used 8750K, committed 9024K, reserved 1048576K
}
Event: 3.826 GC heap after
{Heap after GC invocations=19 (full 0):
 garbage-first heap   total 135168K, used 66045K [0x0000000080000000, 0x0000000100000000)
  region size 1024K, 5 young (5120K), 5 survivors (5120K)
 Metaspace       used 65244K, committed 65792K, reserved 1114112K
  class space    used 8750K, committed 9024K, reserved 1048576K
}
Event: 3.979 GC heap before
{Heap before GC invocations=20 (full 0):
 garbage-first heap   total 135168K, used 100861K [0x0000000080000000, 0x0000000100000000)
  region size 1024K, 34 young (34816K), 5 survivors (5120K)
 Metaspace       used 66969K, committed 67520K, reserved 1114112K
  class space    used 8987K, committed 9280K, reserved 1048576K
}
Event: 3.981 GC heap after
{Heap after GC invocations=21 (full 0):
 garbage-first heap   total 135168K, used 66735K [0x0000000080000000, 0x0000000100000000)
  region size 1024K, 4 young (4096K), 4 survivors (4096K)
 Metaspace       used 66969K, committed 67520K, reserved 1114112K
  class space    used 8987K, committed 9280K, reserved 1048576K
}
Event: 3.993 GC heap before
{Heap before GC invocations=21 (full 0):
 garbage-first heap   total 135168K, used 68783K [0x0000000080000000, 0x0000000100000000)
  region size 1024K, 6 young (6144K), 4 survivors (4096K)
 Metaspace       used 67108K, committed 67648K, reserved 1114112K
  class space    used 9003K, committed 9280K, reserved 1048576K
}
Event: 3.996 GC heap after
{Heap after GC invocations=22 (full 0):
 garbage-first heap   total 268288K, used 66530K [0x0000000080000000, 0x0000000100000000)
  region size 1024K, 1 young (1024K), 1 survivors (1024K)
 Metaspace       used 67108K, committed 67648K, reserved 1114112K
  class space    used 9003K, committed 9280K, reserved 1048576K
}
Event: 4.640 GC heap before
{Heap before GC invocations=22 (full 0):
 garbage-first heap   total 268288K, used 178146K [0x0000000080000000, 0x0000000100000000)
  region size 1024K, 106 young (108544K), 1 survivors (1024K)
 Metaspace       used 76805K, committed 77376K, reserved 1179648K
  class space    used 10350K, committed 10624K, reserved 1048576K
}
Event: 4.644 GC heap after
{Heap after GC invocations=23 (full 0):
 garbage-first heap   total 268288K, used 75983K [0x0000000080000000, 0x0000000100000000)
  region size 1024K, 6 young (6144K), 6 survivors (6144K)
 Metaspace       used 76805K, committed 77376K, reserved 1179648K
  class space    used 10350K, committed 10624K, reserved 1048576K
}

