# JRE version: OpenJDK Runtime Environment (17.0.7) (build 17.0.7+0-b2043.56-10550314)
# Java VM: OpenJDK 64-Bit Server VM (17.0.7+0-b2043.56-10550314, mixed mode, tiered, compressed oops, compressed class ptrs, g1 gc, windows-amd64)
GC Precious Log:
 CPUs: 8 total, 8 available
 Memory: 16303M
 Large Page Support: Disabled
 NUMA Support: Disabled
 Compressed Oops: Enabled (32-bit)
 Heap Region Size: 1M
 Heap Min Capacity: 8M
 Heap Initial Capacity: 256M
 Heap Max Capacity: 2G
 Pre-touch: Disabled
 Parallel Workers: 8
 Concurrent Workers: 2
 Concurrent Refinement Workers: 8
 Periodic GC: Disabled
Heap:
 garbage-first heap   total 389120K, used 274024K [0x0000000080000000, 0x0000000100000000)
  region size 1024K, 166 young (169984K), 6 survivors (6144K)
 Metaspace       used 104851K, committed 105600K, reserved 1179648K
  class space    used 14516K, committed 14912K, reserved 1048576K
GC Heap History (20 events):
Event: 5.356 GC heap before
{Heap before GC invocations=27 (full 0):
 garbage-first heap   total 155648K, used 86978K [0x0000000080000000, 0x0000000100000000)
  region size 1024K, 7 young (7168K), 3 survivors (3072K)
 Metaspace       used 84896K, committed 85440K, reserved 1179648K
  class space    used 11693K, committed 11968K, reserved 1048576K
}
Event: 5.358 GC heap after
{Heap after GC invocations=28 (full 0):
 garbage-first heap   total 155648K, used 81993K [0x0000000080000000, 0x0000000100000000)
  region size 1024K, 1 young (1024K), 1 survivors (1024K)
 Metaspace       used 84896K, committed 85440K, reserved 1179648K
  class space    used 11693K, committed 11968K, reserved 1048576K
}
Event: 5.656 GC heap before
{Heap before GC invocations=28 (full 0):
 garbage-first heap   total 155648K, used 128073K [0x0000000080000000, 0x0000000100000000)
  region size 1024K, 46 young (47104K), 1 survivors (1024K)
 Metaspace       used 88386K, committed 88960K, reserved 1179648K
  class space    used 12198K, committed 12480K, reserved 1048576K
}
Event: 5.658 GC heap after
{Heap after GC invocations=29 (full 0):
 garbage-first heap   total 155648K, used 83883K [0x0000000080000000, 0x0000000100000000)
  region size 1024K, 3 young (3072K), 3 survivors (3072K)
 Metaspace       used 88386K, committed 88960K, reserved 1179648K
  class space    used 12198K, committed 12480K, reserved 1048576K
}
Event: 5.913 GC heap before
{Heap before GC invocations=30 (full 0):
 garbage-first heap   total 155648K, used 128939K [0x0000000080000000, 0x0000000100000000)
  region size 1024K, 47 young (48128K), 3 survivors (3072K)
 Metaspace       used 92089K, committed 92672K, reserved 1179648K
  class space    used 12785K, committed 13056K, reserved 1048576K
}
Event: 5.916 GC heap after
{Heap after GC invocations=31 (full 0):
 garbage-first heap   total 155648K, used 86262K [0x0000000080000000, 0x0000000100000000)
  region size 1024K, 5 young (5120K), 5 survivors (5120K)
 Metaspace       used 92089K, committed 92672K, reserved 1179648K
  class space    used 12785K, committed 13056K, reserved 1048576K
}
Event: 5.926 GC heap before
{Heap before GC invocations=31 (full 0):
 garbage-first heap   total 155648K, used 88310K [0x0000000080000000, 0x0000000100000000)
  region size 1024K, 7 young (7168K), 5 survivors (5120K)
 Metaspace       used 92227K, committed 92864K, reserved 1179648K
  class space    used 12820K, committed 13120K, reserved 1048576K
}
Event: 5.929 GC heap after
{Heap after GC invocations=32 (full 0):
 garbage-first heap   total 155648K, used 85780K [0x0000000080000000, 0x0000000100000000)
  region size 1024K, 1 young (1024K), 1 survivors (1024K)
 Metaspace       used 92227K, committed 92864K, reserved 1179648K
  class space    used 12820K, committed 13120K, reserved 1048576K
}
Event: 6.228 GC heap before
{Heap before GC invocations=32 (full 0):
 garbage-first heap   total 155648K, used 129812K [0x0000000080000000, 0x0000000100000000)
  region size 1024K, 44 young (45056K), 1 survivors (1024K)
 Metaspace       used 95995K, committed 96640K, reserved 1179648K
  class space    used 13307K, committed 13632K, reserved 1048576K
}
Event: 6.231 GC heap after
{Heap after GC invocations=33 (full 0):
 garbage-first heap   total 187392K, used 88501K [0x0000000080000000, 0x0000000100000000)
  region size 1024K, 4 young (4096K), 4 survivors (4096K)
 Metaspace       used 95995K, committed 96640K, reserved 1179648K
  class space    used 13307K, committed 13632K, reserved 1048576K
}
Event: 6.519 GC heap before
{Heap before GC invocations=34 (full 0):
 garbage-first heap   total 187392K, used 150965K [0x0000000080000000, 0x0000000100000000)
  region size 1024K, 65 young (66560K), 4 survivors (4096K)
 Metaspace       used 97192K, committed 97856K, reserved 1179648K
  class space    used 13460K, committed 13824K, reserved 1048576K
}
Event: 6.524 GC heap after
{Heap after GC invocations=35 (full 0):
 garbage-first heap   total 187392K, used 96701K [0x0000000080000000, 0x0000000100000000)
  region size 1024K, 9 young (9216K), 9 survivors (9216K)
 Metaspace       used 97192K, committed 97856K, reserved 1179648K
  class space    used 13460K, committed 13824K, reserved 1048576K
}
Event: 6.528 GC heap before
{Heap before GC invocations=35 (full 0):
 garbage-first heap   total 187392K, used 97725K [0x0000000080000000, 0x0000000100000000)
  region size 1024K, 10 young (10240K), 9 survivors (9216K)
 Metaspace       used 97192K, committed 97856K, reserved 1179648K
  class space    used 13460K, committed 13824K, reserved 1048576K
}
Event: 6.531 GC heap after
{Heap after GC invocations=36 (full 0):
 garbage-first heap   total 187392K, used 97858K [0x0000000080000000, 0x0000000100000000)
  region size 1024K, 2 young (2048K), 2 survivors (2048K)
 Metaspace       used 97192K, committed 97856K, reserved 1179648K
  class space    used 13460K, committed 13824K, reserved 1048576K
}
Event: 6.810 GC heap before
{Heap before GC invocations=36 (full 0):
 garbage-first heap   total 187392K, used 150082K [0x0000000080000000, 0x0000000100000000)
  region size 1024K, 54 young (55296K), 2 survivors (2048K)
 Metaspace       used 99261K, committed 99968K, reserved 1179648K
  class space    used 13846K, committed 14208K, reserved 1048576K
}
Event: 6.815 GC heap after
{Heap after GC invocations=37 (full 0):
 garbage-first heap   total 187392K, used 105002K [0x0000000080000000, 0x0000000100000000)
  region size 1024K, 7 young (7168K), 7 survivors (7168K)
 Metaspace       used 99261K, committed 99968K, reserved 1179648K
  class space    used 13846K, committed 14208K, reserved 1048576K
}
Event: 6.982 GC heap before
{Heap before GC invocations=37 (full 0):
 garbage-first heap   total 187392K, used 151082K [0x0000000080000000, 0x0000000100000000)
  region size 1024K, 53 young (54272K), 7 survivors (7168K)
 Metaspace       used 99517K, committed 100288K, reserved 1179648K
  class space    used 13853K, committed 14208K, reserved 1048576K
}
Event: 6.987 GC heap after
{Heap after GC invocations=38 (full 0):
 garbage-first heap   total 187392K, used 108831K [0x0000000080000000, 0x0000000100000000)
  region size 1024K, 6 young (6144K), 6 survivors (6144K)
 Metaspace       used 99517K, committed 100288K, reserved 1179648K
  class space    used 13853K, committed 14208K, reserved 1048576K
}
Event: 7.149 GC heap before
{Heap before GC invocations=38 (full 0):
 garbage-first heap   total 187392K, used 151839K [0x0000000080000000, 0x0000000100000000)
  region size 1024K, 49 young (50176K), 6 survivors (6144K)
 Metaspace       used 99972K, committed 100736K, reserved 1179648K
  class space    used 13894K, committed 14272K, reserved 1048576K
}
Event: 7.153 GC heap after
{Heap after GC invocations=39 (full 0):
 garbage-first heap   total 389120K, used 112232K [0x0000000080000000, 0x0000000100000000)
  region size 1024K, 6 young (6144K), 6 survivors (6144K)
 Metaspace       used 99972K, committed 100736K, reserved 1179648K
  class space    used 13894K, committed 14272K, reserved 1048576K
}

