# JRE version: OpenJDK Runtime Environment (17.0.7) (build 17.0.7+0-b2043.56-10550314)
# Java VM: OpenJDK 64-Bit Server VM (17.0.7+0-b2043.56-10550314, mixed mode, tiered, compressed oops, compressed class ptrs, g1 gc, windows-amd64)
GC Precious Log:
 CPUs: 8 total, 8 available
 Memory: 16303M
 Large Page Support: Disabled
 NUMA Support: Disabled
 Compressed Oops: Enabled (32-bit)
 Heap Region Size: 1M
 Heap Min Capacity: 8M
 Heap Initial Capacity: 256M
 Heap Max Capacity: 2G
 Pre-touch: Disabled
 Parallel Workers: 8
 Concurrent Workers: 2
 Concurrent Refinement Workers: 8
 Periodic GC: Disabled
Heap:
 garbage-first heap   total 396288K, used 137558K [0x0000000080000000, 0x0000000100000000)
  region size 1024K, 31 young (31744K), 15 survivors (15360K)
 Metaspace       used 106004K, committed 106880K, reserved 1179648K
  class space    used 14620K, committed 15104K, reserved 1048576K
GC Heap History (20 events):
Event: 12.186 GC heap before
{Heap before GC invocations=44 (full 0):
 garbage-first heap   total 156672K, used 127303K [0x0000000080000000, 0x0000000100000000)
  region size 1024K, 46 young (47104K), 6 survivors (6144K)
 Metaspace       used 94200K, committed 94912K, reserved 1179648K
  class space    used 13023K, committed 13376K, reserved 1048576K
}
Event: 12.189 GC heap after
{Heap after GC invocations=45 (full 0):
 garbage-first heap   total 156672K, used 88332K [0x0000000080000000, 0x0000000100000000)
  region size 1024K, 3 young (3072K), 3 survivors (3072K)
 Metaspace       used 94200K, committed 94912K, reserved 1179648K
  class space    used 13023K, committed 13376K, reserved 1048576K
}
Event: 12.492 GC heap before
{Heap before GC invocations=46 (full 0):
 garbage-first heap   total 158720K, used 129292K [0x0000000080000000, 0x0000000100000000)
  region size 1024K, 43 young (44032K), 3 survivors (3072K)
 Metaspace       used 96086K, committed 96768K, reserved 1179648K
  class space    used 13286K, committed 13632K, reserved 1048576K
}
Event: 12.496 GC heap after
{Heap after GC invocations=47 (full 0):
 garbage-first heap   total 158720K, used 92001K [0x0000000080000000, 0x0000000100000000)
  region size 1024K, 6 young (6144K), 6 survivors (6144K)
 Metaspace       used 96086K, committed 96768K, reserved 1179648K
  class space    used 13286K, committed 13632K, reserved 1048576K
}
Event: 12.502 GC heap before
{Heap before GC invocations=47 (full 0):
 garbage-first heap   total 158720K, used 93025K [0x0000000080000000, 0x0000000100000000)
  region size 1024K, 7 young (7168K), 6 survivors (6144K)
 Metaspace       used 96088K, committed 96768K, reserved 1179648K
  class space    used 13286K, committed 13632K, reserved 1048576K
}
Event: 12.506 GC heap after
{Heap after GC invocations=48 (full 0):
 garbage-first heap   total 158720K, used 92604K [0x0000000080000000, 0x0000000100000000)
  region size 1024K, 1 young (1024K), 1 survivors (1024K)
 Metaspace       used 96088K, committed 96768K, reserved 1179648K
  class space    used 13286K, committed 13632K, reserved 1048576K
}
Event: 12.669 GC heap before
{Heap before GC invocations=48 (full 0):
 garbage-first heap   total 158720K, used 131516K [0x0000000080000000, 0x0000000100000000)
  region size 1024K, 39 young (39936K), 1 survivors (1024K)
 Metaspace       used 96224K, committed 96896K, reserved 1179648K
  class space    used 13294K, committed 13632K, reserved 1048576K
}
Event: 12.672 GC heap after
{Heap after GC invocations=49 (full 0):
 garbage-first heap   total 158720K, used 98304K [0x0000000080000000, 0x0000000100000000)
  region size 1024K, 5 young (5120K), 5 survivors (5120K)
 Metaspace       used 96224K, committed 96896K, reserved 1179648K
  class space    used 13294K, committed 13632K, reserved 1048576K
}
Event: 13.251 GC heap before
{Heap before GC invocations=50 (full 0):
 garbage-first heap   total 176128K, used 129024K [0x0000000080000000, 0x0000000100000000)
  region size 1024K, 36 young (36864K), 5 survivors (5120K)
 Metaspace       used 98131K, committed 98880K, reserved 1179648K
  class space    used 13674K, committed 14016K, reserved 1048576K
}
Event: 13.255 GC heap after
{Heap after GC invocations=51 (full 0):
 garbage-first heap   total 176128K, used 102498K [0x0000000080000000, 0x0000000100000000)
  region size 1024K, 4 young (4096K), 4 survivors (4096K)
 Metaspace       used 98131K, committed 98880K, reserved 1179648K
  class space    used 13674K, committed 14016K, reserved 1048576K
}
Event: 13.273 GC heap before
{Heap before GC invocations=51 (full 0):
 garbage-first heap   total 176128K, used 105570K [0x0000000080000000, 0x0000000100000000)
  region size 1024K, 8 young (8192K), 4 survivors (4096K)
 Metaspace       used 98158K, committed 98880K, reserved 1179648K
  class space    used 13675K, committed 14016K, reserved 1048576K
}
Event: 13.277 GC heap after
{Heap after GC invocations=52 (full 0):
 garbage-first heap   total 176128K, used 102450K [0x0000000080000000, 0x0000000100000000)
  region size 1024K, 1 young (1024K), 1 survivors (1024K)
 Metaspace       used 98158K, committed 98880K, reserved 1179648K
  class space    used 13675K, committed 14016K, reserved 1048576K
}
Event: 13.609 GC heap before
{Heap before GC invocations=52 (full 0):
 garbage-first heap   total 176128K, used 142386K [0x0000000080000000, 0x0000000100000000)
  region size 1024K, 41 young (41984K), 1 survivors (1024K)
 Metaspace       used 98614K, committed 99392K, reserved 1179648K
  class space    used 13714K, committed 14080K, reserved 1048576K
}
Event: 13.611 GC heap after
{Heap after GC invocations=53 (full 0):
 garbage-first heap   total 176128K, used 105067K [0x0000000080000000, 0x0000000100000000)
  region size 1024K, 4 young (4096K), 4 survivors (4096K)
 Metaspace       used 98614K, committed 99392K, reserved 1179648K
  class space    used 13714K, committed 14080K, reserved 1048576K
}
Event: 13.960 GC heap before
{Heap before GC invocations=54 (full 0):
 garbage-first heap   total 188416K, used 142955K [0x0000000080000000, 0x0000000100000000)
  region size 1024K, 42 young (43008K), 4 survivors (4096K)
 Metaspace       used 99155K, committed 99840K, reserved 1179648K
  class space    used 13756K, committed 14080K, reserved 1048576K
}
Event: 13.964 GC heap after
{Heap after GC invocations=55 (full 0):
 garbage-first heap   total 188416K, used 108111K [0x0000000080000000, 0x0000000100000000)
  region size 1024K, 6 young (6144K), 6 survivors (6144K)
 Metaspace       used 99155K, committed 99840K, reserved 1179648K
  class space    used 13756K, committed 14080K, reserved 1048576K
}
Event: 13.991 GC heap before
{Heap before GC invocations=55 (full 0):
 garbage-first heap   total 188416K, used 111183K [0x0000000080000000, 0x0000000100000000)
  region size 1024K, 9 young (9216K), 6 survivors (6144K)
 Metaspace       used 99189K, committed 99904K, reserved 1179648K
  class space    used 13760K, committed 14080K, reserved 1048576K
}
Event: 13.995 GC heap after
{Heap after GC invocations=56 (full 0):
 garbage-first heap   total 396288K, used 108145K [0x0000000080000000, 0x0000000100000000)
  region size 1024K, 1 young (1024K), 1 survivors (1024K)
 Metaspace       used 99189K, committed 99904K, reserved 1179648K
  class space    used 13760K, committed 14080K, reserved 1048576K
}
Event: 58.744 GC heap before
{Heap before GC invocations=56 (full 0):
 garbage-first heap   total 396288K, used 306801K [0x0000000080000000, 0x0000000100000000)
  region size 1024K, 196 young (200704K), 1 survivors (1024K)
 Metaspace       used 104860K, committed 105728K, reserved 1179648K
  class space    used 14455K, committed 14912K, reserved 1048576K
}
Event: 58.752 GC heap after
{Heap after GC invocations=57 (full 0):
 garbage-first heap   total 396288K, used 122198K [0x0000000080000000, 0x0000000100000000)
  region size 1024K, 15 young (15360K), 15 survivors (15360K)
 Metaspace       used 104860K, committed 105728K, reserved 1179648K
  class space    used 14455K, committed 14912K, reserved 1048576K
}

