# JRE version: OpenJDK Runtime Environment (17.0.7) (build 17.0.7+0-b2043.56-10550314)
# Java VM: OpenJDK 64-Bit Server VM (17.0.7+0-b2043.56-10550314, mixed mode, tiered, compressed oops, compressed class ptrs, g1 gc, windows-amd64)
GC Precious Log:
 CPUs: 8 total, 8 available
 Memory: 16303M
 Large Page Support: Disabled
 NUMA Support: Disabled
 Compressed Oops: Enabled (32-bit)
 Heap Region Size: 1M
 Heap Min Capacity: 8M
 Heap Initial Capacity: 256M
 Heap Max Capacity: 2G
 Pre-touch: Disabled
 Parallel Workers: 8
 Concurrent Workers: 2
 Concurrent Refinement Workers: 8
 Periodic GC: Disabled
Heap:
 garbage-first heap   total 214016K, used 79747K [0x0000000080000000, 0x0000000100000000)
  region size 1024K, 5 young (5120K), 5 survivors (5120K)
 Metaspace       used 79989K, committed 80576K, reserved 1179648K
  class space    used 10786K, committed 11072K, reserved 1048576K
GC Heap History (20 events):
Event: 3.528 GC heap after
{Heap after GC invocations=20 (full 0):
 garbage-first heap   total 129024K, used 60607K [0x0000000080000000, 0x0000000100000000)
  region size 1024K, 2 young (2048K), 2 survivors (2048K)
 Metaspace       used 58773K, committed 59264K, reserved 1114112K
  class space    used 7905K, committed 8128K, reserved 1048576K
}
Event: 3.786 GC heap before
{Heap before GC invocations=21 (full 0):
 garbage-first heap   total 129024K, used 93375K [0x0000000080000000, 0x0000000100000000)
  region size 1024K, 34 young (34816K), 2 survivors (2048K)
 Metaspace       used 63235K, committed 63744K, reserved 1114112K
  class space    used 8506K, committed 8768K, reserved 1048576K
}
Event: 3.787 GC heap after
{Heap after GC invocations=22 (full 0):
 garbage-first heap   total 129024K, used 61736K [0x0000000080000000, 0x0000000100000000)
  region size 1024K, 3 young (3072K), 3 survivors (3072K)
 Metaspace       used 63235K, committed 63744K, reserved 1114112K
  class space    used 8506K, committed 8768K, reserved 1048576K
}
Event: 3.809 GC heap before
{Heap before GC invocations=22 (full 0):
 garbage-first heap   total 129024K, used 64808K [0x0000000080000000, 0x0000000100000000)
  region size 1024K, 6 young (6144K), 3 survivors (3072K)
 Metaspace       used 63542K, committed 64064K, reserved 1114112K
  class space    used 8550K, committed 8768K, reserved 1048576K
}
Event: 3.811 GC heap after
{Heap after GC invocations=23 (full 0):
 garbage-first heap   total 129024K, used 61167K [0x0000000080000000, 0x0000000100000000)
  region size 1024K, 1 young (1024K), 1 survivors (1024K)
 Metaspace       used 63542K, committed 64064K, reserved 1114112K
  class space    used 8550K, committed 8768K, reserved 1048576K
}
Event: 3.889 GC heap before
{Heap before GC invocations=23 (full 0):
 garbage-first heap   total 129024K, used 70383K [0x0000000080000000, 0x0000000100000000)
  region size 1024K, 11 young (11264K), 1 survivors (1024K)
 Metaspace       used 65284K, committed 65920K, reserved 1114112K
  class space    used 8758K, committed 9088K, reserved 1048576K
}
Event: 3.891 GC heap after
{Heap after GC invocations=24 (full 0):
 garbage-first heap   total 129024K, used 62452K [0x0000000080000000, 0x0000000100000000)
  region size 1024K, 2 young (2048K), 2 survivors (2048K)
 Metaspace       used 65284K, committed 65920K, reserved 1114112K
  class space    used 8758K, committed 9088K, reserved 1048576K
}
Event: 4.080 GC heap before
{Heap before GC invocations=25 (full 0):
 garbage-first heap   total 130048K, used 104436K [0x0000000080000000, 0x0000000100000000)
  region size 1024K, 37 young (37888K), 2 survivors (2048K)
 Metaspace       used 67189K, committed 67776K, reserved 1114112K
  class space    used 9017K, committed 9344K, reserved 1048576K
}
Event: 4.082 GC heap after
{Heap after GC invocations=26 (full 0):
 garbage-first heap   total 130048K, used 65817K [0x0000000080000000, 0x0000000100000000)
  region size 1024K, 5 young (5120K), 5 survivors (5120K)
 Metaspace       used 67189K, committed 67776K, reserved 1114112K
  class space    used 9017K, committed 9344K, reserved 1048576K
}
Event: 4.089 GC heap before
{Heap before GC invocations=26 (full 0):
 garbage-first heap   total 130048K, used 66841K [0x0000000080000000, 0x0000000100000000)
  region size 1024K, 6 young (6144K), 5 survivors (5120K)
 Metaspace       used 67270K, committed 67840K, reserved 1114112K
  class space    used 9028K, committed 9344K, reserved 1048576K
}
Event: 4.091 GC heap after
{Heap after GC invocations=27 (full 0):
 garbage-first heap   total 130048K, used 66297K [0x0000000080000000, 0x0000000100000000)
  region size 1024K, 1 young (1024K), 1 survivors (1024K)
 Metaspace       used 67270K, committed 67840K, reserved 1114112K
  class space    used 9028K, committed 9344K, reserved 1048576K
}
Event: 4.287 GC heap before
{Heap before GC invocations=27 (full 0):
 garbage-first heap   total 130048K, used 101113K [0x0000000080000000, 0x0000000100000000)
  region size 1024K, 35 young (35840K), 1 survivors (1024K)
 Metaspace       used 70064K, committed 70656K, reserved 1114112K
  class space    used 9424K, committed 9728K, reserved 1048576K
}
Event: 4.289 GC heap after
{Heap after GC invocations=28 (full 0):
 garbage-first heap   total 130048K, used 67375K [0x0000000080000000, 0x0000000100000000)
  region size 1024K, 2 young (2048K), 2 survivors (2048K)
 Metaspace       used 70064K, committed 70656K, reserved 1114112K
  class space    used 9424K, committed 9728K, reserved 1048576K
}
Event: 4.513 GC heap before
{Heap before GC invocations=29 (full 0):
 garbage-first heap   total 130048K, used 106287K [0x0000000080000000, 0x0000000100000000)
  region size 1024K, 36 young (36864K), 2 survivors (2048K)
 Metaspace       used 73727K, committed 74368K, reserved 1114112K
  class space    used 9929K, committed 10240K, reserved 1048576K
}
Event: 4.514 GC heap after
{Heap after GC invocations=30 (full 0):
 garbage-first heap   total 130048K, used 73382K [0x0000000080000000, 0x0000000100000000)
  region size 1024K, 4 young (4096K), 4 survivors (4096K)
 Metaspace       used 73727K, committed 74368K, reserved 1114112K
  class space    used 9929K, committed 10240K, reserved 1048576K
}
Event: 4.685 GC heap before
{Heap before GC invocations=30 (full 0):
 garbage-first heap   total 130048K, used 105126K [0x0000000080000000, 0x0000000100000000)
  region size 1024K, 35 young (35840K), 4 survivors (4096K)
 Metaspace       used 76532K, committed 77120K, reserved 1179648K
  class space    used 10314K, committed 10624K, reserved 1048576K
}
Event: 4.688 GC heap after
{Heap after GC invocations=31 (full 0):
 garbage-first heap   total 130048K, used 75335K [0x0000000080000000, 0x0000000100000000)
  region size 1024K, 4 young (4096K), 4 survivors (4096K)
 Metaspace       used 76532K, committed 77120K, reserved 1179648K
  class space    used 10314K, committed 10624K, reserved 1048576K
}
Event: 4.876 GC heap before
{Heap before GC invocations=32 (full 0):
 garbage-first heap   total 132096K, used 107079K [0x0000000080000000, 0x0000000100000000)
  region size 1024K, 35 young (35840K), 4 survivors (4096K)
 Metaspace       used 77959K, committed 78592K, reserved 1179648K
  class space    used 10501K, committed 10816K, reserved 1048576K
}
Event: 4.879 GC heap after
{Heap after GC invocations=33 (full 0):
 garbage-first heap   total 132096K, used 78394K [0x0000000080000000, 0x0000000100000000)
  region size 1024K, 5 young (5120K), 5 survivors (5120K)
 Metaspace       used 77959K, committed 78592K, reserved 1179648K
  class space    used 10501K, committed 10816K, reserved 1048576K
}
Event: 5.035 GC heap before
{Heap before GC invocations=33 (full 0):
 garbage-first heap   total 132096K, used 107066K [0x0000000080000000, 0x0000000100000000)
  region size 1024K, 34 young (34816K), 5 survivors (5120K)
 Metaspace       used 79989K, committed 80576K, reserved 1179648K
  class space    used 10786K, committed 11072K, reserved 1048576K
}

