# JRE version: OpenJDK Runtime Environment (17.0.7) (build 17.0.7+0-b2043.56-10550314)
# Java VM: OpenJDK 64-Bit Server VM (17.0.7+0-b2043.56-10550314, mixed mode, tiered, compressed oops, compressed class ptrs, g1 gc, windows-amd64)
GC Precious Log:
 CPUs: 8 total, 8 available
 Memory: 16303M
 Large Page Support: Disabled
 NUMA Support: Disabled
 Compressed Oops: Enabled (32-bit)
 Heap Region Size: 1M
 Heap Min Capacity: 8M
 Heap Initial Capacity: 256M
 Heap Max Capacity: 2G
 Pre-touch: Disabled
 Parallel Workers: 8
 Concurrent Workers: 2
 Concurrent Refinement Workers: 8
 Periodic GC: Disabled
Heap:
 garbage-first heap   total 260096K, used 104696K [0x0000000080000000, 0x0000000100000000)
  region size 1024K, 33 young (33792K), 9 survivors (9216K)
 Metaspace       used 77664K, committed 78336K, reserved 1179648K
  class space    used 10463K, committed 10752K, reserved 1048576K
GC Heap History (20 events):
Event: 1.980 GC heap before
{Heap before GC invocations=8 (full 0):
 garbage-first heap   total 68608K, used 31557K [0x0000000080000000, 0x0000000100000000)
  region size 1024K, 13 young (13312K), 3 survivors (3072K)
 Metaspace       used 35650K, committed 35968K, reserved 1114112K
  class space    used 4954K, committed 5120K, reserved 1048576K
}
Event: 1.982 GC heap after
{Heap after GC invocations=9 (full 0):
 garbage-first heap   total 68608K, used 24421K [0x0000000080000000, 0x0000000100000000)
  region size 1024K, 3 young (3072K), 3 survivors (3072K)
 Metaspace       used 35650K, committed 35968K, reserved 1114112K
  class space    used 4954K, committed 5120K, reserved 1048576K
}
Event: 2.199 GC heap before
{Heap before GC invocations=10 (full 0):
 garbage-first heap   total 68608K, used 51045K [0x0000000080000000, 0x0000000100000000)
  region size 1024K, 30 young (30720K), 3 survivors (3072K)
 Metaspace       used 41099K, committed 41408K, reserved 1114112K
  class space    used 5477K, committed 5632K, reserved 1048576K
}
Event: 2.202 GC heap after
{Heap after GC invocations=11 (full 0):
 garbage-first heap   total 130048K, used 28120K [0x0000000080000000, 0x0000000100000000)
  region size 1024K, 4 young (4096K), 4 survivors (4096K)
 Metaspace       used 41099K, committed 41408K, reserved 1114112K
  class space    used 5477K, committed 5632K, reserved 1048576K
}
Event: 2.624 GC heap before
{Heap before GC invocations=11 (full 0):
 garbage-first heap   total 130048K, used 101848K [0x0000000080000000, 0x0000000100000000)
  region size 1024K, 70 young (71680K), 4 survivors (4096K)
 Metaspace       used 47475K, committed 47936K, reserved 1114112K
  class space    used 6298K, committed 6528K, reserved 1048576K
}
Event: 2.629 GC heap after
{Heap after GC invocations=12 (full 0):
 garbage-first heap   total 130048K, used 33102K [0x0000000080000000, 0x0000000100000000)
  region size 1024K, 9 young (9216K), 9 survivors (9216K)
 Metaspace       used 47475K, committed 47936K, reserved 1114112K
  class space    used 6298K, committed 6528K, reserved 1048576K
}
Event: 3.139 GC heap before
{Heap before GC invocations=12 (full 0):
 garbage-first heap   total 130048K, used 94542K [0x0000000080000000, 0x0000000100000000)
  region size 1024K, 69 young (70656K), 9 survivors (9216K)
 Metaspace       used 53853K, committed 54336K, reserved 1114112K
  class space    used 7272K, committed 7488K, reserved 1048576K
}
Event: 3.144 GC heap after
{Heap after GC invocations=13 (full 0):
 garbage-first heap   total 130048K, used 37540K [0x0000000080000000, 0x0000000100000000)
  region size 1024K, 5 young (5120K), 5 survivors (5120K)
 Metaspace       used 53853K, committed 54336K, reserved 1114112K
  class space    used 7272K, committed 7488K, reserved 1048576K
}
Event: 3.453 GC heap before
{Heap before GC invocations=13 (full 0):
 garbage-first heap   total 130048K, used 111268K [0x0000000080000000, 0x0000000100000000)
  region size 1024K, 64 young (65536K), 5 survivors (5120K)
 Metaspace       used 57222K, committed 57664K, reserved 1114112K
  class space    used 7713K, committed 7936K, reserved 1048576K
}
Event: 3.456 GC heap after
{Heap after GC invocations=14 (full 0):
 garbage-first heap   total 130048K, used 60319K [0x0000000080000000, 0x0000000100000000)
  region size 1024K, 8 young (8192K), 8 survivors (8192K)
 Metaspace       used 57222K, committed 57664K, reserved 1114112K
  class space    used 7713K, committed 7936K, reserved 1048576K
}
Event: 3.596 GC heap before
{Heap before GC invocations=14 (full 0):
 garbage-first heap   total 130048K, used 84895K [0x0000000080000000, 0x0000000100000000)
  region size 1024K, 33 young (33792K), 8 survivors (8192K)
 Metaspace       used 59787K, committed 60288K, reserved 1114112K
  class space    used 8006K, committed 8192K, reserved 1048576K
}
Event: 3.598 GC heap after
{Heap after GC invocations=15 (full 0):
 garbage-first heap   total 130048K, used 61642K [0x0000000080000000, 0x0000000100000000)
  region size 1024K, 1 young (1024K), 1 survivors (1024K)
 Metaspace       used 59787K, committed 60288K, reserved 1114112K
  class space    used 8006K, committed 8192K, reserved 1048576K
}
Event: 3.908 GC heap before
{Heap before GC invocations=16 (full 0):
 garbage-first heap   total 130048K, used 106698K [0x0000000080000000, 0x0000000100000000)
  region size 1024K, 41 young (41984K), 1 survivors (1024K)
 Metaspace       used 65266K, committed 65856K, reserved 1114112K
  class space    used 8749K, committed 9024K, reserved 1048576K
}
Event: 3.911 GC heap after
{Heap after GC invocations=17 (full 0):
 garbage-first heap   total 130048K, used 68591K [0x0000000080000000, 0x0000000100000000)
  region size 1024K, 5 young (5120K), 5 survivors (5120K)
 Metaspace       used 65266K, committed 65856K, reserved 1114112K
  class space    used 8749K, committed 9024K, reserved 1048576K
}
Event: 3.914 GC heap before
{Heap before GC invocations=17 (full 0):
 garbage-first heap   total 130048K, used 69615K [0x0000000080000000, 0x0000000100000000)
  region size 1024K, 6 young (6144K), 5 survivors (5120K)
 Metaspace       used 65266K, committed 65856K, reserved 1114112K
  class space    used 8749K, committed 9024K, reserved 1048576K
}
Event: 3.916 GC heap after
{Heap after GC invocations=18 (full 0):
 garbage-first heap   total 130048K, used 68590K [0x0000000080000000, 0x0000000100000000)
  region size 1024K, 1 young (1024K), 1 survivors (1024K)
 Metaspace       used 65266K, committed 65856K, reserved 1114112K
  class space    used 8749K, committed 9024K, reserved 1048576K
}
Event: 3.934 GC heap before
{Heap before GC invocations=18 (full 0):
 garbage-first heap   total 130048K, used 71662K [0x0000000080000000, 0x0000000100000000)
  region size 1024K, 5 young (5120K), 1 survivors (1024K)
 Metaspace       used 65273K, committed 65856K, reserved 1114112K
  class space    used 8749K, committed 9024K, reserved 1048576K
}
Event: 3.936 GC heap after
{Heap after GC invocations=19 (full 0):
 garbage-first heap   total 260096K, used 69002K [0x0000000080000000, 0x0000000100000000)
  region size 1024K, 2 young (2048K), 2 survivors (2048K)
 Metaspace       used 65273K, committed 65856K, reserved 1114112K
  class space    used 8749K, committed 9024K, reserved 1048576K
}
Event: 4.646 GC heap before
{Heap before GC invocations=19 (full 0):
 garbage-first heap   total 260096K, used 197002K [0x0000000080000000, 0x0000000100000000)
  region size 1024K, 121 young (123904K), 2 survivors (2048K)
 Metaspace       used 75850K, committed 76416K, reserved 1179648K
  class space    used 10219K, committed 10496K, reserved 1048576K
}
Event: 4.649 GC heap after
{Heap after GC invocations=20 (full 0):
 garbage-first heap   total 260096K, used 81144K [0x0000000080000000, 0x0000000100000000)
  region size 1024K, 9 young (9216K), 9 survivors (9216K)
 Metaspace       used 75850K, committed 76416K, reserved 1179648K
  class space    used 10219K, committed 10496K, reserved 1048576K
}

