# JRE version: OpenJDK Runtime Environment (17.0.7) (build 17.0.7+0-b2043.56-10550314)
# Java VM: OpenJDK 64-Bit Server VM (17.0.7+0-b2043.56-10550314, mixed mode, tiered, compressed oops, compressed class ptrs, g1 gc, windows-amd64)
GC Precious Log:
 CPUs: 8 total, 8 available
 Memory: 16303M
 Large Page Support: Disabled
 NUMA Support: Disabled
 Compressed Oops: Enabled (32-bit)
 Heap Region Size: 1M
 Heap Min Capacity: 8M
 Heap Initial Capacity: 256M
 Heap Max Capacity: 2G
 Pre-touch: Disabled
 Parallel Workers: 8
 Concurrent Workers: 2
 Concurrent Refinement Workers: 8
 Periodic GC: Disabled
Heap:
 garbage-first heap   total 454656K, used 235760K [0x0000000080000000, 0x0000000100000000)
  region size 1024K, 67 young (68608K), 7 survivors (7168K)
 Metaspace       used 139069K, committed 140608K, reserved 1179648K
  class space    used 19202K, committed 19904K, reserved 1048576K
GC Heap History (20 events):
Event: 374.840 GC heap before
{Heap before GC invocations=59 (full 0):
 garbage-first heap   total 378880K, used 277838K [0x0000000080000000, 0x0000000100000000)
  region size 1024K, 113 young (115712K), 3 survivors (3072K)
 Metaspace       used 131733K, committed 132864K, reserved 1179648K
  class space    used 18357K, committed 18880K, reserved 1048576K
}
Event: 374.848 GC heap after
{Heap after GC invocations=60 (full 0):
 garbage-first heap   total 378880K, used 177200K [0x0000000080000000, 0x0000000100000000)
  region size 1024K, 13 young (13312K), 13 survivors (13312K)
 Metaspace       used 131733K, committed 132864K, reserved 1179648K
  class space    used 18357K, committed 18880K, reserved 1048576K
}
Event: 679.919 GC heap before
{Heap before GC invocations=61 (full 0):
 garbage-first heap   total 378880K, used 346160K [0x0000000080000000, 0x0000000100000000)
  region size 1024K, 141 young (144384K), 13 survivors (13312K)
 Metaspace       used 134245K, committed 135360K, reserved 1179648K
  class space    used 18650K, committed 19200K, reserved 1048576K
}
Event: 679.943 GC heap after
{Heap after GC invocations=62 (full 0):
 garbage-first heap   total 386048K, used 192757K [0x0000000080000000, 0x0000000100000000)
  region size 1024K, 18 young (18432K), 18 survivors (18432K)
 Metaspace       used 134245K, committed 135360K, reserved 1179648K
  class space    used 18650K, committed 19200K, reserved 1048576K
}
Event: 679.979 GC heap before
{Heap before GC invocations=62 (full 0):
 garbage-first heap   total 386048K, used 193781K [0x0000000080000000, 0x0000000100000000)
  region size 1024K, 19 young (19456K), 18 survivors (18432K)
 Metaspace       used 134358K, committed 135488K, reserved 1179648K
  class space    used 18661K, committed 19200K, reserved 1048576K
}
Event: 679.997 GC heap after
{Heap after GC invocations=63 (full 0):
 garbage-first heap   total 386048K, used 179964K [0x0000000080000000, 0x0000000100000000)
  region size 1024K, 2 young (2048K), 2 survivors (2048K)
 Metaspace       used 134358K, committed 135488K, reserved 1179648K
  class space    used 18661K, committed 19200K, reserved 1048576K
}
Event: 680.220 GC heap before
{Heap before GC invocations=63 (full 0):
 garbage-first heap   total 386048K, used 202492K [0x0000000080000000, 0x0000000100000000)
  region size 1024K, 25 young (25600K), 2 survivors (2048K)
 Metaspace       used 134635K, committed 135744K, reserved 1179648K
  class space    used 18680K, committed 19264K, reserved 1048576K
}
Event: 680.225 GC heap after
{Heap after GC invocations=64 (full 0):
 garbage-first heap   total 454656K, used 187744K [0x0000000080000000, 0x0000000100000000)
  region size 1024K, 9 young (9216K), 9 survivors (9216K)
 Metaspace       used 134635K, committed 135744K, reserved 1179648K
  class space    used 18680K, committed 19264K, reserved 1048576K
}
Event: 748.114 GC heap before
{Heap before GC invocations=65 (full 0):
 garbage-first heap   total 454656K, used 403808K [0x0000000080000000, 0x0000000100000000)
  region size 1024K, 171 young (175104K), 9 survivors (9216K)
 Metaspace       used 138101K, committed 139328K, reserved 1179648K
  class space    used 19049K, committed 19648K, reserved 1048576K
}
Event: 748.122 GC heap after
{Heap after GC invocations=66 (full 0):
 garbage-first heap   total 454656K, used 179449K [0x0000000080000000, 0x0000000100000000)
  region size 1024K, 13 young (13312K), 13 survivors (13312K)
 Metaspace       used 138101K, committed 139328K, reserved 1179648K
  class space    used 19049K, committed 19648K, reserved 1048576K
}
Event: 748.146 GC heap before
{Heap before GC invocations=66 (full 0):
 garbage-first heap   total 454656K, used 188665K [0x0000000080000000, 0x0000000100000000)
  region size 1024K, 22 young (22528K), 13 survivors (13312K)
 Metaspace       used 138101K, committed 139328K, reserved 1179648K
  class space    used 19049K, committed 19648K, reserved 1048576K
}
Event: 748.151 GC heap after
{Heap after GC invocations=67 (full 0):
 garbage-first heap   total 454656K, used 173695K [0x0000000080000000, 0x0000000100000000)
  region size 1024K, 3 young (3072K), 3 survivors (3072K)
 Metaspace       used 138101K, committed 139328K, reserved 1179648K
  class space    used 19049K, committed 19648K, reserved 1048576K
}
Event: 748.202 GC heap before
{Heap before GC invocations=67 (full 0):
 garbage-first heap   total 454656K, used 187007K [0x0000000080000000, 0x0000000100000000)
  region size 1024K, 17 young (17408K), 3 survivors (3072K)
 Metaspace       used 138144K, committed 139328K, reserved 1179648K
  class space    used 19058K, committed 19648K, reserved 1048576K
}
Event: 748.205 GC heap after
{Heap after GC invocations=68 (full 0):
 garbage-first heap   total 454656K, used 174697K [0x0000000080000000, 0x0000000100000000)
  region size 1024K, 4 young (4096K), 4 survivors (4096K)
 Metaspace       used 138144K, committed 139328K, reserved 1179648K
  class space    used 19058K, committed 19648K, reserved 1048576K
}
Event: 1343.510 GC heap before
{Heap before GC invocations=69 (full 0):
 garbage-first heap   total 454656K, used 405097K [0x0000000080000000, 0x0000000100000000)
  region size 1024K, 177 young (181248K), 4 survivors (4096K)
 Metaspace       used 138893K, committed 140352K, reserved 1179648K
  class space    used 19200K, committed 19904K, reserved 1048576K
}
Event: 1343.514 GC heap after
{Heap after GC invocations=70 (full 0):
 garbage-first heap   total 454656K, used 169764K [0x0000000080000000, 0x0000000100000000)
  region size 1024K, 10 young (10240K), 10 survivors (10240K)
 Metaspace       used 138893K, committed 140352K, reserved 1179648K
  class space    used 19200K, committed 19904K, reserved 1048576K
}
Event: 1343.578 GC heap before
{Heap before GC invocations=70 (full 0):
 garbage-first heap   total 454656K, used 182052K [0x0000000080000000, 0x0000000100000000)
  region size 1024K, 22 young (22528K), 10 survivors (10240K)
 Metaspace       used 138951K, committed 140416K, reserved 1179648K
  class space    used 19201K, committed 19904K, reserved 1048576K
}
Event: 1343.585 GC heap after
{Heap after GC invocations=71 (full 0):
 garbage-first heap   total 454656K, used 153341K [0x0000000080000000, 0x0000000100000000)
  region size 1024K, 3 young (3072K), 3 survivors (3072K)
 Metaspace       used 138951K, committed 140416K, reserved 1179648K
  class space    used 19201K, committed 19904K, reserved 1048576K
}
Event: 1343.944 GC heap before
{Heap before GC invocations=71 (full 0):
 garbage-first heap   total 454656K, used 180989K [0x0000000080000000, 0x0000000100000000)
  region size 1024K, 32 young (32768K), 3 survivors (3072K)
 Metaspace       used 139005K, committed 140480K, reserved 1179648K
  class space    used 19202K, committed 19904K, reserved 1048576K
}
Event: 1343.948 GC heap after
{Heap after GC invocations=72 (full 0):
 garbage-first heap   total 454656K, used 156912K [0x0000000080000000, 0x0000000100000000)
  region size 1024K, 7 young (7168K), 7 survivors (7168K)
 Metaspace       used 139005K, committed 140480K, reserved 1179648K
  class space    used 19202K, committed 19904K, reserved 1048576K
}

