# JRE version: OpenJDK Runtime Environment (17.0.7) (build 17.0.7+0-b2043.56-10550314)
# Java VM: OpenJDK 64-Bit Server VM (17.0.7+0-b2043.56-10550314, mixed mode, tiered, compressed oops, compressed class ptrs, g1 gc, windows-amd64)
GC Precious Log:
 CPUs: 8 total, 8 available
 Memory: 16303M
 Large Page Support: Disabled
 NUMA Support: Disabled
 Compressed Oops: Enabled (32-bit)
 Heap Region Size: 1M
 Heap Min Capacity: 8M
 Heap Initial Capacity: 256M
 Heap Max Capacity: 2G
 Pre-touch: Disabled
 Parallel Workers: 8
 Concurrent Workers: 2
 Concurrent Refinement Workers: 8
 Periodic GC: Disabled
Heap:
 garbage-first heap   total 312320K, used 244967K [0x0000000080000000, 0x0000000100000000)
  region size 1024K, 2 young (2048K), 2 survivors (2048K)
 Metaspace       used 136408K, committed 137472K, reserved 1179648K
  class space    used 18726K, committed 19264K, reserved 1048576K
GC Heap History (20 events):
Event: 242.129 GC heap after
{Heap after GC invocations=43 (full 0):
 garbage-first heap   total 312320K, used 166773K [0x0000000080000000, 0x0000000100000000)
  region size 1024K, 3 young (3072K), 3 survivors (3072K)
 Metaspace       used 132750K, committed 133696K, reserved 1179648K
  class space    used 18382K, committed 18880K, reserved 1048576K
}
Event: 335.413 GC heap before
{Heap before GC invocations=43 (full 0):
 garbage-first heap   total 312320K, used 278389K [0x0000000080000000, 0x0000000100000000)
  region size 1024K, 86 young (88064K), 3 survivors (3072K)
 Metaspace       used 134913K, committed 135936K, reserved 1179648K
  class space    used 18644K, committed 19136K, reserved 1048576K
}
Event: 335.418 GC heap after
{Heap after GC invocations=44 (full 0):
 garbage-first heap   total 312320K, used 174438K [0x0000000080000000, 0x0000000100000000)
  region size 1024K, 10 young (10240K), 10 survivors (10240K)
 Metaspace       used 134913K, committed 135936K, reserved 1179648K
  class space    used 18644K, committed 19136K, reserved 1048576K
}
Event: 457.410 GC heap before
{Heap before GC invocations=44 (full 0):
 garbage-first heap   total 312320K, used 279910K [0x0000000080000000, 0x0000000100000000)
  region size 1024K, 87 young (89088K), 10 survivors (10240K)
 Metaspace       used 135454K, committed 136448K, reserved 1179648K
  class space    used 18679K, committed 19200K, reserved 1048576K
}
Event: 457.415 GC heap after
{Heap after GC invocations=45 (full 0):
 garbage-first heap   total 312320K, used 178693K [0x0000000080000000, 0x0000000100000000)
  region size 1024K, 6 young (6144K), 6 survivors (6144K)
 Metaspace       used 135454K, committed 136448K, reserved 1179648K
  class space    used 18679K, committed 19200K, reserved 1048576K
}
Event: 457.749 GC heap before
{Heap before GC invocations=45 (full 0):
 garbage-first heap   total 312320K, used 256517K [0x0000000080000000, 0x0000000100000000)
  region size 1024K, 81 young (82944K), 6 survivors (6144K)
 Metaspace       used 135721K, committed 136768K, reserved 1179648K
  class space    used 18689K, committed 19200K, reserved 1048576K
}
Event: 457.758 GC heap after
{Heap after GC invocations=46 (full 0):
 garbage-first heap   total 312320K, used 205123K [0x0000000080000000, 0x0000000100000000)
  region size 1024K, 11 young (11264K), 11 survivors (11264K)
 Metaspace       used 135721K, committed 136768K, reserved 1179648K
  class space    used 18689K, committed 19200K, reserved 1048576K
}
Event: 458.479 GC heap before
{Heap before GC invocations=46 (full 0):
 garbage-first heap   total 312320K, used 263491K [0x0000000080000000, 0x0000000100000000)
  region size 1024K, 52 young (53248K), 11 survivors (11264K)
 Metaspace       used 135894K, committed 136896K, reserved 1179648K
  class space    used 18708K, committed 19200K, reserved 1048576K
}
Event: 458.486 GC heap after
{Heap after GC invocations=47 (full 0):
 garbage-first heap   total 312320K, used 213389K [0x0000000080000000, 0x0000000100000000)
  region size 1024K, 7 young (7168K), 7 survivors (7168K)
 Metaspace       used 135894K, committed 136896K, reserved 1179648K
  class space    used 18708K, committed 19200K, reserved 1048576K
}
Event: 500.835 GC heap before
{Heap before GC invocations=47 (full 0):
 garbage-first heap   total 312320K, used 277901K [0x0000000080000000, 0x0000000100000000)
  region size 1024K, 44 young (45056K), 7 survivors (7168K)
 Metaspace       used 136081K, committed 137152K, reserved 1179648K
  class space    used 18721K, committed 19264K, reserved 1048576K
}
Event: 500.840 GC heap after
{Heap after GC invocations=48 (full 0):
 garbage-first heap   total 312320K, used 211214K [0x0000000080000000, 0x0000000100000000)
  region size 1024K, 2 young (2048K), 2 survivors (2048K)
 Metaspace       used 136081K, committed 137152K, reserved 1179648K
  class space    used 18721K, committed 19264K, reserved 1048576K
}
Event: 699.911 GC heap before
{Heap before GC invocations=48 (full 0):
 garbage-first heap   total 312320K, used 253198K [0x0000000080000000, 0x0000000100000000)
  region size 1024K, 44 young (45056K), 2 survivors (2048K)
 Metaspace       used 136186K, committed 137280K, reserved 1179648K
  class space    used 18724K, committed 19264K, reserved 1048576K
}
Event: 699.914 GC heap after
{Heap after GC invocations=49 (full 0):
 garbage-first heap   total 312320K, used 214195K [0x0000000080000000, 0x0000000100000000)
  region size 1024K, 5 young (5120K), 5 survivors (5120K)
 Metaspace       used 136186K, committed 137280K, reserved 1179648K
  class space    used 18724K, committed 19264K, reserved 1048576K
}
Event: 700.101 GC heap before
{Heap before GC invocations=49 (full 0):
 garbage-first heap   total 312320K, used 258227K [0x0000000080000000, 0x0000000100000000)
  region size 1024K, 47 young (48128K), 5 survivors (5120K)
 Metaspace       used 136309K, committed 137408K, reserved 1179648K
  class space    used 18726K, committed 19264K, reserved 1048576K
}
Event: 700.108 GC heap after
{Heap after GC invocations=50 (full 0):
 garbage-first heap   total 312320K, used 231652K [0x0000000080000000, 0x0000000100000000)
  region size 1024K, 6 young (6144K), 6 survivors (6144K)
 Metaspace       used 136309K, committed 137408K, reserved 1179648K
  class space    used 18726K, committed 19264K, reserved 1048576K
}
Event: 700.176 GC heap before
{Heap before GC invocations=50 (full 0):
 garbage-first heap   total 312320K, used 255204K [0x0000000080000000, 0x0000000100000000)
  region size 1024K, 30 young (30720K), 6 survivors (6144K)
 Metaspace       used 136345K, committed 137408K, reserved 1179648K
  class space    used 18726K, committed 19264K, reserved 1048576K
}
Event: 700.182 GC heap after
{Heap after GC invocations=51 (full 0):
 garbage-first heap   total 312320K, used 243217K [0x0000000080000000, 0x0000000100000000)
  region size 1024K, 4 young (4096K), 4 survivors (4096K)
 Metaspace       used 136345K, committed 137408K, reserved 1179648K
  class space    used 18726K, committed 19264K, reserved 1048576K
}
Event: 700.200 GC heap before
{Heap before GC invocations=51 (full 0):
 garbage-first heap   total 312320K, used 258577K [0x0000000080000000, 0x0000000100000000)
  region size 1024K, 7 young (7168K), 4 survivors (4096K)
 Metaspace       used 136345K, committed 137408K, reserved 1179648K
  class space    used 18726K, committed 19264K, reserved 1048576K
}
Event: 700.203 GC heap after
{Heap after GC invocations=52 (full 0):
 garbage-first heap   total 312320K, used 248472K [0x0000000080000000, 0x0000000100000000)
  region size 1024K, 1 young (1024K), 1 survivors (1024K)
 Metaspace       used 136345K, committed 137408K, reserved 1179648K
  class space    used 18726K, committed 19264K, reserved 1048576K
}
Event: 700.274 GC heap before
{Heap before GC invocations=52 (full 0):
 garbage-first heap   total 312320K, used 266904K [0x0000000080000000, 0x0000000100000000)
  region size 1024K, 16 young (16384K), 1 survivors (1024K)
 Metaspace       used 136408K, committed 137472K, reserved 1179648K
  class space    used 18726K, committed 19264K, reserved 1048576K
}

