# JRE version: OpenJDK Runtime Environment (17.0.7) (build 17.0.7+0-b2043.56-10550314)
# Java VM: OpenJDK 64-Bit Server VM (17.0.7+0-b2043.56-10550314, mixed mode, tiered, compressed oops, compressed class ptrs, g1 gc, windows-amd64)
GC Precious Log:
 CPUs: 8 total, 8 available
 Memory: 16303M
 Large Page Support: Disabled
 NUMA Support: Disabled
 Compressed Oops: Enabled (32-bit)
 Heap Region Size: 1M
 Heap Min Capacity: 8M
 Heap Initial Capacity: 256M
 Heap Max Capacity: 2G
 Pre-touch: Disabled
 Parallel Workers: 8
 Concurrent Workers: 2
 Concurrent Refinement Workers: 8
 Periodic GC: Disabled
Heap:
 garbage-first heap   total 395264K, used 318904K [0x0000000080000000, 0x0000000100000000)
  region size 1024K, 119 young (121856K), 4 survivors (4096K)
 Metaspace       used 133361K, committed 134336K, reserved 1179648K
  class space    used 18093K, committed 18560K, reserved 1048576K
GC Heap History (20 events):
Event: 7.914 GC heap before
{Heap before GC invocations=36 (full 0):
 garbage-first heap   total 226304K, used 190736K [0x0000000080000000, 0x0000000100000000)
  region size 1024K, 55 young (56320K), 10 survivors (10240K)
 Metaspace       used 105155K, committed 105920K, reserved 1179648K
  class space    used 14414K, committed 14784K, reserved 1048576K
}
Event: 7.922 GC heap after
{Heap after GC invocations=37 (full 0):
 garbage-first heap   total 226304K, used 135420K [0x0000000080000000, 0x0000000100000000)
  region size 1024K, 7 young (7168K), 7 survivors (7168K)
 Metaspace       used 105155K, committed 105920K, reserved 1179648K
  class space    used 14414K, committed 14784K, reserved 1048576K
}
Event: 8.060 GC heap before
{Heap before GC invocations=37 (full 0):
 garbage-first heap   total 226304K, used 176380K [0x0000000080000000, 0x0000000100000000)
  region size 1024K, 48 young (49152K), 7 survivors (7168K)
 Metaspace       used 105660K, committed 106368K, reserved 1179648K
  class space    used 14453K, committed 14784K, reserved 1048576K
}
Event: 8.065 GC heap after
{Heap after GC invocations=38 (full 0):
 garbage-first heap   total 395264K, used 139508K [0x0000000080000000, 0x0000000100000000)
  region size 1024K, 5 young (5120K), 5 survivors (5120K)
 Metaspace       used 105660K, committed 106368K, reserved 1179648K
  class space    used 14453K, committed 14784K, reserved 1048576K
}
Event: 9.374 GC heap before
{Heap before GC invocations=38 (full 0):
 garbage-first heap   total 395264K, used 308468K [0x0000000080000000, 0x0000000100000000)
  region size 1024K, 171 young (175104K), 5 survivors (5120K)
 Metaspace       used 109118K, committed 109888K, reserved 1179648K
  class space    used 14837K, committed 15168K, reserved 1048576K
}
Event: 9.381 GC heap after
{Heap after GC invocations=39 (full 0):
 garbage-first heap   total 395264K, used 150845K [0x0000000080000000, 0x0000000100000000)
  region size 1024K, 16 young (16384K), 16 survivors (16384K)
 Metaspace       used 109118K, committed 109888K, reserved 1179648K
  class space    used 14837K, committed 15168K, reserved 1048576K
}
Event: 12.856 GC heap before
{Heap before GC invocations=39 (full 0):
 garbage-first heap   total 395264K, used 230717K [0x0000000080000000, 0x0000000100000000)
  region size 1024K, 96 young (98304K), 16 survivors (16384K)
 Metaspace       used 117246K, committed 118080K, reserved 1179648K
  class space    used 15991K, committed 16448K, reserved 1048576K
}
Event: 12.862 GC heap after
{Heap after GC invocations=40 (full 0):
 garbage-first heap   total 395264K, used 154884K [0x0000000080000000, 0x0000000100000000)
  region size 1024K, 5 young (5120K), 5 survivors (5120K)
 Metaspace       used 117246K, committed 118080K, reserved 1179648K
  class space    used 15991K, committed 16448K, reserved 1048576K
}
Event: 126.771 GC heap before
{Heap before GC invocations=41 (full 0):
 garbage-first heap   total 395264K, used 342276K [0x0000000080000000, 0x0000000100000000)
  region size 1024K, 156 young (159744K), 5 survivors (5120K)
 Metaspace       used 129255K, committed 130176K, reserved 1179648K
  class space    used 17851K, committed 18304K, reserved 1048576K
}
Event: 126.778 GC heap after
{Heap after GC invocations=42 (full 0):
 garbage-first heap   total 395264K, used 152510K [0x0000000080000000, 0x0000000100000000)
  region size 1024K, 11 young (11264K), 11 survivors (11264K)
 Metaspace       used 129255K, committed 130176K, reserved 1179648K
  class space    used 17851K, committed 18304K, reserved 1048576K
}
Event: 126.843 GC heap before
{Heap before GC invocations=42 (full 0):
 garbage-first heap   total 395264K, used 160702K [0x0000000080000000, 0x0000000100000000)
  region size 1024K, 19 young (19456K), 11 survivors (11264K)
 Metaspace       used 129413K, committed 130304K, reserved 1179648K
  class space    used 17854K, committed 18304K, reserved 1048576K
}
Event: 126.849 GC heap after
{Heap after GC invocations=43 (full 0):
 garbage-first heap   total 395264K, used 148619K [0x0000000080000000, 0x0000000100000000)
  region size 1024K, 2 young (2048K), 2 survivors (2048K)
 Metaspace       used 129413K, committed 130304K, reserved 1179648K
  class space    used 17854K, committed 18304K, reserved 1048576K
}
Event: 128.072 GC heap before
{Heap before GC invocations=43 (full 0):
 garbage-first heap   total 395264K, used 221323K [0x0000000080000000, 0x0000000100000000)
  region size 1024K, 75 young (76800K), 2 survivors (2048K)
 Metaspace       used 130142K, committed 131072K, reserved 1179648K
  class space    used 17891K, committed 18368K, reserved 1048576K
}
Event: 128.076 GC heap after
{Heap after GC invocations=44 (full 0):
 garbage-first heap   total 395264K, used 154379K [0x0000000080000000, 0x0000000100000000)
  region size 1024K, 8 young (8192K), 8 survivors (8192K)
 Metaspace       used 130142K, committed 131072K, reserved 1179648K
  class space    used 17891K, committed 18368K, reserved 1048576K
}
Event: 222.364 GC heap before
{Heap before GC invocations=45 (full 0):
 garbage-first heap   total 395264K, used 367371K [0x0000000080000000, 0x0000000100000000)
  region size 1024K, 157 young (160768K), 8 survivors (8192K)
 Metaspace       used 130721K, committed 131648K, reserved 1179648K
  class space    used 17923K, committed 18368K, reserved 1048576K
}
Event: 222.372 GC heap after
{Heap after GC invocations=46 (full 0):
 garbage-first heap   total 395264K, used 163829K [0x0000000080000000, 0x0000000100000000)
  region size 1024K, 17 young (17408K), 17 survivors (17408K)
 Metaspace       used 130721K, committed 131648K, reserved 1179648K
  class space    used 17923K, committed 18368K, reserved 1048576K
}
Event: 222.380 GC heap before
{Heap before GC invocations=46 (full 0):
 garbage-first heap   total 395264K, used 165877K [0x0000000080000000, 0x0000000100000000)
  region size 1024K, 19 young (19456K), 17 survivors (17408K)
 Metaspace       used 130730K, committed 131648K, reserved 1179648K
  class space    used 17924K, committed 18368K, reserved 1048576K
}
Event: 222.388 GC heap after
{Heap after GC invocations=47 (full 0):
 garbage-first heap   total 395264K, used 154394K [0x0000000080000000, 0x0000000100000000)
  region size 1024K, 3 young (3072K), 3 survivors (3072K)
 Metaspace       used 130730K, committed 131648K, reserved 1179648K
  class space    used 17924K, committed 18368K, reserved 1048576K
}
Event: 223.997 GC heap before
{Heap before GC invocations=47 (full 0):
 garbage-first heap   total 395264K, used 273178K [0x0000000080000000, 0x0000000100000000)
  region size 1024K, 121 young (123904K), 3 survivors (3072K)
 Metaspace       used 131967K, committed 132928K, reserved 1179648K
  class space    used 18047K, committed 18496K, reserved 1048576K
}
Event: 224.000 GC heap after
{Heap after GC invocations=48 (full 0):
 garbage-first heap   total 395264K, used 156088K [0x0000000080000000, 0x0000000100000000)
  region size 1024K, 4 young (4096K), 4 survivors (4096K)
 Metaspace       used 131967K, committed 132928K, reserved 1179648K
  class space    used 18047K, committed 18496K, reserved 1048576K
}

