# JRE version: OpenJDK Runtime Environment (17.0.7) (build 17.0.7+0-b2043.56-10550314)
# Java VM: OpenJDK 64-Bit Server VM (17.0.7+0-b2043.56-10550314, mixed mode, tiered, compressed oops, compressed class ptrs, g1 gc, windows-amd64)
GC Precious Log:
 CPUs: 8 total, 8 available
 Memory: 16303M
 Large Page Support: Disabled
 NUMA Support: Disabled
 Compressed Oops: Enabled (Zero based)
 Heap Region Size: 2M
 Heap Min Capacity: 8M
 Heap Initial Capacity: 256M
 Heap Max Capacity: 4076M
 Pre-touch: Disabled
 Parallel Workers: 8
 Concurrent Workers: 2
 Concurrent Refinement Workers: 8
 Periodic GC: Disabled
Heap:
 garbage-first heap   total 380928K, used 165046K [0x0000000701400000, 0x0000000800000000)
  region size 2048K, 37 young (75776K), 4 survivors (8192K)
 Metaspace       used 77175K, committed 77568K, reserved 1179648K
  class space    used 8327K, committed 8512K, reserved 1048576K
GC Heap History (20 events):
Event: 2.035 GC heap before
{Heap before GC invocations=12 (full 0):
 garbage-first heap   total 75776K, used 52641K [0x0000000701400000, 0x0000000800000000)
  region size 2048K, 13 young (26624K), 2 survivors (4096K)
 Metaspace       used 49171K, committed 49408K, reserved 1114112K
  class space    used 5804K, committed 5888K, reserved 1048576K
}
Event: 2.046 GC heap after
{Heap after GC invocations=13 (full 0):
 garbage-first heap   total 137216K, used 37505K [0x0000000701400000, 0x0000000800000000)
  region size 2048K, 2 young (4096K), 2 survivors (4096K)
 Metaspace       used 49171K, committed 49408K, reserved 1114112K
  class space    used 5804K, committed 5888K, reserved 1048576K
}
Event: 2.492 GC heap before
{Heap before GC invocations=13 (full 0):
 garbage-first heap   total 137216K, used 88705K [0x0000000701400000, 0x0000000800000000)
  region size 2048K, 27 young (55296K), 2 survivors (4096K)
 Metaspace       used 53713K, committed 54016K, reserved 1114112K
  class space    used 6321K, committed 6464K, reserved 1048576K
}
Event: 2.502 GC heap after
{Heap after GC invocations=14 (full 0):
 garbage-first heap   total 137216K, used 48463K [0x0000000701400000, 0x0000000800000000)
  region size 2048K, 4 young (8192K), 4 survivors (8192K)
 Metaspace       used 53713K, committed 54016K, reserved 1114112K
  class space    used 6321K, committed 6464K, reserved 1048576K
}
Event: 3.012 GC heap before
{Heap before GC invocations=14 (full 0):
 garbage-first heap   total 137216K, used 91471K [0x0000000701400000, 0x0000000800000000)
  region size 2048K, 25 young (51200K), 4 survivors (8192K)
 Metaspace       used 55438K, committed 55744K, reserved 1114112K
  class space    used 6444K, committed 6592K, reserved 1048576K
}
Event: 3.023 GC heap after
{Heap after GC invocations=15 (full 0):
 garbage-first heap   total 137216K, used 55568K [0x0000000701400000, 0x0000000800000000)
  region size 2048K, 4 young (8192K), 4 survivors (8192K)
 Metaspace       used 55438K, committed 55744K, reserved 1114112K
  class space    used 6444K, committed 6592K, reserved 1048576K
}
Event: 3.336 GC heap before
{Heap before GC invocations=15 (full 0):
 garbage-first heap   total 137216K, used 96528K [0x0000000701400000, 0x0000000800000000)
  region size 2048K, 24 young (49152K), 4 survivors (8192K)
 Metaspace       used 57599K, committed 57856K, reserved 1114112K
  class space    used 6607K, committed 6720K, reserved 1048576K
}
Event: 3.346 GC heap after
{Heap after GC invocations=16 (full 0):
 garbage-first heap   total 137216K, used 62811K [0x0000000701400000, 0x0000000800000000)
  region size 2048K, 3 young (6144K), 3 survivors (6144K)
 Metaspace       used 57599K, committed 57856K, reserved 1114112K
  class space    used 6607K, committed 6720K, reserved 1048576K
}
Event: 3.802 GC heap before
{Heap before GC invocations=16 (full 0):
 garbage-first heap   total 137216K, used 99675K [0x0000000701400000, 0x0000000800000000)
  region size 2048K, 21 young (43008K), 3 survivors (6144K)
 Metaspace       used 60068K, committed 60352K, reserved 1114112K
  class space    used 6795K, committed 6912K, reserved 1048576K
}
Event: 3.811 GC heap after
{Heap after GC invocations=17 (full 0):
 garbage-first heap   total 190464K, used 69108K [0x0000000701400000, 0x0000000800000000)
  region size 2048K, 3 young (6144K), 3 survivors (6144K)
 Metaspace       used 60068K, committed 60352K, reserved 1114112K
  class space    used 6795K, committed 6912K, reserved 1048576K
}
Event: 3.873 GC heap before
{Heap before GC invocations=17 (full 0):
 garbage-first heap   total 190464K, used 81396K [0x0000000701400000, 0x0000000800000000)
  region size 2048K, 10 young (20480K), 3 survivors (6144K)
 Metaspace       used 60187K, committed 60416K, reserved 1114112K
  class space    used 6795K, committed 6912K, reserved 1048576K
}
Event: 3.881 GC heap after
{Heap after GC invocations=18 (full 0):
 garbage-first heap   total 190464K, used 72852K [0x0000000701400000, 0x0000000800000000)
  region size 2048K, 5 young (10240K), 5 survivors (10240K)
 Metaspace       used 60187K, committed 60416K, reserved 1114112K
  class space    used 6795K, committed 6912K, reserved 1048576K
}
Event: 4.230 GC heap before
{Heap before GC invocations=19 (full 0):
 garbage-first heap   total 190464K, used 130196K [0x0000000701400000, 0x0000000800000000)
  region size 2048K, 33 young (67584K), 5 survivors (10240K)
 Metaspace       used 62798K, committed 63168K, reserved 1114112K
  class space    used 7054K, committed 7232K, reserved 1048576K
}
Event: 4.242 GC heap after
{Heap after GC invocations=20 (full 0):
 garbage-first heap   total 190464K, used 81314K [0x0000000701400000, 0x0000000800000000)
  region size 2048K, 5 young (10240K), 5 survivors (10240K)
 Metaspace       used 62798K, committed 63168K, reserved 1114112K
  class space    used 7054K, committed 7232K, reserved 1048576K
}
Event: 4.259 GC heap before
{Heap before GC invocations=20 (full 0):
 garbage-first heap   total 190464K, used 81314K [0x0000000701400000, 0x0000000800000000)
  region size 2048K, 6 young (12288K), 5 survivors (10240K)
 Metaspace       used 63276K, committed 63552K, reserved 1114112K
  class space    used 7096K, committed 7232K, reserved 1048576K
}
Event: 4.267 GC heap after
{Heap after GC invocations=21 (full 0):
 garbage-first heap   total 190464K, used 82868K [0x0000000701400000, 0x0000000800000000)
  region size 2048K, 1 young (2048K), 1 survivors (2048K)
 Metaspace       used 63276K, committed 63552K, reserved 1114112K
  class space    used 7096K, committed 7232K, reserved 1048576K
}
Event: 4.789 GC heap before
{Heap before GC invocations=21 (full 0):
 garbage-first heap   total 190464K, used 136116K [0x0000000701400000, 0x0000000800000000)
  region size 2048K, 27 young (55296K), 1 survivors (2048K)
 Metaspace       used 67654K, committed 67968K, reserved 1114112K
  class space    used 7478K, committed 7616K, reserved 1048576K
}
Event: 4.798 GC heap after
{Heap after GC invocations=22 (full 0):
 garbage-first heap   total 190464K, used 90965K [0x0000000701400000, 0x0000000800000000)
  region size 2048K, 4 young (8192K), 4 survivors (8192K)
 Metaspace       used 67654K, committed 67968K, reserved 1114112K
  class space    used 7478K, committed 7616K, reserved 1048576K
}
Event: 5.032 GC heap before
{Heap before GC invocations=22 (full 0):
 garbage-first heap   total 190464K, used 140117K [0x0000000701400000, 0x0000000800000000)
  region size 2048K, 28 young (57344K), 4 survivors (8192K)
 Metaspace       used 69135K, committed 69504K, reserved 1114112K
  class space    used 7551K, committed 7744K, reserved 1048576K
}
Event: 5.043 GC heap after
{Heap after GC invocations=23 (full 0):
 garbage-first heap   total 380928K, used 99510K [0x0000000701400000, 0x0000000800000000)
  region size 2048K, 4 young (8192K), 4 survivors (8192K)
 Metaspace       used 69135K, committed 69504K, reserved 1114112K
  class space    used 7551K, committed 7744K, reserved 1048576K
}

