# JRE version: OpenJDK Runtime Environment (17.0.7) (build 17.0.7+0-b2043.56-10550314)
# Java VM: OpenJDK 64-Bit Server VM (17.0.7+0-b2043.56-10550314, mixed mode, tiered, compressed oops, compressed class ptrs, g1 gc, windows-amd64)
GC Precious Log:
 CPUs: 8 total, 8 available
 Memory: 16303M
 Large Page Support: Disabled
 NUMA Support: Disabled
 Compressed Oops: Enabled (Zero based)
 Heap Region Size: 2M
 Heap Min Capacity: 8M
 Heap Initial Capacity: 256M
 Heap Max Capacity: 4076M
 Pre-touch: Disabled
 Parallel Workers: 8
 Concurrent Workers: 2
 Concurrent Refinement Workers: 8
 Periodic GC: Disabled
Heap:
 garbage-first heap   total 126976K, used 46852K [0x0000000701400000, 0x0000000800000000)
  region size 2048K, 1 young (2048K), 1 survivors (2048K)
 Metaspace       used 49187K, committed 49472K, reserved 1114112K
  class space    used 5711K, committed 5824K, reserved 1048576K
GC Heap History (20 events):
Event: 1.149 GC heap after
{Heap after GC invocations=7 (full 0):
 garbage-first heap   total 36864K, used 16566K [0x0000000701400000, 0x0000000800000000)
  region size 2048K, 1 young (2048K), 1 survivors (2048K)
 Metaspace       used 29337K, committed 29504K, reserved 1114112K
  class space    used 3719K, committed 3776K, reserved 1048576K
}
Event: 1.254 GC heap before
{Heap before GC invocations=7 (full 0):
 garbage-first heap   total 36864K, used 24758K [0x0000000701400000, 0x0000000800000000)
  region size 2048K, 5 young (10240K), 1 survivors (2048K)
 Metaspace       used 30961K, committed 31232K, reserved 1114112K
  class space    used 3902K, committed 4032K, reserved 1048576K
}
Event: 1.257 GC heap after
{Heap after GC invocations=8 (full 0):
 garbage-first heap   total 149504K, used 17722K [0x0000000701400000, 0x0000000800000000)
  region size 2048K, 1 young (2048K), 1 survivors (2048K)
 Metaspace       used 30961K, committed 31232K, reserved 1114112K
  class space    used 3902K, committed 4032K, reserved 1048576K
}
Event: 1.453 GC heap before
{Heap before GC invocations=8 (full 0):
 garbage-first heap   total 149504K, used 40250K [0x0000000701400000, 0x0000000800000000)
  region size 2048K, 13 young (26624K), 1 survivors (2048K)
 Metaspace       used 35781K, committed 35968K, reserved 1114112K
  class space    used 4331K, committed 4416K, reserved 1048576K
}
Event: 1.456 GC heap after
{Heap after GC invocations=9 (full 0):
 garbage-first heap   total 149504K, used 19364K [0x0000000701400000, 0x0000000800000000)
  region size 2048K, 2 young (4096K), 2 survivors (4096K)
 Metaspace       used 35781K, committed 35968K, reserved 1114112K
  class space    used 4331K, committed 4416K, reserved 1048576K
}
Event: 2.037 GC heap before
{Heap before GC invocations=10 (full 0):
 garbage-first heap   total 81920K, used 66468K [0x0000000701400000, 0x0000000800000000)
  region size 2048K, 24 young (49152K), 2 survivors (4096K)
 Metaspace       used 43006K, committed 43200K, reserved 1114112K
  class space    used 5155K, committed 5248K, reserved 1048576K
}
Event: 2.048 GC heap after
{Heap after GC invocations=11 (full 0):
 garbage-first heap   total 81920K, used 28750K [0x0000000701400000, 0x0000000800000000)
  region size 2048K, 3 young (6144K), 3 survivors (6144K)
 Metaspace       used 43006K, committed 43200K, reserved 1114112K
  class space    used 5155K, committed 5248K, reserved 1048576K
}
Event: 2.321 GC heap before
{Heap before GC invocations=11 (full 0):
 garbage-first heap   total 81920K, used 55374K [0x0000000701400000, 0x0000000800000000)
  region size 2048K, 16 young (32768K), 3 survivors (6144K)
 Metaspace       used 44635K, committed 44928K, reserved 1114112K
  class space    used 5327K, committed 5440K, reserved 1048576K
}
Event: 2.328 GC heap after
{Heap after GC invocations=12 (full 0):
 garbage-first heap   total 81920K, used 31157K [0x0000000701400000, 0x0000000800000000)
  region size 2048K, 2 young (4096K), 2 survivors (4096K)
 Metaspace       used 44635K, committed 44928K, reserved 1114112K
  class space    used 5327K, committed 5440K, reserved 1048576K
}
Event: 2.694 GC heap before
{Heap before GC invocations=12 (full 0):
 garbage-first heap   total 81920K, used 55733K [0x0000000701400000, 0x0000000800000000)
  region size 2048K, 14 young (28672K), 2 survivors (4096K)
 Metaspace       used 46055K, committed 46272K, reserved 1114112K
  class space    used 5381K, committed 5504K, reserved 1048576K
}
Event: 2.703 GC heap after
{Heap after GC invocations=13 (full 0):
 garbage-first heap   total 98304K, used 36389K [0x0000000701400000, 0x0000000800000000)
  region size 2048K, 2 young (4096K), 2 survivors (4096K)
 Metaspace       used 46055K, committed 46272K, reserved 1114112K
  class space    used 5381K, committed 5504K, reserved 1048576K
}
Event: 2.941 GC heap before
{Heap before GC invocations=13 (full 0):
 garbage-first heap   total 98304K, used 67109K [0x0000000701400000, 0x0000000800000000)
  region size 2048K, 17 young (34816K), 2 survivors (4096K)
 Metaspace       used 46566K, committed 46784K, reserved 1114112K
  class space    used 5406K, committed 5504K, reserved 1048576K
}
Event: 2.953 GC heap after
{Heap after GC invocations=14 (full 0):
 garbage-first heap   total 98304K, used 42843K [0x0000000701400000, 0x0000000800000000)
  region size 2048K, 3 young (6144K), 3 survivors (6144K)
 Metaspace       used 46566K, committed 46784K, reserved 1114112K
  class space    used 5406K, committed 5504K, reserved 1048576K
}
Event: 3.050 GC heap before
{Heap before GC invocations=14 (full 0):
 garbage-first heap   total 98304K, used 71515K [0x0000000701400000, 0x0000000800000000)
  region size 2048K, 17 young (34816K), 3 survivors (6144K)
 Metaspace       used 46850K, committed 47040K, reserved 1114112K
  class space    used 5428K, committed 5504K, reserved 1048576K
}
Event: 3.060 GC heap after
{Heap after GC invocations=15 (full 0):
 garbage-first heap   total 98304K, used 45731K [0x0000000701400000, 0x0000000800000000)
  region size 2048K, 2 young (4096K), 2 survivors (4096K)
 Metaspace       used 46850K, committed 47040K, reserved 1114112K
  class space    used 5428K, committed 5504K, reserved 1048576K
}
Event: 3.095 GC heap before
{Heap before GC invocations=15 (full 0):
 garbage-first heap   total 98304K, used 72355K [0x0000000701400000, 0x0000000800000000)
  region size 2048K, 15 young (30720K), 2 survivors (4096K)
 Metaspace       used 46852K, committed 47040K, reserved 1114112K
  class space    used 5428K, committed 5504K, reserved 1048576K
}
Event: 3.097 GC heap after
{Heap after GC invocations=16 (full 0):
 garbage-first heap   total 98304K, used 46331K [0x0000000701400000, 0x0000000800000000)
  region size 2048K, 1 young (2048K), 1 survivors (2048K)
 Metaspace       used 46852K, committed 47040K, reserved 1114112K
  class space    used 5428K, committed 5504K, reserved 1048576K
}
Event: 3.270 GC heap before
{Heap before GC invocations=17 (full 0):
 garbage-first heap   total 110592K, used 72955K [0x0000000701400000, 0x0000000800000000)
  region size 2048K, 14 young (28672K), 1 survivors (2048K)
 Metaspace       used 49178K, committed 49408K, reserved 1114112K
  class space    used 5711K, committed 5824K, reserved 1048576K
}
Event: 3.274 GC heap after
{Heap after GC invocations=18 (full 0):
 garbage-first heap   total 110592K, used 46886K [0x0000000701400000, 0x0000000800000000)
  region size 2048K, 1 young (2048K), 1 survivors (2048K)
 Metaspace       used 49178K, committed 49408K, reserved 1114112K
  class space    used 5711K, committed 5824K, reserved 1048576K
}
Event: 3.278 GC heap before
{Heap before GC invocations=18 (full 0):
 garbage-first heap   total 110592K, used 48934K [0x0000000701400000, 0x0000000800000000)
  region size 2048K, 2 young (4096K), 1 survivors (2048K)
 Metaspace       used 49187K, committed 49472K, reserved 1114112K
  class space    used 5711K, committed 5824K, reserved 1048576K
}

