# JRE version: OpenJDK Runtime Environment (17.0.7) (build 17.0.7+0-b2043.56-10550314)
# Java VM: OpenJDK 64-Bit Server VM (17.0.7+0-b2043.56-10550314, mixed mode, tiered, compressed oops, compressed class ptrs, g1 gc, windows-amd64)
GC Precious Log:
 CPUs: 8 total, 8 available
 Memory: 16303M
 Large Page Support: Disabled
 NUMA Support: Disabled
 Compressed Oops: Enabled (32-bit)
 Heap Region Size: 1M
 Heap Min Capacity: 8M
 Heap Initial Capacity: 256M
 Heap Max Capacity: 2G
 Pre-touch: Disabled
 Parallel Workers: 8
 Concurrent Workers: 2
 Concurrent Refinement Workers: 8
 Periodic GC: Disabled
Heap:
 garbage-first heap   total 212992K, used 129898K [0x0000000080000000, 0x0000000100000000)
  region size 1024K, 27 young (27648K), 6 survivors (6144K)
 Metaspace       used 102096K, committed 102784K, reserved 1179648K
  class space    used 14156K, committed 14464K, reserved 1048576K
GC Heap History (20 events):
Event: 4.385 GC heap before
{Heap before GC invocations=25 (full 0):
 garbage-first heap   total 130048K, used 74342K [0x0000000080000000, 0x0000000100000000)
  region size 1024K, 6 young (6144K), 4 survivors (4096K)
 Metaspace       used 72029K, committed 72640K, reserved 1114112K
  class space    used 9713K, committed 9984K, reserved 1048576K
}
Event: 4.387 GC heap after
{Heap after GC invocations=26 (full 0):
 garbage-first heap   total 156672K, used 73033K [0x0000000080000000, 0x0000000100000000)
  region size 1024K, 1 young (1024K), 1 survivors (1024K)
 Metaspace       used 72029K, committed 72640K, reserved 1114112K
  class space    used 9713K, committed 9984K, reserved 1048576K
}
Event: 4.649 GC heap before
{Heap before GC invocations=26 (full 0):
 garbage-first heap   total 156672K, used 119113K [0x0000000080000000, 0x0000000100000000)
  region size 1024K, 46 young (47104K), 1 survivors (1024K)
 Metaspace       used 76515K, committed 77120K, reserved 1179648K
  class space    used 10307K, committed 10624K, reserved 1048576K
}
Event: 4.651 GC heap after
{Heap after GC invocations=27 (full 0):
 garbage-first heap   total 156672K, used 75531K [0x0000000080000000, 0x0000000100000000)
  region size 1024K, 3 young (3072K), 3 survivors (3072K)
 Metaspace       used 76515K, committed 77120K, reserved 1179648K
  class space    used 10307K, committed 10624K, reserved 1048576K
}
Event: 4.928 GC heap before
{Heap before GC invocations=28 (full 0):
 garbage-first heap   total 156672K, used 120587K [0x0000000080000000, 0x0000000100000000)
  region size 1024K, 48 young (49152K), 3 survivors (3072K)
 Metaspace       used 78963K, committed 79616K, reserved 1179648K
  class space    used 10630K, committed 10944K, reserved 1048576K
}
Event: 4.930 GC heap after
{Heap after GC invocations=29 (full 0):
 garbage-first heap   total 156672K, used 78374K [0x0000000080000000, 0x0000000100000000)
  region size 1024K, 6 young (6144K), 6 survivors (6144K)
 Metaspace       used 78963K, committed 79616K, reserved 1179648K
  class space    used 10630K, committed 10944K, reserved 1048576K
}
Event: 4.994 GC heap before
{Heap before GC invocations=29 (full 0):
 garbage-first heap   total 156672K, used 91686K [0x0000000080000000, 0x0000000100000000)
  region size 1024K, 20 young (20480K), 6 survivors (6144K)
 Metaspace       used 79936K, committed 80576K, reserved 1179648K
  class space    used 10776K, committed 11072K, reserved 1048576K
}
Event: 4.997 GC heap after
{Heap after GC invocations=30 (full 0):
 garbage-first heap   total 156672K, used 79617K [0x0000000080000000, 0x0000000100000000)
  region size 1024K, 4 young (4096K), 4 survivors (4096K)
 Metaspace       used 79936K, committed 80576K, reserved 1179648K
  class space    used 10776K, committed 11072K, reserved 1048576K
}
Event: 5.257 GC heap before
{Heap before GC invocations=31 (full 0):
 garbage-first heap   total 156672K, used 126721K [0x0000000080000000, 0x0000000100000000)
  region size 1024K, 49 young (50176K), 4 survivors (4096K)
 Metaspace       used 83536K, committed 84160K, reserved 1179648K
  class space    used 11485K, committed 11776K, reserved 1048576K
}
Event: 5.260 GC heap after
{Heap after GC invocations=32 (full 0):
 garbage-first heap   total 156672K, used 80810K [0x0000000080000000, 0x0000000100000000)
  region size 1024K, 3 young (3072K), 3 survivors (3072K)
 Metaspace       used 83536K, committed 84160K, reserved 1179648K
  class space    used 11485K, committed 11776K, reserved 1048576K
}
Event: 5.533 GC heap before
{Heap before GC invocations=32 (full 0):
 garbage-first heap   total 156672K, used 127914K [0x0000000080000000, 0x0000000100000000)
  region size 1024K, 49 young (50176K), 3 survivors (3072K)
 Metaspace       used 86879K, committed 87488K, reserved 1179648K
  class space    used 11979K, committed 12288K, reserved 1048576K
}
Event: 5.536 GC heap after
{Heap after GC invocations=33 (full 0):
 garbage-first heap   total 212992K, used 83579K [0x0000000080000000, 0x0000000100000000)
  region size 1024K, 6 young (6144K), 6 survivors (6144K)
 Metaspace       used 86879K, committed 87488K, reserved 1179648K
  class space    used 11979K, committed 12288K, reserved 1048576K
}
Event: 6.134 GC heap before
{Heap before GC invocations=34 (full 0):
 garbage-first heap   total 212992K, used 170619K [0x0000000080000000, 0x0000000100000000)
  region size 1024K, 91 young (93184K), 6 survivors (6144K)
 Metaspace       used 94579K, committed 95168K, reserved 1179648K
  class space    used 13071K, committed 13376K, reserved 1048576K
}
Event: 6.138 GC heap after
{Heap after GC invocations=35 (full 0):
 garbage-first heap   total 212992K, used 88637K [0x0000000080000000, 0x0000000100000000)
  region size 1024K, 10 young (10240K), 10 survivors (10240K)
 Metaspace       used 94579K, committed 95168K, reserved 1179648K
  class space    used 13071K, committed 13376K, reserved 1048576K
}
Event: 6.549 GC heap before
{Heap before GC invocations=35 (full 0):
 garbage-first heap   total 212992K, used 171581K [0x0000000080000000, 0x0000000100000000)
  region size 1024K, 91 young (93184K), 10 survivors (10240K)
 Metaspace       used 97053K, committed 97664K, reserved 1179648K
  class space    used 13461K, committed 13760K, reserved 1048576K
}
Event: 6.556 GC heap after
{Heap after GC invocations=36 (full 0):
 garbage-first heap   total 212992K, used 98315K [0x0000000080000000, 0x0000000100000000)
  region size 1024K, 12 young (12288K), 12 survivors (12288K)
 Metaspace       used 97053K, committed 97664K, reserved 1179648K
  class space    used 13461K, committed 13760K, reserved 1048576K
}
Event: 6.890 GC heap before
{Heap before GC invocations=36 (full 0):
 garbage-first heap   total 212992K, used 168971K [0x0000000080000000, 0x0000000100000000)
  region size 1024K, 82 young (83968K), 12 survivors (12288K)
 Metaspace       used 98579K, committed 99264K, reserved 1179648K
  class space    used 13733K, committed 14080K, reserved 1048576K
}
Event: 6.897 GC heap after
{Heap after GC invocations=37 (full 0):
 garbage-first heap   total 212992K, used 105354K [0x0000000080000000, 0x0000000100000000)
  region size 1024K, 7 young (7168K), 7 survivors (7168K)
 Metaspace       used 98579K, committed 99264K, reserved 1179648K
  class space    used 13733K, committed 14080K, reserved 1048576K
}
Event: 7.241 GC heap before
{Heap before GC invocations=37 (full 0):
 garbage-first heap   total 212992K, used 170890K [0x0000000080000000, 0x0000000100000000)
  region size 1024K, 72 young (73728K), 7 survivors (7168K)
 Metaspace       used 100689K, committed 101376K, reserved 1179648K
  class space    used 13996K, committed 14336K, reserved 1048576K
}
Event: 7.246 GC heap after
{Heap after GC invocations=38 (full 0):
 garbage-first heap   total 212992K, used 110442K [0x0000000080000000, 0x0000000100000000)
  region size 1024K, 6 young (6144K), 6 survivors (6144K)
 Metaspace       used 100689K, committed 101376K, reserved 1179648K
  class space    used 13996K, committed 14336K, reserved 1048576K
}

