# JRE version: OpenJDK Runtime Environment (17.0.7) (build 17.0.7+0-b2043.56-10550314)
# Java VM: OpenJDK 64-Bit Server VM (17.0.7+0-b2043.56-10550314, mixed mode, tiered, compressed oops, compressed class ptrs, g1 gc, windows-amd64)
GC Precious Log:
 CPUs: 8 total, 8 available
 Memory: 16303M
 Large Page Support: Disabled
 NUMA Support: Disabled
 Compressed Oops: Enabled (Zero based)
 Heap Region Size: 2M
 Heap Min Capacity: 8M
 Heap Initial Capacity: 256M
 Heap Max Capacity: 4076M
 Pre-touch: Disabled
 Parallel Workers: 8
 Concurrent Workers: 2
 Concurrent Refinement Workers: 8
 Periodic GC: Disabled
Heap:
 garbage-first heap   total 243712K, used 173864K [0x0000000701400000, 0x0000000800000000)
  region size 2048K, 34 young (69632K), 1 survivors (2048K)
 Metaspace       used 79100K, committed 79424K, reserved 1179648K
  class space    used 8454K, committed 8640K, reserved 1048576K
GC Heap History (20 events):
Event: 2.413 GC heap before
{Heap before GC invocations=13 (full 0):
 garbage-first heap   total 133120K, used 87607K [0x0000000701400000, 0x0000000800000000)
  region size 2048K, 27 young (55296K), 2 survivors (4096K)
 Metaspace       used 53815K, committed 54144K, reserved 1114112K
  class space    used 6321K, committed 6464K, reserved 1048576K
}
Event: 2.424 GC heap after
{Heap after GC invocations=14 (full 0):
 garbage-first heap   total 133120K, used 49467K [0x0000000701400000, 0x0000000800000000)
  region size 2048K, 4 young (8192K), 4 survivors (8192K)
 Metaspace       used 53815K, committed 54144K, reserved 1114112K
  class space    used 6321K, committed 6464K, reserved 1048576K
}
Event: 2.946 GC heap before
{Heap before GC invocations=14 (full 0):
 garbage-first heap   total 133120K, used 92475K [0x0000000701400000, 0x0000000800000000)
  region size 2048K, 25 young (51200K), 4 survivors (8192K)
 Metaspace       used 55502K, committed 55808K, reserved 1114112K
  class space    used 6443K, committed 6592K, reserved 1048576K
}
Event: 2.958 GC heap after
{Heap after GC invocations=15 (full 0):
 garbage-first heap   total 133120K, used 57347K [0x0000000701400000, 0x0000000800000000)
  region size 2048K, 4 young (8192K), 4 survivors (8192K)
 Metaspace       used 55502K, committed 55808K, reserved 1114112K
  class space    used 6443K, committed 6592K, reserved 1048576K
}
Event: 3.269 GC heap before
{Heap before GC invocations=15 (full 0):
 garbage-first heap   total 133120K, used 94211K [0x0000000701400000, 0x0000000800000000)
  region size 2048K, 22 young (45056K), 4 survivors (8192K)
 Metaspace       used 56978K, committed 57280K, reserved 1114112K
  class space    used 6519K, committed 6656K, reserved 1048576K
}
Event: 3.279 GC heap after
{Heap after GC invocations=16 (full 0):
 garbage-first heap   total 133120K, used 62826K [0x0000000701400000, 0x0000000800000000)
  region size 2048K, 3 young (6144K), 3 survivors (6144K)
 Metaspace       used 56978K, committed 57280K, reserved 1114112K
  class space    used 6519K, committed 6656K, reserved 1048576K
}
Event: 3.747 GC heap before
{Heap before GC invocations=16 (full 0):
 garbage-first heap   total 133120K, used 93546K [0x0000000701400000, 0x0000000800000000)
  region size 2048K, 19 young (38912K), 3 survivors (6144K)
 Metaspace       used 60195K, committed 60416K, reserved 1114112K
  class space    used 6788K, committed 6912K, reserved 1048576K
}
Event: 3.757 GC heap after
{Heap after GC invocations=17 (full 0):
 garbage-first heap   total 186368K, used 67631K [0x0000000701400000, 0x0000000800000000)
  region size 2048K, 3 young (6144K), 3 survivors (6144K)
 Metaspace       used 60195K, committed 60416K, reserved 1114112K
  class space    used 6788K, committed 6912K, reserved 1048576K
}
Event: 4.093 GC heap before
{Heap before GC invocations=18 (full 0):
 garbage-first heap   total 186368K, used 129071K [0x0000000701400000, 0x0000000800000000)
  region size 2048K, 33 young (67584K), 3 survivors (6144K)
 Metaspace       used 60621K, committed 60928K, reserved 1114112K
  class space    used 6821K, committed 6912K, reserved 1048576K
}
Event: 4.104 GC heap after
{Heap after GC invocations=19 (full 0):
 garbage-first heap   total 186368K, used 79794K [0x0000000701400000, 0x0000000800000000)
  region size 2048K, 5 young (10240K), 5 survivors (10240K)
 Metaspace       used 60621K, committed 60928K, reserved 1114112K
  class space    used 6821K, committed 6912K, reserved 1048576K
}
Event: 4.622 GC heap before
{Heap before GC invocations=19 (full 0):
 garbage-first heap   total 186368K, used 133042K [0x0000000701400000, 0x0000000800000000)
  region size 2048K, 31 young (63488K), 5 survivors (10240K)
 Metaspace       used 67121K, committed 67456K, reserved 1114112K
  class space    used 7443K, committed 7616K, reserved 1048576K
}
Event: 4.634 GC heap after
{Heap after GC invocations=20 (full 0):
 garbage-first heap   total 186368K, used 88303K [0x0000000701400000, 0x0000000800000000)
  region size 2048K, 4 young (8192K), 4 survivors (8192K)
 Metaspace       used 67121K, committed 67456K, reserved 1114112K
  class space    used 7443K, committed 7616K, reserved 1048576K
}
Event: 4.906 GC heap before
{Heap before GC invocations=20 (full 0):
 garbage-first heap   total 186368K, used 137455K [0x0000000701400000, 0x0000000800000000)
  region size 2048K, 28 young (57344K), 4 survivors (8192K)
 Metaspace       used 68051K, committed 68416K, reserved 1114112K
  class space    used 7493K, committed 7680K, reserved 1048576K
}
Event: 4.919 GC heap after
{Heap after GC invocations=21 (full 0):
 garbage-first heap   total 186368K, used 99144K [0x0000000701400000, 0x0000000800000000)
  region size 2048K, 4 young (8192K), 4 survivors (8192K)
 Metaspace       used 68051K, committed 68416K, reserved 1114112K
  class space    used 7493K, committed 7680K, reserved 1048576K
}
Event: 5.211 GC heap before
{Heap before GC invocations=21 (full 0):
 garbage-first heap   total 186368K, used 142152K [0x0000000701400000, 0x0000000800000000)
  region size 2048K, 25 young (51200K), 4 survivors (8192K)
 Metaspace       used 71334K, committed 71680K, reserved 1114112K
  class space    used 7745K, committed 7936K, reserved 1048576K
}
Event: 5.218 GC heap after
{Heap after GC invocations=22 (full 0):
 garbage-first heap   total 186368K, used 104023K [0x0000000701400000, 0x0000000800000000)
  region size 2048K, 2 young (4096K), 2 survivors (4096K)
 Metaspace       used 71334K, committed 71680K, reserved 1114112K
  class space    used 7745K, committed 7936K, reserved 1048576K
}
Event: 5.649 GC heap before
{Heap before GC invocations=23 (full 0):
 garbage-first heap   total 188416K, used 144983K [0x0000000701400000, 0x0000000800000000)
  region size 2048K, 22 young (45056K), 2 survivors (4096K)
 Metaspace       used 77223K, committed 77568K, reserved 1179648K
  class space    used 8334K, committed 8512K, reserved 1048576K
}
Event: 5.656 GC heap after
{Heap after GC invocations=24 (full 0):
 garbage-first heap   total 188416K, used 108079K [0x0000000701400000, 0x0000000800000000)
  region size 2048K, 3 young (6144K), 3 survivors (6144K)
 Metaspace       used 77223K, committed 77568K, reserved 1179648K
  class space    used 8334K, committed 8512K, reserved 1048576K
}
Event: 5.696 GC heap before
{Heap before GC invocations=24 (full 0):
 garbage-first heap   total 188416K, used 110127K [0x0000000701400000, 0x0000000800000000)
  region size 2048K, 4 young (8192K), 3 survivors (6144K)
 Metaspace       used 77545K, committed 77952K, reserved 1179648K
  class space    used 8370K, committed 8576K, reserved 1048576K
}
Event: 5.701 GC heap after
{Heap after GC invocations=25 (full 0):
 garbage-first heap   total 243712K, used 108328K [0x0000000701400000, 0x0000000800000000)
  region size 2048K, 1 young (2048K), 1 survivors (2048K)
 Metaspace       used 77545K, committed 77952K, reserved 1179648K
  class space    used 8370K, committed 8576K, reserved 1048576K
}

