# JRE version: OpenJDK Runtime Environment (17.0.7) (build 17.0.7+0-b2043.56-10550314)
# Java VM: OpenJDK 64-Bit Server VM (17.0.7+0-b2043.56-10550314, mixed mode, tiered, compressed oops, compressed class ptrs, g1 gc, windows-amd64)
GC Precious Log:
 CPUs: 8 total, 8 available
 Memory: 16303M
 Large Page Support: Disabled
 NUMA Support: Disabled
 Compressed Oops: Enabled (32-bit)
 Heap Region Size: 1M
 Heap Min Capacity: 8M
 Heap Initial Capacity: 256M
 Heap Max Capacity: 2G
 Pre-touch: Disabled
 Parallel Workers: 8
 Concurrent Workers: 2
 Concurrent Refinement Workers: 8
 Periodic GC: Disabled
Heap:
 garbage-first heap   total 372736K, used 171206K [0x0000000080000000, 0x0000000100000000)
  region size 1024K, 18 young (18432K), 18 survivors (18432K)
 Metaspace       used 141710K, committed 142784K, reserved 1179648K
  class space    used 19019K, committed 19584K, reserved 1048576K
GC Heap History (20 events):
Event: 6833.576 GC heap after
{Heap after GC invocations=58 (full 1):
 garbage-first heap   total 372736K, used 142007K [0x0000000080000000, 0x0000000100000000)
  region size 1024K, 3 young (3072K), 3 survivors (3072K)
 Metaspace       used 136669K, committed 137664K, reserved 1179648K
  class space    used 18641K, committed 19136K, reserved 1048576K
}
Event: 6833.810 GC heap before
{Heap before GC invocations=58 (full 1):
 garbage-first heap   total 372736K, used 197303K [0x0000000080000000, 0x0000000100000000)
  region size 1024K, 59 young (60416K), 3 survivors (3072K)
 Metaspace       used 136803K, committed 137792K, reserved 1179648K
  class space    used 18641K, committed 19136K, reserved 1048576K
}
Event: 6833.816 GC heap after
{Heap after GC invocations=59 (full 1):
 garbage-first heap   total 372736K, used 148310K [0x0000000080000000, 0x0000000100000000)
  region size 1024K, 9 young (9216K), 9 survivors (9216K)
 Metaspace       used 136803K, committed 137792K, reserved 1179648K
  class space    used 18641K, committed 19136K, reserved 1048576K
}
Event: 6843.632 GC heap before
{Heap before GC invocations=60 (full 1):
 garbage-first heap   total 372736K, used 301910K [0x0000000080000000, 0x0000000100000000)
  region size 1024K, 147 young (150528K), 9 survivors (9216K)
 Metaspace       used 137612K, committed 138688K, reserved 1179648K
  class space    used 18733K, committed 19264K, reserved 1048576K
}
Event: 6843.641 GC heap after
{Heap after GC invocations=61 (full 1):
 garbage-first heap   total 372736K, used 151382K [0x0000000080000000, 0x0000000100000000)
  region size 1024K, 18 young (18432K), 18 survivors (18432K)
 Metaspace       used 137612K, committed 138688K, reserved 1179648K
  class space    used 18733K, committed 19264K, reserved 1048576K
}
Event: 6843.644 GC heap before
{Heap before GC invocations=61 (full 1):
 garbage-first heap   total 372736K, used 152406K [0x0000000080000000, 0x0000000100000000)
  region size 1024K, 19 young (19456K), 18 survivors (18432K)
 Metaspace       used 137612K, committed 138688K, reserved 1179648K
  class space    used 18733K, committed 19264K, reserved 1048576K
}
Event: 6843.651 GC heap after
{Heap after GC invocations=62 (full 1):
 garbage-first heap   total 372736K, used 138497K [0x0000000080000000, 0x0000000100000000)
  region size 1024K, 2 young (2048K), 2 survivors (2048K)
 Metaspace       used 137612K, committed 138688K, reserved 1179648K
  class space    used 18733K, committed 19264K, reserved 1048576K
}
Event: 6844.198 GC heap before
{Heap before GC invocations=62 (full 1):
 garbage-first heap   total 372736K, used 186625K [0x0000000080000000, 0x0000000100000000)
  region size 1024K, 51 young (52224K), 2 survivors (2048K)
 Metaspace       used 138035K, committed 139136K, reserved 1179648K
  class space    used 18752K, committed 19328K, reserved 1048576K
}
Event: 6844.203 GC heap after
{Heap after GC invocations=63 (full 1):
 garbage-first heap   total 372736K, used 148209K [0x0000000080000000, 0x0000000100000000)
  region size 1024K, 12 young (12288K), 12 survivors (12288K)
 Metaspace       used 138035K, committed 139136K, reserved 1179648K
  class space    used 18752K, committed 19328K, reserved 1048576K
}
Event: 6844.895 GC heap before
{Heap before GC invocations=64 (full 1):
 garbage-first heap   total 372736K, used 319158K [0x0000000080000000, 0x0000000100000000)
  region size 1024K, 146 young (149504K), 12 survivors (12288K)
 Metaspace       used 139864K, committed 140992K, reserved 1179648K
  class space    used 18903K, committed 19456K, reserved 1048576K
}
Event: 6844.900 GC heap after
{Heap after GC invocations=65 (full 1):
 garbage-first heap   total 372736K, used 148105K [0x0000000080000000, 0x0000000100000000)
  region size 1024K, 9 young (9216K), 9 survivors (9216K)
 Metaspace       used 139864K, committed 140992K, reserved 1179648K
  class space    used 18903K, committed 19456K, reserved 1048576K
}
Event: 6844.927 GC heap before
{Heap before GC invocations=65 (full 1):
 garbage-first heap   total 372736K, used 156297K [0x0000000080000000, 0x0000000100000000)
  region size 1024K, 18 young (18432K), 9 survivors (9216K)
 Metaspace       used 140433K, committed 141568K, reserved 1179648K
  class space    used 18959K, committed 19520K, reserved 1048576K
}
Event: 6844.931 GC heap after
{Heap after GC invocations=66 (full 1):
 garbage-first heap   total 372736K, used 138466K [0x0000000080000000, 0x0000000100000000)
  region size 1024K, 2 young (2048K), 2 survivors (2048K)
 Metaspace       used 140433K, committed 141568K, reserved 1179648K
  class space    used 18959K, committed 19520K, reserved 1048576K
}
Event: 6845.304 GC heap before
{Heap before GC invocations=66 (full 1):
 garbage-first heap   total 372736K, used 267490K [0x0000000080000000, 0x0000000100000000)
  region size 1024K, 130 young (133120K), 2 survivors (2048K)
 Metaspace       used 141460K, committed 142528K, reserved 1179648K
  class space    used 19016K, committed 19584K, reserved 1048576K
}
Event: 6845.308 GC heap after
{Heap after GC invocations=67 (full 1):
 garbage-first heap   total 372736K, used 142806K [0x0000000080000000, 0x0000000100000000)
  region size 1024K, 6 young (6144K), 6 survivors (6144K)
 Metaspace       used 141460K, committed 142528K, reserved 1179648K
  class space    used 19016K, committed 19584K, reserved 1048576K
}
Event: 6907.687 GC heap before
{Heap before GC invocations=68 (full 1):
 garbage-first heap   total 372736K, used 342486K [0x0000000080000000, 0x0000000100000000)
  region size 1024K, 154 young (157696K), 6 survivors (6144K)
 Metaspace       used 141684K, committed 142784K, reserved 1179648K
  class space    used 19019K, committed 19584K, reserved 1048576K
}
Event: 6907.695 GC heap after
{Heap after GC invocations=69 (full 1):
 garbage-first heap   total 372736K, used 152806K [0x0000000080000000, 0x0000000100000000)
  region size 1024K, 14 young (14336K), 14 survivors (14336K)
 Metaspace       used 141684K, committed 142784K, reserved 1179648K
  class space    used 19019K, committed 19584K, reserved 1048576K
}
Event: 6907.722 GC heap before
{Heap before GC invocations=69 (full 1):
 garbage-first heap   total 372736K, used 155878K [0x0000000080000000, 0x0000000100000000)
  region size 1024K, 18 young (18432K), 14 survivors (14336K)
 Metaspace       used 141684K, committed 142784K, reserved 1179648K
  class space    used 19019K, committed 19584K, reserved 1048576K
}
Event: 6907.730 GC heap after
{Heap after GC invocations=70 (full 1):
 garbage-first heap   total 372736K, used 149142K [0x0000000080000000, 0x0000000100000000)
  region size 1024K, 3 young (3072K), 3 survivors (3072K)
 Metaspace       used 141684K, committed 142784K, reserved 1179648K
  class space    used 19019K, committed 19584K, reserved 1048576K
}
Event: 6907.920 GC heap before
{Heap before GC invocations=70 (full 1):
 garbage-first heap   total 372736K, used 187030K [0x0000000080000000, 0x0000000100000000)
  region size 1024K, 42 young (43008K), 3 survivors (3072K)
 Metaspace       used 141710K, committed 142784K, reserved 1179648K
  class space    used 19019K, committed 19584K, reserved 1048576K
}

