# JRE version: OpenJDK Runtime Environment (17.0.7) (build 17.0.7+0-b2043.56-10550314)
# Java VM: OpenJDK 64-Bit Server VM (17.0.7+0-b2043.56-10550314, mixed mode, tiered, compressed oops, compressed class ptrs, g1 gc, windows-amd64)
GC Precious Log:
 CPUs: 8 total, 8 available
 Memory: 16303M
 Large Page Support: Disabled
 NUMA Support: Disabled
 Compressed Oops: Enabled (Zero based)
 Heap Region Size: 2M
 Heap Min Capacity: 8M
 Heap Initial Capacity: 256M
 Heap Max Capacity: 4076M
 Pre-touch: Disabled
 Parallel Workers: 8
 Concurrent Workers: 2
 Concurrent Refinement Workers: 8
 Periodic GC: Disabled
Heap:
 garbage-first heap   total 184320K, used 103147K [0x0000000701400000, 0x0000000800000000)
  region size 2048K, 2 young (4096K), 2 survivors (4096K)
 Metaspace       used 72735K, committed 73088K, reserved 1114112K
  class space    used 7919K, committed 8064K, reserved 1048576K
GC Heap History (20 events):
Event: 1.888 GC heap after
{Heap after GC invocations=12 (full 0):
 garbage-first heap   total 75776K, used 30140K [0x0000000701400000, 0x0000000800000000)
  region size 2048K, 2 young (4096K), 2 survivors (4096K)
 Metaspace       used 48317K, committed 48576K, reserved 1114112K
  class space    used 5702K, committed 5824K, reserved 1048576K
}
Event: 2.012 GC heap before
{Heap before GC invocations=12 (full 0):
 garbage-first heap   total 75776K, used 52668K [0x0000000701400000, 0x0000000800000000)
  region size 2048K, 13 young (26624K), 2 survivors (4096K)
 Metaspace       used 49269K, committed 49472K, reserved 1114112K
  class space    used 5804K, committed 5888K, reserved 1048576K
}
Event: 2.023 GC heap after
{Heap after GC invocations=13 (full 0):
 garbage-first heap   total 133120K, used 37510K [0x0000000701400000, 0x0000000800000000)
  region size 2048K, 2 young (4096K), 2 survivors (4096K)
 Metaspace       used 49269K, committed 49472K, reserved 1114112K
  class space    used 5804K, committed 5888K, reserved 1048576K
}
Event: 2.458 GC heap before
{Heap before GC invocations=13 (full 0):
 garbage-first heap   total 133120K, used 86662K [0x0000000701400000, 0x0000000800000000)
  region size 2048K, 26 young (53248K), 2 survivors (4096K)
 Metaspace       used 53702K, committed 54016K, reserved 1114112K
  class space    used 6317K, committed 6464K, reserved 1048576K
}
Event: 2.469 GC heap after
{Heap after GC invocations=14 (full 0):
 garbage-first heap   total 133120K, used 47825K [0x0000000701400000, 0x0000000800000000)
  region size 2048K, 4 young (8192K), 4 survivors (8192K)
 Metaspace       used 53702K, committed 54016K, reserved 1114112K
  class space    used 6317K, committed 6464K, reserved 1048576K
}
Event: 2.956 GC heap before
{Heap before GC invocations=14 (full 0):
 garbage-first heap   total 133120K, used 88785K [0x0000000701400000, 0x0000000800000000)
  region size 2048K, 24 young (49152K), 4 survivors (8192K)
 Metaspace       used 55332K, committed 55616K, reserved 1114112K
  class space    used 6436K, committed 6528K, reserved 1048576K
}
Event: 2.967 GC heap after
{Heap after GC invocations=15 (full 0):
 garbage-first heap   total 133120K, used 55151K [0x0000000701400000, 0x0000000800000000)
  region size 2048K, 3 young (6144K), 3 survivors (6144K)
 Metaspace       used 55332K, committed 55616K, reserved 1114112K
  class space    used 6436K, committed 6528K, reserved 1048576K
}
Event: 3.325 GC heap before
{Heap before GC invocations=15 (full 0):
 garbage-first heap   total 133120K, used 94063K [0x0000000701400000, 0x0000000800000000)
  region size 2048K, 22 young (45056K), 3 survivors (6144K)
 Metaspace       used 56101K, committed 56384K, reserved 1114112K
  class space    used 6445K, committed 6592K, reserved 1048576K
}
Event: 3.336 GC heap after
{Heap after GC invocations=16 (full 0):
 garbage-first heap   total 133120K, used 61816K [0x0000000701400000, 0x0000000800000000)
  region size 2048K, 3 young (6144K), 3 survivors (6144K)
 Metaspace       used 56101K, committed 56384K, reserved 1114112K
  class space    used 6445K, committed 6592K, reserved 1048576K
}
Event: 3.809 GC heap before
{Heap before GC invocations=16 (full 0):
 garbage-first heap   total 133120K, used 96632K [0x0000000701400000, 0x0000000800000000)
  region size 2048K, 20 young (40960K), 3 survivors (6144K)
 Metaspace       used 60037K, committed 60288K, reserved 1114112K
  class space    used 6784K, committed 6912K, reserved 1048576K
}
Event: 3.818 GC heap after
{Heap after GC invocations=17 (full 0):
 garbage-first heap   total 184320K, used 66682K [0x0000000701400000, 0x0000000800000000)
  region size 2048K, 3 young (6144K), 3 survivors (6144K)
 Metaspace       used 60037K, committed 60288K, reserved 1114112K
  class space    used 6784K, committed 6912K, reserved 1048576K
}
Event: 3.858 GC heap before
{Heap before GC invocations=17 (full 0):
 garbage-first heap   total 184320K, used 72826K [0x0000000701400000, 0x0000000800000000)
  region size 2048K, 7 young (14336K), 3 survivors (6144K)
 Metaspace       used 60170K, committed 60416K, reserved 1114112K
  class space    used 6794K, committed 6912K, reserved 1048576K
}
Event: 3.863 GC heap after
{Heap after GC invocations=18 (full 0):
 garbage-first heap   total 184320K, used 67643K [0x0000000701400000, 0x0000000800000000)
  region size 2048K, 3 young (6144K), 3 survivors (6144K)
 Metaspace       used 60170K, committed 60416K, reserved 1114112K
  class space    used 6794K, committed 6912K, reserved 1048576K
}
Event: 4.236 GC heap before
{Heap before GC invocations=19 (full 0):
 garbage-first heap   total 184320K, used 133179K [0x0000000701400000, 0x0000000800000000)
  region size 2048K, 35 young (71680K), 3 survivors (6144K)
 Metaspace       used 61631K, committed 61952K, reserved 1114112K
  class space    used 6923K, committed 7104K, reserved 1048576K
}
Event: 4.249 GC heap after
{Heap after GC invocations=20 (full 0):
 garbage-first heap   total 184320K, used 79702K [0x0000000701400000, 0x0000000800000000)
  region size 2048K, 5 young (10240K), 5 survivors (10240K)
 Metaspace       used 61631K, committed 61952K, reserved 1114112K
  class space    used 6923K, committed 7104K, reserved 1048576K
}
Event: 4.768 GC heap before
{Heap before GC invocations=20 (full 0):
 garbage-first heap   total 184320K, used 132950K [0x0000000701400000, 0x0000000800000000)
  region size 2048K, 31 young (63488K), 5 survivors (10240K)
 Metaspace       used 67103K, committed 67456K, reserved 1114112K
  class space    used 7443K, committed 7616K, reserved 1048576K
}
Event: 4.781 GC heap after
{Heap after GC invocations=21 (full 0):
 garbage-first heap   total 184320K, used 88493K [0x0000000701400000, 0x0000000800000000)
  region size 2048K, 4 young (8192K), 4 survivors (8192K)
 Metaspace       used 67103K, committed 67456K, reserved 1114112K
  class space    used 7443K, committed 7616K, reserved 1048576K
}
Event: 5.042 GC heap before
{Heap before GC invocations=21 (full 0):
 garbage-first heap   total 184320K, used 135597K [0x0000000701400000, 0x0000000800000000)
  region size 2048K, 28 young (57344K), 4 survivors (8192K)
 Metaspace       used 68876K, committed 69184K, reserved 1114112K
  class space    used 7545K, committed 7680K, reserved 1048576K
}
Event: 5.055 GC heap after
{Heap after GC invocations=22 (full 0):
 garbage-first heap   total 184320K, used 99540K [0x0000000701400000, 0x0000000800000000)
  region size 2048K, 4 young (8192K), 4 survivors (8192K)
 Metaspace       used 68876K, committed 69184K, reserved 1114112K
  class space    used 7545K, committed 7680K, reserved 1048576K
}
Event: 5.369 GC heap before
{Heap before GC invocations=22 (full 0):
 garbage-first heap   total 184320K, used 142548K [0x0000000701400000, 0x0000000800000000)
  region size 2048K, 25 young (51200K), 4 survivors (8192K)
 Metaspace       used 72735K, committed 73088K, reserved 1114112K
  class space    used 7919K, committed 8064K, reserved 1048576K
}

