# JRE version: OpenJDK Runtime Environment (17.0.7) (build 17.0.7+0-b2043.56-10550314)
# Java VM: OpenJDK 64-Bit Server VM (17.0.7+0-b2043.56-10550314, mixed mode, tiered, compressed oops, compressed class ptrs, g1 gc, windows-amd64)
GC Precious Log:
 CPUs: 8 total, 8 available
 Memory: 16303M
 Large Page Support: Disabled
 NUMA Support: Disabled
 Compressed Oops: Enabled (32-bit)
 Heap Region Size: 1M
 Heap Min Capacity: 8M
 Heap Initial Capacity: 256M
 Heap Max Capacity: 2G
 Pre-touch: Disabled
 Parallel Workers: 8
 Concurrent Workers: 2
 Concurrent Refinement Workers: 8
 Periodic GC: Disabled
Heap:
 garbage-first heap   total 285696K, used 172181K [0x0000000080000000, 0x0000000100000000)
  region size 1024K, 15 young (15360K), 10 survivors (10240K)
 Metaspace       used 129793K, committed 130752K, reserved 1179648K
  class space    used 18072K, committed 18496K, reserved 1048576K
GC Heap History (20 events):
Event: 6.372 GC heap before
{Heap before GC invocations=33 (full 0):
 garbage-first heap   total 274432K, used 221447K [0x0000000080000000, 0x0000000100000000)
  region size 1024K, 144 young (147456K), 10 survivors (10240K)
 Metaspace       used 96088K, committed 96768K, reserved 1179648K
  class space    used 13276K, committed 13568K, reserved 1048576K
}
Event: 6.380 GC heap after
{Heap after GC invocations=34 (full 0):
 garbage-first heap   total 274432K, used 94762K [0x0000000080000000, 0x0000000100000000)
  region size 1024K, 18 young (18432K), 18 survivors (18432K)
 Metaspace       used 96088K, committed 96768K, reserved 1179648K
  class space    used 13276K, committed 13568K, reserved 1048576K
}
Event: 6.944 GC heap before
{Heap before GC invocations=34 (full 0):
 garbage-first heap   total 274432K, used 217642K [0x0000000080000000, 0x0000000100000000)
  region size 1024K, 139 young (142336K), 18 survivors (18432K)
 Metaspace       used 98721K, committed 99456K, reserved 1179648K
  class space    used 13730K, committed 14080K, reserved 1048576K
}
Event: 6.956 GC heap after
{Heap after GC invocations=35 (full 0):
 garbage-first heap   total 274432K, used 107211K [0x0000000080000000, 0x0000000100000000)
  region size 1024K, 13 young (13312K), 13 survivors (13312K)
 Metaspace       used 98721K, committed 99456K, reserved 1179648K
  class space    used 13730K, committed 14080K, reserved 1048576K
}
Event: 9.949 GC heap before
{Heap before GC invocations=35 (full 0):
 garbage-first heap   total 274432K, used 223947K [0x0000000080000000, 0x0000000100000000)
  region size 1024K, 123 young (125952K), 13 survivors (13312K)
 Metaspace       used 102066K, committed 102784K, reserved 1179648K
  class space    used 14049K, committed 14400K, reserved 1048576K
}
Event: 9.957 GC heap after
{Heap after GC invocations=36 (full 0):
 garbage-first heap   total 274432K, used 118716K [0x0000000080000000, 0x0000000100000000)
  region size 1024K, 12 young (12288K), 12 survivors (12288K)
 Metaspace       used 102066K, committed 102784K, reserved 1179648K
  class space    used 14049K, committed 14400K, reserved 1048576K
}
Event: 10.342 GC heap before
{Heap before GC invocations=36 (full 0):
 garbage-first heap   total 274432K, used 219068K [0x0000000080000000, 0x0000000100000000)
  region size 1024K, 111 young (113664K), 12 survivors (12288K)
 Metaspace       used 104540K, committed 105280K, reserved 1179648K
  class space    used 14347K, committed 14720K, reserved 1048576K
}
Event: 10.347 GC heap after
{Heap after GC invocations=37 (full 0):
 garbage-first heap   total 274432K, used 118584K [0x0000000080000000, 0x0000000100000000)
  region size 1024K, 3 young (3072K), 3 survivors (3072K)
 Metaspace       used 104540K, committed 105280K, reserved 1179648K
  class space    used 14347K, committed 14720K, reserved 1048576K
}
Event: 12.049 GC heap before
{Heap before GC invocations=37 (full 0):
 garbage-first heap   total 274432K, used 226104K [0x0000000080000000, 0x0000000100000000)
  region size 1024K, 107 young (109568K), 3 survivors (3072K)
 Metaspace       used 113690K, committed 114560K, reserved 1179648K
  class space    used 15687K, committed 16128K, reserved 1048576K
}
Event: 12.057 GC heap after
{Heap after GC invocations=38 (full 0):
 garbage-first heap   total 274432K, used 129024K [0x0000000080000000, 0x0000000100000000)
  region size 1024K, 13 young (13312K), 13 survivors (13312K)
 Metaspace       used 113690K, committed 114560K, reserved 1179648K
  class space    used 15687K, committed 16128K, reserved 1048576K
}
Event: 12.403 GC heap before
{Heap before GC invocations=38 (full 0):
 garbage-first heap   total 274432K, used 223232K [0x0000000080000000, 0x0000000100000000)
  region size 1024K, 106 young (108544K), 13 survivors (13312K)
 Metaspace       used 122820K, committed 123648K, reserved 1179648K
  class space    used 17129K, committed 17536K, reserved 1048576K
}
Event: 12.409 GC heap after
{Heap after GC invocations=39 (full 0):
 garbage-first heap   total 274432K, used 132862K [0x0000000080000000, 0x0000000100000000)
  region size 1024K, 5 young (5120K), 5 survivors (5120K)
 Metaspace       used 122820K, committed 123648K, reserved 1179648K
  class space    used 17129K, committed 17536K, reserved 1048576K
}
Event: 12.607 GC heap before
{Heap before GC invocations=39 (full 0):
 garbage-first heap   total 274432K, used 166654K [0x0000000080000000, 0x0000000100000000)
  region size 1024K, 40 young (40960K), 5 survivors (5120K)
 Metaspace       used 124363K, committed 125248K, reserved 1179648K
  class space    used 17370K, committed 17792K, reserved 1048576K
}
Event: 12.609 GC heap after
{Heap after GC invocations=40 (full 0):
 garbage-first heap   total 274432K, used 132480K [0x0000000080000000, 0x0000000100000000)
  region size 1024K, 4 young (4096K), 4 survivors (4096K)
 Metaspace       used 124363K, committed 125248K, reserved 1179648K
  class space    used 17370K, committed 17792K, reserved 1048576K
}
Event: 125.969 GC heap before
{Heap before GC invocations=41 (full 0):
 garbage-first heap   total 274432K, used 257408K [0x0000000080000000, 0x0000000100000000)
  region size 1024K, 98 young (100352K), 4 survivors (4096K)
 Metaspace       used 128696K, committed 129600K, reserved 1179648K
  class space    used 18049K, committed 18496K, reserved 1048576K
}
Event: 125.972 GC heap after
{Heap after GC invocations=42 (full 0):
 garbage-first heap   total 274432K, used 132825K [0x0000000080000000, 0x0000000100000000)
  region size 1024K, 5 young (5120K), 5 survivors (5120K)
 Metaspace       used 128696K, committed 129600K, reserved 1179648K
  class space    used 18049K, committed 18496K, reserved 1048576K
}
Event: 126.019 GC heap before
{Heap before GC invocations=42 (full 0):
 garbage-first heap   total 274432K, used 141017K [0x0000000080000000, 0x0000000100000000)
  region size 1024K, 13 young (13312K), 5 survivors (5120K)
 Metaspace       used 128768K, committed 129664K, reserved 1179648K
  class space    used 18049K, committed 18496K, reserved 1048576K
}
Event: 126.022 GC heap after
{Heap after GC invocations=43 (full 0):
 garbage-first heap   total 274432K, used 133758K [0x0000000080000000, 0x0000000100000000)
  region size 1024K, 2 young (2048K), 2 survivors (2048K)
 Metaspace       used 128768K, committed 129664K, reserved 1179648K
  class space    used 18049K, committed 18496K, reserved 1048576K
}
Event: 127.353 GC heap before
{Heap before GC invocations=43 (full 0):
 garbage-first heap   total 274432K, used 217726K [0x0000000080000000, 0x0000000100000000)
  region size 1024K, 86 young (88064K), 2 survivors (2048K)
 Metaspace       used 129775K, committed 130624K, reserved 1179648K
  class space    used 18076K, committed 18496K, reserved 1048576K
}
Event: 127.358 GC heap after
{Heap after GC invocations=44 (full 0):
 garbage-first heap   total 274432K, used 141461K [0x0000000080000000, 0x0000000100000000)
  region size 1024K, 10 young (10240K), 10 survivors (10240K)
 Metaspace       used 129775K, committed 130624K, reserved 1179648K
  class space    used 18076K, committed 18496K, reserved 1048576K
}

