# JRE version: OpenJDK Runtime Environment (17.0.7) (build 17.0.7+0-b2043.56-10550314)
# Java VM: OpenJDK 64-Bit Server VM (17.0.7+0-b2043.56-10550314, mixed mode, tiered, compressed oops, compressed class ptrs, g1 gc, windows-amd64)
GC Precious Log:
 CPUs: 8 total, 8 available
 Memory: 16303M
 Large Page Support: Disabled
 NUMA Support: Disabled
 Compressed Oops: Enabled (32-bit)
 Heap Region Size: 1M
 Heap Min Capacity: 8M
 Heap Initial Capacity: 256M
 Heap Max Capacity: 2G
 Pre-touch: Disabled
 Parallel Workers: 8
 Concurrent Workers: 2
 Concurrent Refinement Workers: 8
 Periodic GC: Disabled
Heap:
 garbage-first heap   total 267264K, used 182343K [0x0000000080000000, 0x0000000100000000)
  region size 1024K, 108 young (110592K), 8 survivors (8192K)
 Metaspace       used 92051K, committed 92672K, reserved 1179648K
  class space    used 12772K, committed 13056K, reserved 1048576K
GC Heap History (20 events):
Event: 3.437 GC heap before
{Heap before GC invocations=20 (full 0):
 garbage-first heap   total 109568K, used 77542K [0x0000000080000000, 0x0000000100000000)
  region size 1024K, 20 young (20480K), 2 survivors (2048K)
 Metaspace       used 56946K, committed 57472K, reserved 1114112K
  class space    used 7689K, committed 7936K, reserved 1048576K
}
Event: 3.439 GC heap after
{Heap after GC invocations=21 (full 0):
 garbage-first heap   total 109568K, used 60439K [0x0000000080000000, 0x0000000100000000)
  region size 1024K, 2 young (2048K), 2 survivors (2048K)
 Metaspace       used 56946K, committed 57472K, reserved 1114112K
  class space    used 7689K, committed 7936K, reserved 1048576K
}
Event: 3.454 GC heap before
{Heap before GC invocations=21 (full 0):
 garbage-first heap   total 109568K, used 62487K [0x0000000080000000, 0x0000000100000000)
  region size 1024K, 5 young (5120K), 2 survivors (2048K)
 Metaspace       used 57227K, committed 57664K, reserved 1114112K
  class space    used 7728K, committed 7936K, reserved 1048576K
}
Event: 3.455 GC heap after
{Heap after GC invocations=22 (full 0):
 garbage-first heap   total 132096K, used 60443K [0x0000000080000000, 0x0000000100000000)
  region size 1024K, 1 young (1024K), 1 survivors (1024K)
 Metaspace       used 57227K, committed 57664K, reserved 1114112K
  class space    used 7728K, committed 7936K, reserved 1048576K
}
Event: 3.688 GC heap before
{Heap before GC invocations=22 (full 0):
 garbage-first heap   total 132096K, used 96283K [0x0000000080000000, 0x0000000100000000)
  region size 1024K, 36 young (36864K), 1 survivors (1024K)
 Metaspace       used 60980K, committed 61504K, reserved 1114112K
  class space    used 8160K, committed 8384K, reserved 1048576K
}
Event: 3.690 GC heap after
{Heap after GC invocations=23 (full 0):
 garbage-first heap   total 132096K, used 61332K [0x0000000080000000, 0x0000000100000000)
  region size 1024K, 1 young (1024K), 1 survivors (1024K)
 Metaspace       used 60980K, committed 61504K, reserved 1114112K
  class space    used 8160K, committed 8384K, reserved 1048576K
}
Event: 3.965 GC heap before
{Heap before GC invocations=24 (full 0):
 garbage-first heap   total 132096K, used 106388K [0x0000000080000000, 0x0000000100000000)
  region size 1024K, 39 young (39936K), 1 survivors (1024K)
 Metaspace       used 65380K, committed 65984K, reserved 1114112K
  class space    used 8774K, committed 9088K, reserved 1048576K
}
Event: 3.967 GC heap after
{Heap after GC invocations=25 (full 0):
 garbage-first heap   total 132096K, used 65823K [0x0000000080000000, 0x0000000100000000)
  region size 1024K, 5 young (5120K), 5 survivors (5120K)
 Metaspace       used 65380K, committed 65984K, reserved 1114112K
  class space    used 8774K, committed 9088K, reserved 1048576K
}
Event: 3.972 GC heap before
{Heap before GC invocations=25 (full 0):
 garbage-first heap   total 132096K, used 66847K [0x0000000080000000, 0x0000000100000000)
  region size 1024K, 6 young (6144K), 5 survivors (5120K)
 Metaspace       used 65450K, committed 66048K, reserved 1114112K
  class space    used 8789K, committed 9088K, reserved 1048576K
}
Event: 3.974 GC heap after
{Heap after GC invocations=26 (full 0):
 garbage-first heap   total 132096K, used 66078K [0x0000000080000000, 0x0000000100000000)
  region size 1024K, 1 young (1024K), 1 survivors (1024K)
 Metaspace       used 65450K, committed 66048K, reserved 1114112K
  class space    used 8789K, committed 9088K, reserved 1048576K
}
Event: 4.182 GC heap before
{Heap before GC invocations=26 (full 0):
 garbage-first heap   total 132096K, used 101918K [0x0000000080000000, 0x0000000100000000)
  region size 1024K, 36 young (36864K), 1 survivors (1024K)
 Metaspace       used 68254K, committed 68928K, reserved 1114112K
  class space    used 9159K, committed 9472K, reserved 1048576K
}
Event: 4.184 GC heap after
{Heap after GC invocations=27 (full 0):
 garbage-first heap   total 132096K, used 67403K [0x0000000080000000, 0x0000000100000000)
  region size 1024K, 2 young (2048K), 2 survivors (2048K)
 Metaspace       used 68254K, committed 68928K, reserved 1114112K
  class space    used 9159K, committed 9472K, reserved 1048576K
}
Event: 4.417 GC heap before
{Heap before GC invocations=28 (full 0):
 garbage-first heap   total 132096K, used 108363K [0x0000000080000000, 0x0000000100000000)
  region size 1024K, 38 young (38912K), 2 survivors (2048K)
 Metaspace       used 71395K, committed 72000K, reserved 1114112K
  class space    used 9609K, committed 9920K, reserved 1048576K
}
Event: 4.420 GC heap after
{Heap after GC invocations=29 (full 0):
 garbage-first heap   total 132096K, used 73407K [0x0000000080000000, 0x0000000100000000)
  region size 1024K, 4 young (4096K), 4 survivors (4096K)
 Metaspace       used 71395K, committed 72000K, reserved 1114112K
  class space    used 9609K, committed 9920K, reserved 1048576K
}
Event: 4.435 GC heap before
{Heap before GC invocations=29 (full 0):
 garbage-first heap   total 132096K, used 75455K [0x0000000080000000, 0x0000000100000000)
  region size 1024K, 6 young (6144K), 4 survivors (4096K)
 Metaspace       used 71596K, committed 72192K, reserved 1114112K
  class space    used 9644K, committed 9920K, reserved 1048576K
}
Event: 4.438 GC heap after
{Heap after GC invocations=30 (full 0):
 garbage-first heap   total 132096K, used 73199K [0x0000000080000000, 0x0000000100000000)
  region size 1024K, 1 young (1024K), 1 survivors (1024K)
 Metaspace       used 71596K, committed 72192K, reserved 1114112K
  class space    used 9644K, committed 9920K, reserved 1048576K
}
Event: 4.628 GC heap before
{Heap before GC invocations=30 (full 0):
 garbage-first heap   total 132096K, used 105967K [0x0000000080000000, 0x0000000100000000)
  region size 1024K, 33 young (33792K), 1 survivors (1024K)
 Metaspace       used 75252K, committed 75840K, reserved 1179648K
  class space    used 10144K, committed 10432K, reserved 1048576K
}
Event: 4.630 GC heap after
{Heap after GC invocations=31 (full 0):
 garbage-first heap   total 267264K, used 75028K [0x0000000080000000, 0x0000000100000000)
  region size 1024K, 3 young (3072K), 3 survivors (3072K)
 Metaspace       used 75252K, committed 75840K, reserved 1179648K
  class space    used 10144K, committed 10432K, reserved 1048576K
}
Event: 5.411 GC heap before
{Heap before GC invocations=32 (full 0):
 garbage-first heap   total 267264K, used 206100K [0x0000000080000000, 0x0000000100000000)
  region size 1024K, 131 young (134144K), 3 survivors (3072K)
 Metaspace       used 84156K, committed 84800K, reserved 1179648K
  class space    used 11556K, committed 11840K, reserved 1048576K
}
Event: 5.415 GC heap after
{Heap after GC invocations=33 (full 0):
 garbage-first heap   total 267264K, used 80967K [0x0000000080000000, 0x0000000100000000)
  region size 1024K, 8 young (8192K), 8 survivors (8192K)
 Metaspace       used 84156K, committed 84800K, reserved 1179648K
  class space    used 11556K, committed 11840K, reserved 1048576K
}

