# JRE version: OpenJDK Runtime Environment (17.0.7) (build 17.0.7+0-b2043.56-10550314)
# Java VM: OpenJDK 64-Bit Server VM (17.0.7+0-b2043.56-10550314, mixed mode, tiered, compressed oops, compressed class ptrs, g1 gc, windows-amd64)
GC Precious Log:
 CPUs: 8 total, 8 available
 Memory: 16303M
 Large Page Support: Disabled
 NUMA Support: Disabled
 Compressed Oops: Enabled (32-bit)
 Heap Region Size: 1M
 Heap Min Capacity: 8M
 Heap Initial Capacity: 256M
 Heap Max Capacity: 2G
 Pre-touch: Disabled
 Parallel Workers: 8
 Concurrent Workers: 2
 Concurrent Refinement Workers: 8
 Periodic GC: Disabled
Heap:
 garbage-first heap   total 335872K, used 224452K [0x0000000080000000, 0x0000000100000000)
  region size 1024K, 10 young (10240K), 10 survivors (10240K)
 Metaspace       used 130324K, committed 131200K, reserved 1179648K
  class space    used 17637K, committed 18048K, reserved 1048576K
GC Heap History (20 events):
Event: 20.304 GC heap after
{Heap after GC invocations=64 (full 0):
 garbage-first heap   total 245760K, used 142620K [0x0000000080000000, 0x0000000100000000)
  region size 1024K, 2 young (2048K), 2 survivors (2048K)
 Metaspace       used 110358K, committed 111168K, reserved 1179648K
  class space    used 15020K, committed 15424K, reserved 1048576K
}
Event: 20.508 GC heap before
{Heap before GC invocations=64 (full 0):
 garbage-first heap   total 245760K, used 191772K [0x0000000080000000, 0x0000000100000000)
  region size 1024K, 51 young (52224K), 2 survivors (2048K)
 Metaspace       used 112830K, committed 113664K, reserved 1179648K
  class space    used 15231K, committed 15680K, reserved 1048576K
}
Event: 20.512 GC heap after
{Heap after GC invocations=65 (full 0):
 garbage-first heap   total 245760K, used 149551K [0x0000000080000000, 0x0000000100000000)
  region size 1024K, 7 young (7168K), 7 survivors (7168K)
 Metaspace       used 112830K, committed 113664K, reserved 1179648K
  class space    used 15231K, committed 15680K, reserved 1048576K
}
Event: 20.628 GC heap before
{Heap before GC invocations=65 (full 0):
 garbage-first heap   total 245760K, used 195631K [0x0000000080000000, 0x0000000100000000)
  region size 1024K, 53 young (54272K), 7 survivors (7168K)
 Metaspace       used 113817K, committed 114624K, reserved 1179648K
  class space    used 15302K, committed 15744K, reserved 1048576K
}
Event: 20.633 GC heap after
{Heap after GC invocations=66 (full 0):
 garbage-first heap   total 335872K, used 152509K [0x0000000080000000, 0x0000000100000000)
  region size 1024K, 3 young (3072K), 3 survivors (3072K)
 Metaspace       used 113817K, committed 114624K, reserved 1179648K
  class space    used 15302K, committed 15744K, reserved 1048576K
}
Event: 21.087 GC heap before
{Heap before GC invocations=66 (full 0):
 garbage-first heap   total 335872K, used 255933K [0x0000000080000000, 0x0000000100000000)
  region size 1024K, 99 young (101376K), 3 survivors (3072K)
 Metaspace       used 115645K, committed 116480K, reserved 1179648K
  class space    used 15454K, committed 15872K, reserved 1048576K
}
Event: 21.091 GC heap after
{Heap after GC invocations=67 (full 0):
 garbage-first heap   total 335872K, used 154636K [0x0000000080000000, 0x0000000100000000)
  region size 1024K, 6 young (6144K), 6 survivors (6144K)
 Metaspace       used 115645K, committed 116480K, reserved 1179648K
  class space    used 15454K, committed 15872K, reserved 1048576K
}
Event: 21.810 GC heap before
{Heap before GC invocations=67 (full 0):
 garbage-first heap   total 335872K, used 268300K [0x0000000080000000, 0x0000000100000000)
  region size 1024K, 118 young (120832K), 6 survivors (6144K)
 Metaspace       used 118202K, committed 119040K, reserved 1179648K
  class space    used 15776K, committed 16192K, reserved 1048576K
}
Event: 21.815 GC heap after
{Heap after GC invocations=68 (full 0):
 garbage-first heap   total 335872K, used 158395K [0x0000000080000000, 0x0000000100000000)
  region size 1024K, 9 young (9216K), 9 survivors (9216K)
 Metaspace       used 118202K, committed 119040K, reserved 1179648K
  class space    used 15776K, committed 16192K, reserved 1048576K
}
Event: 22.067 GC heap before
{Heap before GC invocations=68 (full 0):
 garbage-first heap   total 335872K, used 275131K [0x0000000080000000, 0x0000000100000000)
  region size 1024K, 124 young (126976K), 9 survivors (9216K)
 Metaspace       used 118342K, committed 119168K, reserved 1179648K
  class space    used 15785K, committed 16192K, reserved 1048576K
}
Event: 22.071 GC heap after
{Heap after GC invocations=69 (full 0):
 garbage-first heap   total 335872K, used 158893K [0x0000000080000000, 0x0000000100000000)
  region size 1024K, 8 young (8192K), 8 survivors (8192K)
 Metaspace       used 118342K, committed 119168K, reserved 1179648K
  class space    used 15785K, committed 16192K, reserved 1048576K
}
Event: 22.629 GC heap before
{Heap before GC invocations=69 (full 0):
 garbage-first heap   total 335872K, used 280749K [0x0000000080000000, 0x0000000100000000)
  region size 1024K, 128 young (131072K), 8 survivors (8192K)
 Metaspace       used 122975K, committed 123776K, reserved 1179648K
  class space    used 16497K, committed 16896K, reserved 1048576K
}
Event: 22.635 GC heap after
{Heap after GC invocations=70 (full 0):
 garbage-first heap   total 335872K, used 169362K [0x0000000080000000, 0x0000000100000000)
  region size 1024K, 16 young (16384K), 16 survivors (16384K)
 Metaspace       used 122975K, committed 123776K, reserved 1179648K
  class space    used 16497K, committed 16896K, reserved 1048576K
}
Event: 22.881 GC heap before
{Heap before GC invocations=70 (full 0):
 garbage-first heap   total 335872K, used 276882K [0x0000000080000000, 0x0000000100000000)
  region size 1024K, 122 young (124928K), 16 survivors (16384K)
 Metaspace       used 126253K, committed 127104K, reserved 1179648K
  class space    used 17004K, committed 17408K, reserved 1048576K
}
Event: 22.894 GC heap after
{Heap after GC invocations=71 (full 0):
 garbage-first heap   total 335872K, used 188330K [0x0000000080000000, 0x0000000100000000)
  region size 1024K, 16 young (16384K), 16 survivors (16384K)
 Metaspace       used 126253K, committed 127104K, reserved 1179648K
  class space    used 17004K, committed 17408K, reserved 1048576K
}
Event: 23.012 GC heap before
{Heap before GC invocations=71 (full 0):
 garbage-first heap   total 335872K, used 273322K [0x0000000080000000, 0x0000000100000000)
  region size 1024K, 100 young (102400K), 16 survivors (16384K)
 Metaspace       used 128030K, committed 128896K, reserved 1179648K
  class space    used 17204K, committed 17600K, reserved 1048576K
}
Event: 23.025 GC heap after
{Heap after GC invocations=72 (full 0):
 garbage-first heap   total 335872K, used 202020K [0x0000000080000000, 0x0000000100000000)
  region size 1024K, 13 young (13312K), 13 survivors (13312K)
 Metaspace       used 128030K, committed 128896K, reserved 1179648K
  class space    used 17204K, committed 17600K, reserved 1048576K
}
Event: 23.096 GC heap before
{Heap before GC invocations=72 (full 0):
 garbage-first heap   total 335872K, used 274724K [0x0000000080000000, 0x0000000100000000)
  region size 1024K, 85 young (87040K), 13 survivors (13312K)
 Metaspace       used 128927K, committed 129792K, reserved 1179648K
  class space    used 17374K, committed 17792K, reserved 1048576K
}
Event: 23.111 GC heap after
{Heap after GC invocations=73 (full 0):
 garbage-first heap   total 335872K, used 213729K [0x0000000080000000, 0x0000000100000000)
  region size 1024K, 11 young (11264K), 11 survivors (11264K)
 Metaspace       used 128927K, committed 129792K, reserved 1179648K
  class space    used 17374K, committed 17792K, reserved 1048576K
}
Event: 23.193 GC heap before
{Heap before GC invocations=73 (full 0):
 garbage-first heap   total 335872K, used 277217K [0x0000000080000000, 0x0000000100000000)
  region size 1024K, 74 young (75776K), 11 survivors (11264K)
 Metaspace       used 130324K, committed 131200K, reserved 1179648K
  class space    used 17637K, committed 18048K, reserved 1048576K
}

