# JRE version: OpenJDK Runtime Environment (17.0.7) (build 17.0.7+0-b2043.56-10550314)
# Java VM: OpenJDK 64-Bit Server VM (17.0.7+0-b2043.56-10550314, mixed mode, tiered, compressed oops, compressed class ptrs, g1 gc, windows-amd64)
GC Precious Log:
 CPUs: 8 total, 8 available
 Memory: 16303M
 Large Page Support: Disabled
 NUMA Support: Disabled
 Compressed Oops: Enabled (32-bit)
 Heap Region Size: 1M
 Heap Min Capacity: 8M
 Heap Initial Capacity: 256M
 Heap Max Capacity: 2G
 Pre-touch: Disabled
 Parallel Workers: 8
 Concurrent Workers: 2
 Concurrent Refinement Workers: 8
 Periodic GC: Disabled
Heap:
 garbage-first heap   total 288768K, used 76601K [0x0000000080000000, 0x0000000100000000)
  region size 1024K, 7 young (7168K), 2 survivors (2048K)
 Metaspace       used 70914K, committed 71552K, reserved 1114112K
  class space    used 9544K, committed 9856K, reserved 1048576K
GC Heap History (20 events):
Event: 1.857 GC heap before
{Heap before GC invocations=8 (full 0):
 garbage-first heap   total 71680K, used 26340K [0x0000000080000000, 0x0000000100000000)
  region size 1024K, 7 young (7168K), 3 survivors (3072K)
 Metaspace       used 35632K, committed 35968K, reserved 1114112K
  class space    used 4946K, committed 5120K, reserved 1048576K
}
Event: 1.858 GC heap after
{Heap after GC invocations=9 (full 0):
 garbage-first heap   total 71680K, used 23843K [0x0000000080000000, 0x0000000100000000)
  region size 1024K, 2 young (2048K), 2 survivors (2048K)
 Metaspace       used 35632K, committed 35968K, reserved 1114112K
  class space    used 4946K, committed 5120K, reserved 1048576K
}
Event: 2.083 GC heap before
{Heap before GC invocations=10 (full 0):
 garbage-first heap   total 71680K, used 54563K [0x0000000080000000, 0x0000000100000000)
  region size 1024K, 33 young (33792K), 2 survivors (2048K)
 Metaspace       used 41122K, committed 41472K, reserved 1114112K
  class space    used 5477K, committed 5632K, reserved 1048576K
}
Event: 2.086 GC heap after
{Heap after GC invocations=11 (full 0):
 garbage-first heap   total 129024K, used 28120K [0x0000000080000000, 0x0000000100000000)
  region size 1024K, 5 young (5120K), 5 survivors (5120K)
 Metaspace       used 41122K, committed 41472K, reserved 1114112K
  class space    used 5477K, committed 5632K, reserved 1048576K
}
Event: 2.087 GC heap before
{Heap before GC invocations=11 (full 0):
 garbage-first heap   total 129024K, used 29144K [0x0000000080000000, 0x0000000100000000)
  region size 1024K, 6 young (6144K), 5 survivors (5120K)
 Metaspace       used 41123K, committed 41472K, reserved 1114112K
  class space    used 5477K, committed 5632K, reserved 1048576K
}
Event: 2.089 GC heap after
{Heap after GC invocations=12 (full 0):
 garbage-first heap   total 129024K, used 28420K [0x0000000080000000, 0x0000000100000000)
  region size 1024K, 1 young (1024K), 1 survivors (1024K)
 Metaspace       used 41123K, committed 41472K, reserved 1114112K
  class space    used 5477K, committed 5632K, reserved 1048576K
}
Event: 2.496 GC heap before
{Heap before GC invocations=12 (full 0):
 garbage-first heap   total 129024K, used 97028K [0x0000000080000000, 0x0000000100000000)
  region size 1024K, 62 young (63488K), 1 survivors (1024K)
 Metaspace       used 47428K, committed 47872K, reserved 1114112K
  class space    used 6289K, committed 6528K, reserved 1048576K
}
Event: 2.499 GC heap after
{Heap after GC invocations=13 (full 0):
 garbage-first heap   total 129024K, used 32286K [0x0000000080000000, 0x0000000100000000)
  region size 1024K, 5 young (5120K), 5 survivors (5120K)
 Metaspace       used 47428K, committed 47872K, reserved 1114112K
  class space    used 6289K, committed 6528K, reserved 1048576K
}
Event: 3.030 GC heap before
{Heap before GC invocations=13 (full 0):
 garbage-first heap   total 129024K, used 93726K [0x0000000080000000, 0x0000000100000000)
  region size 1024K, 65 young (66560K), 5 survivors (5120K)
 Metaspace       used 53836K, committed 54336K, reserved 1114112K
  class space    used 7267K, committed 7488K, reserved 1048576K
}
Event: 3.033 GC heap after
{Heap after GC invocations=14 (full 0):
 garbage-first heap   total 129024K, used 36310K [0x0000000080000000, 0x0000000100000000)
  region size 1024K, 9 young (9216K), 9 survivors (9216K)
 Metaspace       used 53836K, committed 54336K, reserved 1114112K
  class space    used 7267K, committed 7488K, reserved 1048576K
}
Event: 3.362 GC heap before
{Heap before GC invocations=14 (full 0):
 garbage-first heap   total 129024K, used 107990K [0x0000000080000000, 0x0000000100000000)
  region size 1024K, 67 young (68608K), 9 survivors (9216K)
 Metaspace       used 57081K, committed 57600K, reserved 1114112K
  class space    used 7692K, committed 7936K, reserved 1048576K
}
Event: 3.367 GC heap after
{Heap after GC invocations=15 (full 0):
 garbage-first heap   total 129024K, used 59170K [0x0000000080000000, 0x0000000100000000)
  region size 1024K, 9 young (9216K), 9 survivors (9216K)
 Metaspace       used 57081K, committed 57600K, reserved 1114112K
  class space    used 7692K, committed 7936K, reserved 1048576K
}
Event: 3.515 GC heap before
{Heap before GC invocations=15 (full 0):
 garbage-first heap   total 129024K, used 84770K [0x0000000080000000, 0x0000000100000000)
  region size 1024K, 35 young (35840K), 9 survivors (9216K)
 Metaspace       used 59798K, committed 60288K, reserved 1114112K
  class space    used 8007K, committed 8192K, reserved 1048576K
}
Event: 3.518 GC heap after
{Heap after GC invocations=16 (full 0):
 garbage-first heap   total 129024K, used 60594K [0x0000000080000000, 0x0000000100000000)
  region size 1024K, 2 young (2048K), 2 survivors (2048K)
 Metaspace       used 59798K, committed 60288K, reserved 1114112K
  class space    used 8007K, committed 8192K, reserved 1048576K
}
Event: 3.824 GC heap before
{Heap before GC invocations=17 (full 0):
 garbage-first heap   total 129024K, used 97458K [0x0000000080000000, 0x0000000100000000)
  region size 1024K, 39 young (39936K), 2 survivors (2048K)
 Metaspace       used 65282K, committed 65856K, reserved 1114112K
  class space    used 8750K, committed 9024K, reserved 1048576K
}
Event: 3.827 GC heap after
{Heap after GC invocations=18 (full 0):
 garbage-first heap   total 129024K, used 62780K [0x0000000080000000, 0x0000000100000000)
  region size 1024K, 4 young (4096K), 4 survivors (4096K)
 Metaspace       used 65282K, committed 65856K, reserved 1114112K
  class space    used 8750K, committed 9024K, reserved 1048576K
}
Event: 4.039 GC heap before
{Heap before GC invocations=19 (full 0):
 garbage-first heap   total 129024K, used 108860K [0x0000000080000000, 0x0000000100000000)
  region size 1024K, 43 young (44032K), 4 survivors (4096K)
 Metaspace       used 67496K, committed 68096K, reserved 1114112K
  class space    used 9055K, committed 9344K, reserved 1048576K
}
Event: 4.042 GC heap after
{Heap after GC invocations=20 (full 0):
 garbage-first heap   total 129024K, used 66135K [0x0000000080000000, 0x0000000100000000)
  region size 1024K, 6 young (6144K), 6 survivors (6144K)
 Metaspace       used 67496K, committed 68096K, reserved 1114112K
  class space    used 9055K, committed 9344K, reserved 1048576K
}
Event: 4.288 GC heap before
{Heap before GC invocations=20 (full 0):
 garbage-first heap   total 129024K, used 102999K [0x0000000080000000, 0x0000000100000000)
  region size 1024K, 43 young (44032K), 6 survivors (6144K)
 Metaspace       used 70533K, committed 71168K, reserved 1114112K
  class space    used 9488K, committed 9792K, reserved 1048576K
}
Event: 4.292 GC heap after
{Heap after GC invocations=21 (full 0):
 garbage-first heap   total 288768K, used 68409K [0x0000000080000000, 0x0000000100000000)
  region size 1024K, 2 young (2048K), 2 survivors (2048K)
 Metaspace       used 70533K, committed 71168K, reserved 1114112K
  class space    used 9488K, committed 9792K, reserved 1048576K
}

