# JRE version: OpenJDK Runtime Environment (17.0.7) (build 17.0.7+0-b2043.56-10550314)
# Java VM: OpenJDK 64-Bit Server VM (17.0.7+0-b2043.56-10550314, mixed mode, tiered, compressed oops, compressed class ptrs, g1 gc, windows-amd64)
GC Precious Log:
 CPUs: 8 total, 8 available
 Memory: 16303M
 Large Page Support: Disabled
 NUMA Support: Disabled
 Compressed Oops: Enabled (32-bit)
 Heap Region Size: 1M
 Heap Min Capacity: 8M
 Heap Initial Capacity: 256M
 Heap Max Capacity: 2G
 Pre-touch: Disabled
 Parallel Workers: 8
 Concurrent Workers: 2
 Concurrent Refinement Workers: 8
 Periodic GC: Disabled
Heap:
 garbage-first heap   total 214016K, used 73578K [0x0000000080000000, 0x0000000100000000)
  region size 1024K, 1 young (1024K), 1 survivors (1024K)
 Metaspace       used 71820K, committed 72448K, reserved 1114112K
  class space    used 9681K, committed 9984K, reserved 1048576K
GC Heap History (20 events):
Event: 3.410 GC heap after
{Heap after GC invocations=18 (full 0):
 garbage-first heap   total 109568K, used 60389K [0x0000000080000000, 0x0000000100000000)
  region size 1024K, 1 young (1024K), 1 survivors (1024K)
 Metaspace       used 56815K, committed 57280K, reserved 1114112K
  class space    used 7669K, committed 7872K, reserved 1048576K
}
Event: 3.430 GC heap before
{Heap before GC invocations=18 (full 0):
 garbage-first heap   total 109568K, used 64485K [0x0000000080000000, 0x0000000100000000)
  region size 1024K, 5 young (5120K), 1 survivors (1024K)
 Metaspace       used 57226K, committed 57664K, reserved 1114112K
  class space    used 7724K, committed 7936K, reserved 1048576K
}
Event: 3.431 GC heap after
{Heap after GC invocations=19 (full 0):
 garbage-first heap   total 109568K, used 60436K [0x0000000080000000, 0x0000000100000000)
  region size 1024K, 1 young (1024K), 1 survivors (1024K)
 Metaspace       used 57226K, committed 57664K, reserved 1114112K
  class space    used 7724K, committed 7936K, reserved 1048576K
}
Event: 3.561 GC heap before
{Heap before GC invocations=19 (full 0):
 garbage-first heap   total 109568K, used 82964K [0x0000000080000000, 0x0000000100000000)
  region size 1024K, 23 young (23552K), 1 survivors (1024K)
 Metaspace       used 59531K, committed 60032K, reserved 1114112K
  class space    used 7983K, committed 8192K, reserved 1048576K
}
Event: 3.563 GC heap after
{Heap after GC invocations=20 (full 0):
 garbage-first heap   total 132096K, used 60960K [0x0000000080000000, 0x0000000100000000)
  region size 1024K, 1 young (1024K), 1 survivors (1024K)
 Metaspace       used 59531K, committed 60032K, reserved 1114112K
  class space    used 7983K, committed 8192K, reserved 1048576K
}
Event: 3.876 GC heap before
{Heap before GC invocations=21 (full 0):
 garbage-first heap   total 132096K, used 98848K [0x0000000080000000, 0x0000000100000000)
  region size 1024K, 38 young (38912K), 1 survivors (1024K)
 Metaspace       used 65264K, committed 65856K, reserved 1114112K
  class space    used 8749K, committed 9024K, reserved 1048576K
}
Event: 3.878 GC heap after
{Heap after GC invocations=22 (full 0):
 garbage-first heap   total 132096K, used 63061K [0x0000000080000000, 0x0000000100000000)
  region size 1024K, 3 young (3072K), 3 survivors (3072K)
 Metaspace       used 65264K, committed 65856K, reserved 1114112K
  class space    used 8749K, committed 9024K, reserved 1048576K
}
Event: 3.883 GC heap before
{Heap before GC invocations=22 (full 0):
 garbage-first heap   total 132096K, used 67157K [0x0000000080000000, 0x0000000100000000)
  region size 1024K, 6 young (6144K), 3 survivors (3072K)
 Metaspace       used 65264K, committed 65856K, reserved 1114112K
  class space    used 8749K, committed 9024K, reserved 1048576K
}
Event: 3.886 GC heap after
{Heap after GC invocations=23 (full 0):
 garbage-first heap   total 132096K, used 65032K [0x0000000080000000, 0x0000000100000000)
  region size 1024K, 1 young (1024K), 1 survivors (1024K)
 Metaspace       used 65264K, committed 65856K, reserved 1114112K
  class space    used 8749K, committed 9024K, reserved 1048576K
}
Event: 3.889 GC heap before
{Heap before GC invocations=23 (full 0):
 garbage-first heap   total 132096K, used 65032K [0x0000000080000000, 0x0000000100000000)
  region size 1024K, 2 young (2048K), 1 survivors (1024K)
 Metaspace       used 65264K, committed 65856K, reserved 1114112K
  class space    used 8749K, committed 9024K, reserved 1048576K
}
Event: 3.890 GC heap after
{Heap after GC invocations=24 (full 0):
 garbage-first heap   total 132096K, used 65879K [0x0000000080000000, 0x0000000100000000)
  region size 1024K, 2 young (2048K), 2 survivors (2048K)
 Metaspace       used 65264K, committed 65856K, reserved 1114112K
  class space    used 8749K, committed 9024K, reserved 1048576K
}
Event: 4.028 GC heap before
{Heap before GC invocations=25 (full 0):
 garbage-first heap   total 132096K, used 95575K [0x0000000080000000, 0x0000000100000000)
  region size 1024K, 27 young (27648K), 2 survivors (2048K)
 Metaspace       used 66676K, committed 67264K, reserved 1114112K
  class space    used 8940K, committed 9216K, reserved 1048576K
}
Event: 4.029 GC heap after
{Heap after GC invocations=26 (full 0):
 garbage-first heap   total 132096K, used 66054K [0x0000000080000000, 0x0000000100000000)
  region size 1024K, 3 young (3072K), 3 survivors (3072K)
 Metaspace       used 66676K, committed 67264K, reserved 1114112K
  class space    used 8940K, committed 9216K, reserved 1048576K
}
Event: 4.048 GC heap before
{Heap before GC invocations=26 (full 0):
 garbage-first heap   total 132096K, used 68102K [0x0000000080000000, 0x0000000100000000)
  region size 1024K, 6 young (6144K), 3 survivors (3072K)
 Metaspace       used 66897K, committed 67456K, reserved 1114112K
  class space    used 8975K, committed 9280K, reserved 1048576K
}
Event: 4.049 GC heap after
{Heap after GC invocations=27 (full 0):
 garbage-first heap   total 132096K, used 66371K [0x0000000080000000, 0x0000000100000000)
  region size 1024K, 1 young (1024K), 1 survivors (1024K)
 Metaspace       used 66897K, committed 67456K, reserved 1114112K
  class space    used 8975K, committed 9280K, reserved 1048576K
}
Event: 4.190 GC heap before
{Heap before GC invocations=27 (full 0):
 garbage-first heap   total 132096K, used 94019K [0x0000000080000000, 0x0000000100000000)
  region size 1024K, 28 young (28672K), 1 survivors (1024K)
 Metaspace       used 68969K, committed 69568K, reserved 1114112K
  class space    used 9241K, committed 9536K, reserved 1048576K
}
Event: 4.192 GC heap after
{Heap after GC invocations=28 (full 0):
 garbage-first heap   total 132096K, used 67629K [0x0000000080000000, 0x0000000100000000)
  region size 1024K, 2 young (2048K), 2 survivors (2048K)
 Metaspace       used 68969K, committed 69568K, reserved 1114112K
  class space    used 9241K, committed 9536K, reserved 1048576K
}
Event: 4.378 GC heap before
{Heap before GC invocations=29 (full 0):
 garbage-first heap   total 132096K, used 101421K [0x0000000080000000, 0x0000000100000000)
  region size 1024K, 31 young (31744K), 2 survivors (2048K)
 Metaspace       used 71600K, committed 72192K, reserved 1114112K
  class space    used 9643K, committed 9920K, reserved 1048576K
}
Event: 4.380 GC heap after
{Heap after GC invocations=30 (full 0):
 garbage-first heap   total 132096K, used 73254K [0x0000000080000000, 0x0000000100000000)
  region size 1024K, 4 young (4096K), 4 survivors (4096K)
 Metaspace       used 71600K, committed 72192K, reserved 1114112K
  class space    used 9643K, committed 9920K, reserved 1048576K
}
Event: 4.393 GC heap before
{Heap before GC invocations=30 (full 0):
 garbage-first heap   total 132096K, used 75302K [0x0000000080000000, 0x0000000100000000)
  region size 1024K, 6 young (6144K), 4 survivors (4096K)
 Metaspace       used 71820K, committed 72448K, reserved 1114112K
  class space    used 9681K, committed 9984K, reserved 1048576K
}

