# JRE version: OpenJDK Runtime Environment (17.0.7) (build 17.0.7+0-b2043.56-10550314)
# Java VM: OpenJDK 64-Bit Server VM (17.0.7+0-b2043.56-10550314, mixed mode, tiered, compressed oops, compressed class ptrs, g1 gc, windows-amd64)
GC Precious Log:
 CPUs: 8 total, 8 available
 Memory: 16303M
 Large Page Support: Disabled
 NUMA Support: Disabled
 Compressed Oops: Enabled (32-bit)
 Heap Region Size: 1M
 Heap Min Capacity: 8M
 Heap Initial Capacity: 256M
 Heap Max Capacity: 2G
 Pre-touch: Disabled
 Parallel Workers: 8
 Concurrent Workers: 2
 Concurrent Refinement Workers: 8
 Periodic GC: Disabled
Heap:
 garbage-first heap   total 266240K, used 79247K [0x0000000080000000, 0x0000000100000000)
  region size 1024K, 16 young (16384K), 13 survivors (13312K)
 Metaspace       used 77834K, committed 78528K, reserved 1179648K
  class space    used 10490K, committed 10816K, reserved 1048576K
GC Heap History (20 events):
Event: 1.861 GC heap before
{Heap before GC invocations=8 (full 0):
 garbage-first heap   total 68608K, used 31159K [0x0000000080000000, 0x0000000100000000)
  region size 1024K, 12 young (12288K), 3 survivors (3072K)
 Metaspace       used 35616K, committed 35968K, reserved 1114112K
  class space    used 4950K, committed 5120K, reserved 1048576K
}
Event: 1.862 GC heap after
{Heap after GC invocations=9 (full 0):
 garbage-first heap   total 68608K, used 23886K [0x0000000080000000, 0x0000000100000000)
  region size 1024K, 3 young (3072K), 3 survivors (3072K)
 Metaspace       used 35616K, committed 35968K, reserved 1114112K
  class space    used 4950K, committed 5120K, reserved 1048576K
}
Event: 2.086 GC heap before
{Heap before GC invocations=10 (full 0):
 garbage-first heap   total 68608K, used 52558K [0x0000000080000000, 0x0000000100000000)
  region size 1024K, 31 young (31744K), 3 survivors (3072K)
 Metaspace       used 41099K, committed 41408K, reserved 1114112K
  class space    used 5480K, committed 5632K, reserved 1048576K
}
Event: 2.089 GC heap after
{Heap after GC invocations=11 (full 0):
 garbage-first heap   total 134144K, used 27403K [0x0000000080000000, 0x0000000100000000)
  region size 1024K, 4 young (4096K), 4 survivors (4096K)
 Metaspace       used 41099K, committed 41408K, reserved 1114112K
  class space    used 5480K, committed 5632K, reserved 1048576K
}
Event: 2.093 GC heap before
{Heap before GC invocations=11 (full 0):
 garbage-first heap   total 134144K, used 29451K [0x0000000080000000, 0x0000000100000000)
  region size 1024K, 6 young (6144K), 4 survivors (4096K)
 Metaspace       used 41099K, committed 41408K, reserved 1114112K
  class space    used 5480K, committed 5632K, reserved 1048576K
}
Event: 2.095 GC heap after
{Heap after GC invocations=12 (full 0):
 garbage-first heap   total 134144K, used 28386K [0x0000000080000000, 0x0000000100000000)
  region size 1024K, 1 young (1024K), 1 survivors (1024K)
 Metaspace       used 41099K, committed 41408K, reserved 1114112K
  class space    used 5480K, committed 5632K, reserved 1048576K
}
Event: 2.567 GC heap before
{Heap before GC invocations=12 (full 0):
 garbage-first heap   total 134144K, used 108258K [0x0000000080000000, 0x0000000100000000)
  region size 1024K, 73 young (74752K), 1 survivors (1024K)
 Metaspace       used 48359K, committed 48832K, reserved 1114112K
  class space    used 6436K, committed 6656K, reserved 1048576K
}
Event: 2.570 GC heap after
{Heap after GC invocations=13 (full 0):
 garbage-first heap   total 134144K, used 32825K [0x0000000080000000, 0x0000000100000000)
  region size 1024K, 6 young (6144K), 6 survivors (6144K)
 Metaspace       used 48359K, committed 48832K, reserved 1114112K
  class space    used 6436K, committed 6656K, reserved 1048576K
}
Event: 3.094 GC heap before
{Heap before GC invocations=13 (full 0):
 garbage-first heap   total 134144K, used 98361K [0x0000000080000000, 0x0000000100000000)
  region size 1024K, 71 young (72704K), 6 survivors (6144K)
 Metaspace       used 54203K, committed 54720K, reserved 1114112K
  class space    used 7309K, committed 7552K, reserved 1048576K
}
Event: 3.098 GC heap after
{Heap after GC invocations=14 (full 0):
 garbage-first heap   total 134144K, used 37990K [0x0000000080000000, 0x0000000100000000)
  region size 1024K, 5 young (5120K), 5 survivors (5120K)
 Metaspace       used 54203K, committed 54720K, reserved 1114112K
  class space    used 7309K, committed 7552K, reserved 1048576K
}
Event: 3.445 GC heap before
{Heap before GC invocations=14 (full 0):
 garbage-first heap   total 134144K, used 115814K [0x0000000080000000, 0x0000000100000000)
  region size 1024K, 67 young (68608K), 5 survivors (5120K)
 Metaspace       used 58849K, committed 59392K, reserved 1114112K
  class space    used 7894K, committed 8128K, reserved 1048576K
}
Event: 3.449 GC heap after
{Heap after GC invocations=15 (full 0):
 garbage-first heap   total 134144K, used 60606K [0x0000000080000000, 0x0000000100000000)
  region size 1024K, 9 young (9216K), 9 survivors (9216K)
 Metaspace       used 58849K, committed 59392K, reserved 1114112K
  class space    used 7894K, committed 8128K, reserved 1048576K
}
Event: 3.489 GC heap before
{Heap before GC invocations=15 (full 0):
 garbage-first heap   total 134144K, used 69822K [0x0000000080000000, 0x0000000100000000)
  region size 1024K, 19 young (19456K), 9 survivors (9216K)
 Metaspace       used 59904K, committed 60416K, reserved 1114112K
  class space    used 8011K, committed 8256K, reserved 1048576K
}
Event: 3.490 GC heap after
{Heap after GC invocations=16 (full 0):
 garbage-first heap   total 134144K, used 61434K [0x0000000080000000, 0x0000000100000000)
  region size 1024K, 1 young (1024K), 1 survivors (1024K)
 Metaspace       used 59904K, committed 60416K, reserved 1114112K
  class space    used 8011K, committed 8256K, reserved 1048576K
}
Event: 3.788 GC heap before
{Heap before GC invocations=17 (full 0):
 garbage-first heap   total 134144K, used 97274K [0x0000000080000000, 0x0000000100000000)
  region size 1024K, 37 young (37888K), 1 survivors (1024K)
 Metaspace       used 65258K, committed 65856K, reserved 1114112K
  class space    used 8749K, committed 9024K, reserved 1048576K
}
Event: 3.790 GC heap after
{Heap after GC invocations=18 (full 0):
 garbage-first heap   total 134144K, used 63547K [0x0000000080000000, 0x0000000100000000)
  region size 1024K, 3 young (3072K), 3 survivors (3072K)
 Metaspace       used 65258K, committed 65856K, reserved 1114112K
  class space    used 8749K, committed 9024K, reserved 1048576K
}
Event: 4.028 GC heap before
{Heap before GC invocations=19 (full 0):
 garbage-first heap   total 134144K, used 115771K [0x0000000080000000, 0x0000000100000000)
  region size 1024K, 48 young (49152K), 3 survivors (3072K)
 Metaspace       used 67926K, committed 68544K, reserved 1114112K
  class space    used 9108K, committed 9408K, reserved 1048576K
}
Event: 4.030 GC heap after
{Heap after GC invocations=20 (full 0):
 garbage-first heap   total 266240K, used 67311K [0x0000000080000000, 0x0000000100000000)
  region size 1024K, 6 young (6144K), 6 survivors (6144K)
 Metaspace       used 67926K, committed 68544K, reserved 1114112K
  class space    used 9108K, committed 9408K, reserved 1048576K
}
Event: 4.690 GC heap before
{Heap before GC invocations=20 (full 0):
 garbage-first heap   total 266240K, used 181999K [0x0000000080000000, 0x0000000100000000)
  region size 1024K, 114 young (116736K), 6 survivors (6144K)
 Metaspace       used 77751K, committed 78400K, reserved 1179648K
  class space    used 10478K, committed 10752K, reserved 1048576K
}
Event: 4.696 GC heap after
{Heap after GC invocations=21 (full 0):
 garbage-first heap   total 266240K, used 78223K [0x0000000080000000, 0x0000000100000000)
  region size 1024K, 13 young (13312K), 13 survivors (13312K)
 Metaspace       used 77751K, committed 78400K, reserved 1179648K
  class space    used 10478K, committed 10752K, reserved 1048576K
}

