# JRE version: OpenJDK Runtime Environment (17.0.7) (build 17.0.7+0-b2043.56-10550314)
# Java VM: OpenJDK 64-Bit Server VM (17.0.7+0-b2043.56-10550314, mixed mode, tiered, compressed oops, compressed class ptrs, g1 gc, windows-amd64)
GC Precious Log:
 CPUs: 8 total, 8 available
 Memory: 16303M
 Large Page Support: Disabled
 NUMA Support: Disabled
 Compressed Oops: Enabled (Zero based)
 Heap Region Size: 2M
 Heap Min Capacity: 8M
 Heap Initial Capacity: 256M
 Heap Max Capacity: 4076M
 Pre-touch: Disabled
 Parallel Workers: 8
 Concurrent Workers: 2
 Concurrent Refinement Workers: 8
 Periodic GC: Disabled
Heap:
 garbage-first heap   total 221184K, used 141968K [0x0000000701400000, 0x0000000800000000)
  region size 2048K, 18 young (36864K), 1 survivors (2048K)
 Metaspace       used 85127K, committed 85504K, reserved 1179648K
  class space    used 8997K, committed 9152K, reserved 1048576K
GC Heap History (20 events):
Event: 3.295 GC heap before
{Heap before GC invocations=15 (full 0):
 garbage-first heap   total 133120K, used 98068K [0x0000000701400000, 0x0000000800000000)
  region size 2048K, 24 young (49152K), 4 survivors (8192K)
 Metaspace       used 58483K, committed 58752K, reserved 1114112K
  class space    used 6691K, committed 6784K, reserved 1048576K
}
Event: 3.306 GC heap after
{Heap after GC invocations=16 (full 0):
 garbage-first heap   total 133120K, used 62888K [0x0000000701400000, 0x0000000800000000)
  region size 2048K, 3 young (6144K), 3 survivors (6144K)
 Metaspace       used 58483K, committed 58752K, reserved 1114112K
  class space    used 6691K, committed 6784K, reserved 1048576K
}
Event: 3.731 GC heap before
{Heap before GC invocations=16 (full 0):
 garbage-first heap   total 133120K, used 99752K [0x0000000701400000, 0x0000000800000000)
  region size 2048K, 21 young (43008K), 3 survivors (6144K)
 Metaspace       used 60175K, committed 60480K, reserved 1114112K
  class space    used 6782K, committed 6912K, reserved 1048576K
}
Event: 3.743 GC heap after
{Heap after GC invocations=17 (full 0):
 garbage-first heap   total 184320K, used 69434K [0x0000000701400000, 0x0000000800000000)
  region size 2048K, 3 young (6144K), 3 survivors (6144K)
 Metaspace       used 60175K, committed 60480K, reserved 1114112K
  class space    used 6782K, committed 6912K, reserved 1048576K
}
Event: 3.840 GC heap before
{Heap before GC invocations=17 (full 0):
 garbage-first heap   total 184320K, used 89914K [0x0000000701400000, 0x0000000800000000)
  region size 2048K, 14 young (28672K), 3 survivors (6144K)
 Metaspace       used 60345K, committed 60608K, reserved 1114112K
  class space    used 6791K, committed 6912K, reserved 1048576K
}
Event: 3.849 GC heap after
{Heap after GC invocations=18 (full 0):
 garbage-first heap   total 184320K, used 75183K [0x0000000701400000, 0x0000000800000000)
  region size 2048K, 3 young (6144K), 3 survivors (6144K)
 Metaspace       used 60345K, committed 60608K, reserved 1114112K
  class space    used 6791K, committed 6912K, reserved 1048576K
}
Event: 4.324 GC heap before
{Heap before GC invocations=19 (full 0):
 garbage-first heap   total 184320K, used 132527K [0x0000000701400000, 0x0000000800000000)
  region size 2048K, 31 young (63488K), 3 survivors (6144K)
 Metaspace       used 65626K, committed 65984K, reserved 1114112K
  class space    used 7321K, committed 7488K, reserved 1048576K
}
Event: 4.333 GC heap after
{Heap after GC invocations=20 (full 0):
 garbage-first heap   total 184320K, used 83385K [0x0000000701400000, 0x0000000800000000)
  region size 2048K, 4 young (8192K), 4 survivors (8192K)
 Metaspace       used 65626K, committed 65984K, reserved 1114112K
  class space    used 7321K, committed 7488K, reserved 1048576K
}
Event: 4.722 GC heap before
{Heap before GC invocations=20 (full 0):
 garbage-first heap   total 184320K, used 138681K [0x0000000701400000, 0x0000000800000000)
  region size 2048K, 31 young (63488K), 4 survivors (8192K)
 Metaspace       used 67730K, committed 68032K, reserved 1114112K
  class space    used 7466K, committed 7616K, reserved 1048576K
}
Event: 4.735 GC heap after
{Heap after GC invocations=21 (full 0):
 garbage-first heap   total 184320K, used 94655K [0x0000000701400000, 0x0000000800000000)
  region size 2048K, 4 young (8192K), 4 survivors (8192K)
 Metaspace       used 67730K, committed 68032K, reserved 1114112K
  class space    used 7466K, committed 7616K, reserved 1048576K
}
Event: 4.937 GC heap before
{Heap before GC invocations=21 (full 0):
 garbage-first heap   total 184320K, used 139711K [0x0000000701400000, 0x0000000800000000)
  region size 2048K, 26 young (53248K), 4 survivors (8192K)
 Metaspace       used 69208K, committed 69504K, reserved 1114112K
  class space    used 7537K, committed 7680K, reserved 1048576K
}
Event: 4.946 GC heap after
{Heap after GC invocations=22 (full 0):
 garbage-first heap   total 184320K, used 101651K [0x0000000701400000, 0x0000000800000000)
  region size 2048K, 3 young (6144K), 3 survivors (6144K)
 Metaspace       used 69208K, committed 69504K, reserved 1114112K
  class space    used 7537K, committed 7680K, reserved 1048576K
}
Event: 5.410 GC heap before
{Heap before GC invocations=23 (full 0):
 garbage-first heap   total 184320K, used 144659K [0x0000000701400000, 0x0000000800000000)
  region size 2048K, 24 young (49152K), 3 survivors (6144K)
 Metaspace       used 75851K, committed 76224K, reserved 1179648K
  class space    used 8221K, committed 8384K, reserved 1048576K
}
Event: 5.417 GC heap after
{Heap after GC invocations=24 (full 0):
 garbage-first heap   total 184320K, used 105922K [0x0000000701400000, 0x0000000800000000)
  region size 2048K, 2 young (4096K), 2 survivors (4096K)
 Metaspace       used 75851K, committed 76224K, reserved 1179648K
  class space    used 8221K, committed 8384K, reserved 1048576K
}
Event: 5.745 GC heap before
{Heap before GC invocations=24 (full 0):
 garbage-first heap   total 184320K, used 146882K [0x0000000701400000, 0x0000000800000000)
  region size 2048K, 22 young (45056K), 2 survivors (4096K)
 Metaspace       used 78533K, committed 78912K, reserved 1179648K
  class space    used 8424K, committed 8576K, reserved 1048576K
}
Event: 5.750 GC heap after
{Heap after GC invocations=25 (full 0):
 garbage-first heap   total 221184K, used 108814K [0x0000000701400000, 0x0000000800000000)
  region size 2048K, 2 young (4096K), 2 survivors (4096K)
 Metaspace       used 78533K, committed 78912K, reserved 1179648K
  class space    used 8424K, committed 8576K, reserved 1048576K
}
Event: 6.128 GC heap before
{Heap before GC invocations=26 (full 0):
 garbage-first heap   total 221184K, used 170254K [0x0000000701400000, 0x0000000800000000)
  region size 2048K, 32 young (65536K), 2 survivors (4096K)
 Metaspace       used 79248K, committed 79616K, reserved 1179648K
  class space    used 8452K, committed 8640K, reserved 1048576K
}
Event: 6.132 GC heap after
{Heap after GC invocations=27 (full 0):
 garbage-first heap   total 221184K, used 110233K [0x0000000701400000, 0x0000000800000000)
  region size 2048K, 3 young (6144K), 3 survivors (6144K)
 Metaspace       used 79248K, committed 79616K, reserved 1179648K
  class space    used 8452K, committed 8640K, reserved 1048576K
}
Event: 6.163 GC heap before
{Heap before GC invocations=27 (full 0):
 garbage-first heap   total 221184K, used 112281K [0x0000000701400000, 0x0000000800000000)
  region size 2048K, 5 young (10240K), 3 survivors (6144K)
 Metaspace       used 79515K, committed 79872K, reserved 1179648K
  class space    used 8461K, committed 8640K, reserved 1048576K
}
Event: 6.167 GC heap after
{Heap after GC invocations=28 (full 0):
 garbage-first heap   total 221184K, used 109200K [0x0000000701400000, 0x0000000800000000)
  region size 2048K, 1 young (2048K), 1 survivors (2048K)
 Metaspace       used 79515K, committed 79872K, reserved 1179648K
  class space    used 8461K, committed 8640K, reserved 1048576K
}

