# JRE version: OpenJDK Runtime Environment (17.0.7) (build 17.0.7+0-b2043.56-10550314)
# Java VM: OpenJDK 64-Bit Server VM (17.0.7+0-b2043.56-10550314, mixed mode, tiered, compressed oops, compressed class ptrs, g1 gc, windows-amd64)
GC Precious Log:
 CPUs: 8 total, 8 available
 Memory: 16303M
 Large Page Support: Disabled
 NUMA Support: Disabled
 Compressed Oops: Enabled (32-bit)
 Heap Region Size: 1M
 Heap Min Capacity: 8M
 Heap Initial Capacity: 256M
 Heap Max Capacity: 2G
 Pre-touch: Disabled
 Parallel Workers: 8
 Concurrent Workers: 2
 Concurrent Refinement Workers: 8
 Periodic GC: Disabled
Heap:
 garbage-first heap   total 230400K, used 119198K [0x0000000080000000, 0x0000000100000000)
  region size 1024K, 13 young (13312K), 6 survivors (6144K)
 Metaspace       used 102312K, committed 103104K, reserved 1179648K
  class space    used 14175K, committed 14592K, reserved 1048576K
GC Heap History (20 events):
Event: 5.067 GC heap before
{Heap before GC invocations=24 (full 0):
 garbage-first heap   total 186368K, used 144370K [0x0000000080000000, 0x0000000100000000)
  region size 1024K, 70 young (71680K), 9 survivors (9216K)
 Metaspace       used 80217K, committed 80832K, reserved 1179648K
  class space    used 10806K, committed 11136K, reserved 1048576K
}
Event: 5.071 GC heap after
{Heap after GC invocations=25 (full 0):
 garbage-first heap   total 186368K, used 85928K [0x0000000080000000, 0x0000000100000000)
  region size 1024K, 9 young (9216K), 9 survivors (9216K)
 Metaspace       used 80217K, committed 80832K, reserved 1179648K
  class space    used 10806K, committed 11136K, reserved 1048576K
}
Event: 5.423 GC heap before
{Heap before GC invocations=25 (full 0):
 garbage-first heap   total 186368K, used 146344K [0x0000000080000000, 0x0000000100000000)
  region size 1024K, 68 young (69632K), 9 survivors (9216K)
 Metaspace       used 84896K, committed 85504K, reserved 1179648K
  class space    used 11663K, committed 11968K, reserved 1048576K
}
Event: 5.427 GC heap after
{Heap after GC invocations=26 (full 0):
 garbage-first heap   total 186368K, used 87946K [0x0000000080000000, 0x0000000100000000)
  region size 1024K, 7 young (7168K), 7 survivors (7168K)
 Metaspace       used 84896K, committed 85504K, reserved 1179648K
  class space    used 11663K, committed 11968K, reserved 1048576K
}
Event: 5.847 GC heap before
{Heap before GC invocations=26 (full 0):
 garbage-first heap   total 186368K, used 149386K [0x0000000080000000, 0x0000000100000000)
  region size 1024K, 67 young (68608K), 7 survivors (7168K)
 Metaspace       used 89414K, committed 90048K, reserved 1179648K
  class space    used 12330K, committed 12672K, reserved 1048576K
}
Event: 5.850 GC heap after
{Heap after GC invocations=27 (full 0):
 garbage-first heap   total 186368K, used 92056K [0x0000000080000000, 0x0000000100000000)
  region size 1024K, 7 young (7168K), 7 survivors (7168K)
 Metaspace       used 89414K, committed 90048K, reserved 1179648K
  class space    used 12330K, committed 12672K, reserved 1048576K
}
Event: 6.216 GC heap before
{Heap before GC invocations=27 (full 0):
 garbage-first heap   total 186368K, used 150424K [0x0000000080000000, 0x0000000100000000)
  region size 1024K, 64 young (65536K), 7 survivors (7168K)
 Metaspace       used 94802K, committed 95424K, reserved 1179648K
  class space    used 13090K, committed 13376K, reserved 1048576K
}
Event: 6.220 GC heap after
{Heap after GC invocations=28 (full 0):
 garbage-first heap   total 186368K, used 95310K [0x0000000080000000, 0x0000000100000000)
  region size 1024K, 8 young (8192K), 8 survivors (8192K)
 Metaspace       used 94802K, committed 95424K, reserved 1179648K
  class space    used 13090K, committed 13376K, reserved 1048576K
}
Event: 6.500 GC heap before
{Heap before GC invocations=29 (full 0):
 garbage-first heap   total 186368K, used 147534K [0x0000000080000000, 0x0000000100000000)
  region size 1024K, 63 young (64512K), 8 survivors (8192K)
 Metaspace       used 96149K, committed 96832K, reserved 1179648K
  class space    used 13283K, committed 13632K, reserved 1048576K
}
Event: 6.505 GC heap after
{Heap after GC invocations=30 (full 0):
 garbage-first heap   total 186368K, used 97763K [0x0000000080000000, 0x0000000100000000)
  region size 1024K, 8 young (8192K), 8 survivors (8192K)
 Metaspace       used 96149K, committed 96832K, reserved 1179648K
  class space    used 13283K, committed 13632K, reserved 1048576K
}
Event: 6.510 GC heap before
{Heap before GC invocations=30 (full 0):
 garbage-first heap   total 186368K, used 98787K [0x0000000080000000, 0x0000000100000000)
  region size 1024K, 9 young (9216K), 8 survivors (8192K)
 Metaspace       used 96150K, committed 96832K, reserved 1179648K
  class space    used 13283K, committed 13632K, reserved 1048576K
}
Event: 6.515 GC heap after
{Heap after GC invocations=31 (full 0):
 garbage-first heap   total 186368K, used 98481K [0x0000000080000000, 0x0000000100000000)
  region size 1024K, 1 young (1024K), 1 survivors (1024K)
 Metaspace       used 96150K, committed 96832K, reserved 1179648K
  class space    used 13283K, committed 13632K, reserved 1048576K
}
Event: 6.788 GC heap before
{Heap before GC invocations=31 (full 0):
 garbage-first heap   total 186368K, used 150705K [0x0000000080000000, 0x0000000100000000)
  region size 1024K, 52 young (53248K), 1 survivors (1024K)
 Metaspace       used 98152K, committed 98816K, reserved 1179648K
  class space    used 13691K, committed 14016K, reserved 1048576K
}
Event: 6.793 GC heap after
{Heap after GC invocations=32 (full 0):
 garbage-first heap   total 186368K, used 103779K [0x0000000080000000, 0x0000000100000000)
  region size 1024K, 7 young (7168K), 7 survivors (7168K)
 Metaspace       used 98152K, committed 98816K, reserved 1179648K
  class space    used 13691K, committed 14016K, reserved 1048576K
}
Event: 7.053 GC heap before
{Heap before GC invocations=33 (full 0):
 garbage-first heap   total 191488K, used 149859K [0x0000000080000000, 0x0000000100000000)
  region size 1024K, 53 young (54272K), 7 survivors (7168K)
 Metaspace       used 98689K, committed 99392K, reserved 1179648K
  class space    used 13737K, committed 14080K, reserved 1048576K
}
Event: 7.056 GC heap after
{Heap after GC invocations=34 (full 0):
 garbage-first heap   total 191488K, used 108027K [0x0000000080000000, 0x0000000100000000)
  region size 1024K, 5 young (5120K), 5 survivors (5120K)
 Metaspace       used 98689K, committed 99392K, reserved 1179648K
  class space    used 13737K, committed 14080K, reserved 1048576K
}
Event: 7.066 GC heap before
{Heap before GC invocations=34 (full 0):
 garbage-first heap   total 191488K, used 111099K [0x0000000080000000, 0x0000000100000000)
  region size 1024K, 9 young (9216K), 5 survivors (5120K)
 Metaspace       used 98739K, committed 99456K, reserved 1179648K
  class space    used 13741K, committed 14080K, reserved 1048576K
}
Event: 7.069 GC heap after
{Heap after GC invocations=35 (full 0):
 garbage-first heap   total 230400K, used 108032K [0x0000000080000000, 0x0000000100000000)
  region size 1024K, 1 young (1024K), 1 survivors (1024K)
 Metaspace       used 98739K, committed 99456K, reserved 1179648K
  class space    used 13741K, committed 14080K, reserved 1048576K
}
Event: 7.494 GC heap before
{Heap before GC invocations=35 (full 0):
 garbage-first heap   total 230400K, used 183808K [0x0000000080000000, 0x0000000100000000)
  region size 1024K, 76 young (77824K), 1 survivors (1024K)
 Metaspace       used 102074K, committed 102784K, reserved 1179648K
  class space    used 14147K, committed 14464K, reserved 1048576K
}
Event: 7.498 GC heap after
{Heap after GC invocations=36 (full 0):
 garbage-first heap   total 230400K, used 113054K [0x0000000080000000, 0x0000000100000000)
  region size 1024K, 6 young (6144K), 6 survivors (6144K)
 Metaspace       used 102074K, committed 102784K, reserved 1179648K
  class space    used 14147K, committed 14464K, reserved 1048576K
}

