# JRE version: OpenJDK Runtime Environment (17.0.7) (build 17.0.7+0-b2043.56-10550314)
# Java VM: OpenJDK 64-Bit Server VM (17.0.7+0-b2043.56-10550314, mixed mode, tiered, compressed oops, compressed class ptrs, g1 gc, windows-amd64)
GC Precious Log:
 CPUs: 8 total, 8 available
 Memory: 16303M
 Large Page Support: Disabled
 NUMA Support: Disabled
 Compressed Oops: Enabled (32-bit)
 Heap Region Size: 1M
 Heap Min Capacity: 8M
 Heap Initial Capacity: 256M
 Heap Max Capacity: 2G
 Pre-touch: Disabled
 Parallel Workers: 8
 Concurrent Workers: 2
 Concurrent Refinement Workers: 8
 Periodic GC: Disabled
Heap:
 garbage-first heap   total 351232K, used 157916K [0x0000000080000000, 0x0000000100000000)
  region size 1024K, 10 young (10240K), 10 survivors (10240K)
 Metaspace       used 143220K, committed 144320K, reserved 1179648K
  class space    used 19777K, committed 20288K, reserved 1048576K
GC Heap History (20 events):
Event: 2278.552 GC heap after
{Heap after GC invocations=43 (full 0):
 garbage-first heap   total 351232K, used 142173K [0x0000000080000000, 0x0000000100000000)
  region size 1024K, 3 young (3072K), 3 survivors (3072K)
 Metaspace       used 111669K, committed 112512K, reserved 1179648K
  class space    used 15143K, committed 15552K, reserved 1048576K
}
Event: 2278.638 GC heap before
{Heap before GC invocations=43 (full 0):
 garbage-first heap   total 351232K, used 151389K [0x0000000080000000, 0x0000000100000000)
  region size 1024K, 14 young (14336K), 3 survivors (3072K)
 Metaspace       used 111973K, committed 112896K, reserved 1179648K
  class space    used 15194K, committed 15616K, reserved 1048576K
}
Event: 2278.640 GC heap after
{Heap after GC invocations=44 (full 0):
 garbage-first heap   total 351232K, used 141374K [0x0000000080000000, 0x0000000100000000)
  region size 1024K, 2 young (2048K), 2 survivors (2048K)
 Metaspace       used 111973K, committed 112896K, reserved 1179648K
  class space    used 15194K, committed 15616K, reserved 1048576K
}
Event: 2280.556 GC heap before
{Heap before GC invocations=45 (full 0):
 garbage-first heap   total 351232K, used 281662K [0x0000000080000000, 0x0000000100000000)
  region size 1024K, 122 young (124928K), 2 survivors (2048K)
 Metaspace       used 117275K, committed 118016K, reserved 1179648K
  class space    used 15776K, committed 16128K, reserved 1048576K
}
Event: 2280.562 GC heap after
{Heap after GC invocations=46 (full 0):
 garbage-first heap   total 351232K, used 145432K [0x0000000080000000, 0x0000000100000000)
  region size 1024K, 7 young (7168K), 7 survivors (7168K)
 Metaspace       used 117275K, committed 118016K, reserved 1179648K
  class space    used 15776K, committed 16128K, reserved 1048576K
}
Event: 2280.616 GC heap before
{Heap before GC invocations=46 (full 0):
 garbage-first heap   total 351232K, used 154648K [0x0000000080000000, 0x0000000100000000)
  region size 1024K, 17 young (17408K), 7 survivors (7168K)
 Metaspace       used 117296K, committed 118080K, reserved 1179648K
  class space    used 15777K, committed 16128K, reserved 1048576K
}
Event: 2280.628 GC heap after
{Heap after GC invocations=47 (full 0):
 garbage-first heap   total 351232K, used 128686K [0x0000000080000000, 0x0000000100000000)
  region size 1024K, 3 young (3072K), 3 survivors (3072K)
 Metaspace       used 117296K, committed 118080K, reserved 1179648K
  class space    used 15777K, committed 16128K, reserved 1048576K
}
Event: 2283.733 GC heap before
{Heap before GC invocations=47 (full 0):
 garbage-first heap   total 351232K, used 257710K [0x0000000080000000, 0x0000000100000000)
  region size 1024K, 131 young (134144K), 3 survivors (3072K)
 Metaspace       used 122288K, committed 123264K, reserved 1179648K
  class space    used 16405K, committed 16896K, reserved 1048576K
}
Event: 2283.738 GC heap after
{Heap after GC invocations=48 (full 0):
 garbage-first heap   total 351232K, used 133955K [0x0000000080000000, 0x0000000100000000)
  region size 1024K, 9 young (9216K), 9 survivors (9216K)
 Metaspace       used 122288K, committed 123264K, reserved 1179648K
  class space    used 16405K, committed 16896K, reserved 1048576K
}
Event: 2284.584 GC heap before
{Heap before GC invocations=49 (full 0):
 garbage-first heap   total 351232K, used 270147K [0x0000000080000000, 0x0000000100000000)
  region size 1024K, 141 young (144384K), 9 survivors (9216K)
 Metaspace       used 135847K, committed 136832K, reserved 1179648K
  class space    used 18582K, committed 19072K, reserved 1048576K
}
Event: 2284.593 GC heap after
{Heap after GC invocations=50 (full 0):
 garbage-first heap   total 351232K, used 144776K [0x0000000080000000, 0x0000000100000000)
  region size 1024K, 18 young (18432K), 18 survivors (18432K)
 Metaspace       used 135847K, committed 136832K, reserved 1179648K
  class space    used 18582K, committed 19072K, reserved 1048576K
}
Event: 2284.597 GC heap before
{Heap before GC invocations=50 (full 0):
 garbage-first heap   total 351232K, used 145800K [0x0000000080000000, 0x0000000100000000)
  region size 1024K, 19 young (19456K), 18 survivors (18432K)
 Metaspace       used 135877K, committed 136896K, reserved 1179648K
  class space    used 18588K, committed 19072K, reserved 1048576K
}
Event: 2284.606 GC heap after
{Heap after GC invocations=51 (full 0):
 garbage-first heap   total 351232K, used 144793K [0x0000000080000000, 0x0000000100000000)
  region size 1024K, 3 young (3072K), 3 survivors (3072K)
 Metaspace       used 135877K, committed 136896K, reserved 1179648K
  class space    used 18588K, committed 19072K, reserved 1048576K
}
Event: 2284.938 GC heap before
{Heap before GC invocations=51 (full 0):
 garbage-first heap   total 351232K, used 227737K [0x0000000080000000, 0x0000000100000000)
  region size 1024K, 86 young (88064K), 3 survivors (3072K)
 Metaspace       used 139466K, committed 140480K, reserved 1179648K
  class space    used 19266K, committed 19776K, reserved 1048576K
}
Event: 2284.941 GC heap after
{Heap after GC invocations=52 (full 0):
 garbage-first heap   total 351232K, used 145503K [0x0000000080000000, 0x0000000100000000)
  region size 1024K, 4 young (4096K), 4 survivors (4096K)
 Metaspace       used 139466K, committed 140480K, reserved 1179648K
  class space    used 19266K, committed 19776K, reserved 1048576K
}
Event: 2336.372 GC heap before
{Heap before GC invocations=53 (full 0):
 garbage-first heap   total 351232K, used 322655K [0x0000000080000000, 0x0000000100000000)
  region size 1024K, 134 young (137216K), 4 survivors (4096K)
 Metaspace       used 141611K, committed 142720K, reserved 1179648K
  class space    used 19621K, committed 20160K, reserved 1048576K
}
Event: 2336.378 GC heap after
{Heap after GC invocations=54 (full 0):
 garbage-first heap   total 351232K, used 151876K [0x0000000080000000, 0x0000000100000000)
  region size 1024K, 10 young (10240K), 10 survivors (10240K)
 Metaspace       used 141611K, committed 142720K, reserved 1179648K
  class space    used 19621K, committed 20160K, reserved 1048576K
}
Event: 2336.401 GC heap before
{Heap before GC invocations=54 (full 0):
 garbage-first heap   total 351232K, used 158020K [0x0000000080000000, 0x0000000100000000)
  region size 1024K, 17 young (17408K), 10 survivors (10240K)
 Metaspace       used 141626K, committed 142720K, reserved 1179648K
  class space    used 19623K, committed 20160K, reserved 1048576K
}
Event: 2336.408 GC heap after
{Heap after GC invocations=55 (full 0):
 garbage-first heap   total 351232K, used 150253K [0x0000000080000000, 0x0000000100000000)
  region size 1024K, 3 young (3072K), 3 survivors (3072K)
 Metaspace       used 141626K, committed 142720K, reserved 1179648K
  class space    used 19623K, committed 20160K, reserved 1048576K
}
Event: 2338.594 GC heap before
{Heap before GC invocations=55 (full 0):
 garbage-first heap   total 351232K, used 265965K [0x0000000080000000, 0x0000000100000000)
  region size 1024K, 118 young (120832K), 3 survivors (3072K)
 Metaspace       used 143220K, committed 144320K, reserved 1179648K
  class space    used 19777K, committed 20288K, reserved 1048576K
}

