# JRE version: OpenJDK Runtime Environment (17.0.7) (build 17.0.7+0-b2043.56-10550314)
# Java VM: OpenJDK 64-Bit Server VM (17.0.7+0-b2043.56-10550314, mixed mode, tiered, compressed oops, compressed class ptrs, g1 gc, windows-amd64)
GC Precious Log:
 CPUs: 8 total, 8 available
 Memory: 16303M
 Large Page Support: Disabled
 NUMA Support: Disabled
 Compressed Oops: Enabled (32-bit)
 Heap Region Size: 1M
 Heap Min Capacity: 8M
 Heap Initial Capacity: 256M
 Heap Max Capacity: 2G
 Pre-touch: Disabled
 Parallel Workers: 8
 Concurrent Workers: 2
 Concurrent Refinement Workers: 8
 Periodic GC: Disabled
Heap:
 garbage-first heap   total 385024K, used 165461K [0x0000000080000000, 0x0000000100000000)
  region size 1024K, 43 young (44032K), 7 survivors (7168K)
 Metaspace       used 138668K, committed 139776K, reserved 1179648K
  class space    used 18986K, committed 19520K, reserved 1048576K
GC Heap History (20 events):
Event: 8.189 GC heap before
{Heap before GC invocations=34 (full 0):
 garbage-first heap   total 173056K, used 133667K [0x0000000080000000, 0x0000000100000000)
  region size 1024K, 41 young (41984K), 6 survivors (6144K)
 Metaspace       used 98209K, committed 98880K, reserved 1179648K
  class space    used 13687K, committed 14016K, reserved 1048576K
}
Event: 8.194 GC heap after
{Heap after GC invocations=35 (full 0):
 garbage-first heap   total 173056K, used 103057K [0x0000000080000000, 0x0000000100000000)
  region size 1024K, 4 young (4096K), 4 survivors (4096K)
 Metaspace       used 98209K, committed 98880K, reserved 1179648K
  class space    used 13687K, committed 14016K, reserved 1048576K
}
Event: 8.208 GC heap before
{Heap before GC invocations=35 (full 0):
 garbage-first heap   total 173056K, used 106129K [0x0000000080000000, 0x0000000100000000)
  region size 1024K, 8 young (8192K), 4 survivors (4096K)
 Metaspace       used 98209K, committed 98880K, reserved 1179648K
  class space    used 13687K, committed 14016K, reserved 1048576K
}
Event: 8.212 GC heap after
{Heap after GC invocations=36 (full 0):
 garbage-first heap   total 173056K, used 103293K [0x0000000080000000, 0x0000000100000000)
  region size 1024K, 1 young (1024K), 1 survivors (1024K)
 Metaspace       used 98209K, committed 98880K, reserved 1179648K
  class space    used 13687K, committed 14016K, reserved 1048576K
}
Event: 8.347 GC heap before
{Heap before GC invocations=36 (full 0):
 garbage-first heap   total 173056K, used 125821K [0x0000000080000000, 0x0000000100000000)
  region size 1024K, 25 young (25600K), 1 survivors (1024K)
 Metaspace       used 98565K, committed 99264K, reserved 1179648K
  class space    used 13727K, committed 14016K, reserved 1048576K
}
Event: 8.350 GC heap after
{Heap after GC invocations=37 (full 0):
 garbage-first heap   total 385024K, used 105047K [0x0000000080000000, 0x0000000100000000)
  region size 1024K, 3 young (3072K), 3 survivors (3072K)
 Metaspace       used 98565K, committed 99264K, reserved 1179648K
  class space    used 13727K, committed 14016K, reserved 1048576K
}
Event: 9.739 GC heap before
{Heap before GC invocations=37 (full 0):
 garbage-first heap   total 385024K, used 319063K [0x0000000080000000, 0x0000000100000000)
  region size 1024K, 189 young (193536K), 3 survivors (3072K)
 Metaspace       used 107441K, committed 108160K, reserved 1179648K
  class space    used 14673K, committed 15040K, reserved 1048576K
}
Event: 9.745 GC heap after
{Heap after GC invocations=38 (full 0):
 garbage-first heap   total 385024K, used 112848K [0x0000000080000000, 0x0000000100000000)
  region size 1024K, 11 young (11264K), 11 survivors (11264K)
 Metaspace       used 107441K, committed 108160K, reserved 1179648K
  class space    used 14673K, committed 15040K, reserved 1048576K
}
Event: 17.029 GC heap before
{Heap before GC invocations=38 (full 0):
 garbage-first heap   total 385024K, used 310480K [0x0000000080000000, 0x0000000100000000)
  region size 1024K, 205 young (209920K), 11 survivors (11264K)
 Metaspace       used 113996K, committed 114816K, reserved 1179648K
  class space    used 15488K, committed 15872K, reserved 1048576K
}
Event: 17.039 GC heap after
{Heap after GC invocations=39 (full 0):
 garbage-first heap   total 385024K, used 122172K [0x0000000080000000, 0x0000000100000000)
  region size 1024K, 20 young (20480K), 20 survivors (20480K)
 Metaspace       used 113996K, committed 114816K, reserved 1179648K
  class space    used 15488K, committed 15872K, reserved 1048576K
}
Event: 18.145 GC heap before
{Heap before GC invocations=39 (full 0):
 garbage-first heap   total 385024K, used 315708K [0x0000000080000000, 0x0000000100000000)
  region size 1024K, 207 young (211968K), 20 survivors (20480K)
 Metaspace       used 130984K, committed 131840K, reserved 1179648K
  class space    used 18140K, committed 18560K, reserved 1048576K
}
Event: 18.156 GC heap after
{Heap after GC invocations=40 (full 0):
 garbage-first heap   total 385024K, used 125841K [0x0000000080000000, 0x0000000100000000)
  region size 1024K, 13 young (13312K), 13 survivors (13312K)
 Metaspace       used 130984K, committed 131840K, reserved 1179648K
  class space    used 18140K, committed 18560K, reserved 1048576K
}
Event: 128.841 GC heap before
{Heap before GC invocations=40 (full 0):
 garbage-first heap   total 385024K, used 348049K [0x0000000080000000, 0x0000000100000000)
  region size 1024K, 203 young (207872K), 13 survivors (13312K)
 Metaspace       used 136091K, committed 137024K, reserved 1179648K
  class space    used 18867K, committed 19328K, reserved 1048576K
}
Event: 128.847 GC heap after
{Heap after GC invocations=41 (full 0):
 garbage-first heap   total 385024K, used 126777K [0x0000000080000000, 0x0000000100000000)
  region size 1024K, 14 young (14336K), 14 survivors (14336K)
 Metaspace       used 136091K, committed 137024K, reserved 1179648K
  class space    used 18867K, committed 19328K, reserved 1048576K
}
Event: 1244.463 GC heap before
{Heap before GC invocations=41 (full 0):
 garbage-first heap   total 385024K, used 323385K [0x0000000080000000, 0x0000000100000000)
  region size 1024K, 206 young (210944K), 14 survivors (14336K)
 Metaspace       used 137241K, committed 138304K, reserved 1179648K
  class space    used 18931K, committed 19456K, reserved 1048576K
}
Event: 1244.469 GC heap after
{Heap after GC invocations=42 (full 0):
 garbage-first heap   total 385024K, used 124817K [0x0000000080000000, 0x0000000100000000)
  region size 1024K, 12 young (12288K), 12 survivors (12288K)
 Metaspace       used 137241K, committed 138304K, reserved 1179648K
  class space    used 18931K, committed 19456K, reserved 1048576K
}
Event: 1246.190 GC heap before
{Heap before GC invocations=42 (full 0):
 garbage-first heap   total 385024K, used 344977K [0x0000000080000000, 0x0000000100000000)
  region size 1024K, 209 young (214016K), 12 survivors (12288K)
 Metaspace       used 137668K, committed 138752K, reserved 1179648K
  class space    used 18950K, committed 19456K, reserved 1048576K
}
Event: 1246.198 GC heap after
{Heap after GC invocations=43 (full 0):
 garbage-first heap   total 385024K, used 136376K [0x0000000080000000, 0x0000000100000000)
  region size 1024K, 24 young (24576K), 24 survivors (24576K)
 Metaspace       used 137668K, committed 138752K, reserved 1179648K
  class space    used 18950K, committed 19456K, reserved 1048576K
}
Event: 1499.944 GC heap before
{Heap before GC invocations=43 (full 0):
 garbage-first heap   total 385024K, used 349368K [0x0000000080000000, 0x0000000100000000)
  region size 1024K, 203 young (207872K), 24 survivors (24576K)
 Metaspace       used 138497K, committed 139648K, reserved 1179648K
  class space    used 18982K, committed 19520K, reserved 1048576K
}
Event: 1499.951 GC heap after
{Heap after GC invocations=44 (full 0):
 garbage-first heap   total 385024K, used 129621K [0x0000000080000000, 0x0000000100000000)
  region size 1024K, 7 young (7168K), 7 survivors (7168K)
 Metaspace       used 138497K, committed 139648K, reserved 1179648K
  class space    used 18982K, committed 19520K, reserved 1048576K
}

