# JRE version: OpenJDK Runtime Environment (17.0.7) (build 17.0.7+0-b2043.56-10550314)
# Java VM: OpenJDK 64-Bit Server VM (17.0.7+0-b2043.56-10550314, mixed mode, tiered, compressed oops, compressed class ptrs, g1 gc, windows-amd64)
GC Precious Log:
 CPUs: 8 total, 8 available
 Memory: 16303M
 Large Page Support: Disabled
 NUMA Support: Disabled
 Compressed Oops: Enabled (32-bit)
 Heap Region Size: 1M
 Heap Min Capacity: 8M
 Heap Initial Capacity: 256M
 Heap Max Capacity: 2G
 Pre-touch: Disabled
 Parallel Workers: 8
 Concurrent Workers: 2
 Concurrent Refinement Workers: 8
 Periodic GC: Disabled
Heap:
 garbage-first heap   total 214016K, used 88444K [0x0000000080000000, 0x0000000100000000)
  region size 1024K, 3 young (3072K), 3 survivors (3072K)
 Metaspace       used 94451K, committed 95104K, reserved 1179648K
  class space    used 13056K, committed 13376K, reserved 1048576K
GC Heap History (20 events):
Event: 3.995 GC heap after
{Heap after GC invocations=25 (full 0):
 garbage-first heap   total 155648K, used 60863K [0x0000000080000000, 0x0000000100000000)
  region size 1024K, 3 young (3072K), 3 survivors (3072K)
 Metaspace       used 63511K, committed 64064K, reserved 1114112K
  class space    used 8539K, committed 8768K, reserved 1048576K
}
Event: 4.297 GC heap before
{Heap before GC invocations=26 (full 0):
 garbage-first heap   total 155648K, used 115135K [0x0000000080000000, 0x0000000100000000)
  region size 1024K, 50 young (51200K), 3 survivors (3072K)
 Metaspace       used 67342K, committed 67968K, reserved 1114112K
  class space    used 9037K, committed 9344K, reserved 1048576K
}
Event: 4.303 GC heap after
{Heap after GC invocations=27 (full 0):
 garbage-first heap   total 155648K, used 65767K [0x0000000080000000, 0x0000000100000000)
  region size 1024K, 7 young (7168K), 7 survivors (7168K)
 Metaspace       used 67342K, committed 67968K, reserved 1114112K
  class space    used 9037K, committed 9344K, reserved 1048576K
}
Event: 4.604 GC heap before
{Heap before GC invocations=27 (full 0):
 garbage-first heap   total 155648K, used 117991K [0x0000000080000000, 0x0000000100000000)
  region size 1024K, 54 young (55296K), 7 survivors (7168K)
 Metaspace       used 71310K, committed 71872K, reserved 1114112K
  class space    used 9601K, committed 9856K, reserved 1048576K
}
Event: 4.607 GC heap after
{Heap after GC invocations=28 (full 0):
 garbage-first heap   total 155648K, used 72849K [0x0000000080000000, 0x0000000100000000)
  region size 1024K, 3 young (3072K), 3 survivors (3072K)
 Metaspace       used 71310K, committed 71872K, reserved 1114112K
  class space    used 9601K, committed 9856K, reserved 1048576K
}
Event: 4.860 GC heap before
{Heap before GC invocations=28 (full 0):
 garbage-first heap   total 155648K, used 117905K [0x0000000080000000, 0x0000000100000000)
  region size 1024K, 47 young (48128K), 3 survivors (3072K)
 Metaspace       used 76001K, committed 76608K, reserved 1179648K
  class space    used 10235K, committed 10560K, reserved 1048576K
}
Event: 4.863 GC heap after
{Heap after GC invocations=29 (full 0):
 garbage-first heap   total 155648K, used 74967K [0x0000000080000000, 0x0000000100000000)
  region size 1024K, 6 young (6144K), 6 survivors (6144K)
 Metaspace       used 76001K, committed 76608K, reserved 1179648K
  class space    used 10235K, committed 10560K, reserved 1048576K
}
Event: 5.149 GC heap before
{Heap before GC invocations=30 (full 0):
 garbage-first heap   total 155648K, used 120023K [0x0000000080000000, 0x0000000100000000)
  region size 1024K, 50 young (51200K), 6 survivors (6144K)
 Metaspace       used 78273K, committed 78848K, reserved 1179648K
  class space    used 10537K, committed 10816K, reserved 1048576K
}
Event: 5.153 GC heap after
{Heap after GC invocations=31 (full 0):
 garbage-first heap   total 155648K, used 78191K [0x0000000080000000, 0x0000000100000000)
  region size 1024K, 6 young (6144K), 6 survivors (6144K)
 Metaspace       used 78273K, committed 78848K, reserved 1179648K
  class space    used 10537K, committed 10816K, reserved 1048576K
}
Event: 5.259 GC heap before
{Heap before GC invocations=31 (full 0):
 garbage-first heap   total 155648K, used 100719K [0x0000000080000000, 0x0000000100000000)
  region size 1024K, 29 young (29696K), 6 survivors (6144K)
 Metaspace       used 79951K, committed 80576K, reserved 1179648K
  class space    used 10779K, committed 11072K, reserved 1048576K
}
Event: 5.262 GC heap after
{Heap after GC invocations=32 (full 0):
 garbage-first heap   total 155648K, used 79784K [0x0000000080000000, 0x0000000100000000)
  region size 1024K, 5 young (5120K), 5 survivors (5120K)
 Metaspace       used 79951K, committed 80576K, reserved 1179648K
  class space    used 10779K, committed 11072K, reserved 1048576K
}
Event: 5.540 GC heap before
{Heap before GC invocations=33 (full 0):
 garbage-first heap   total 155648K, used 125864K [0x0000000080000000, 0x0000000100000000)
  region size 1024K, 49 young (50176K), 5 survivors (5120K)
 Metaspace       used 83476K, committed 84096K, reserved 1179648K
  class space    used 11472K, committed 11776K, reserved 1048576K
}
Event: 5.543 GC heap after
{Heap after GC invocations=34 (full 0):
 garbage-first heap   total 155648K, used 80768K [0x0000000080000000, 0x0000000100000000)
  region size 1024K, 3 young (3072K), 3 survivors (3072K)
 Metaspace       used 83476K, committed 84096K, reserved 1179648K
  class space    used 11472K, committed 11776K, reserved 1048576K
}
Event: 5.826 GC heap before
{Heap before GC invocations=34 (full 0):
 garbage-first heap   total 155648K, used 126848K [0x0000000080000000, 0x0000000100000000)
  region size 1024K, 48 young (49152K), 3 survivors (3072K)
 Metaspace       used 86619K, committed 87296K, reserved 1179648K
  class space    used 11928K, committed 12224K, reserved 1048576K
}
Event: 5.829 GC heap after
{Heap after GC invocations=35 (full 0):
 garbage-first heap   total 155648K, used 83551K [0x0000000080000000, 0x0000000100000000)
  region size 1024K, 6 young (6144K), 6 survivors (6144K)
 Metaspace       used 86619K, committed 87296K, reserved 1179648K
  class space    used 11928K, committed 12224K, reserved 1048576K
}
Event: 6.167 GC heap before
{Heap before GC invocations=36 (full 0):
 garbage-first heap   total 155648K, used 127583K [0x0000000080000000, 0x0000000100000000)
  region size 1024K, 49 young (50176K), 6 survivors (6144K)
 Metaspace       used 90294K, committed 90880K, reserved 1179648K
  class space    used 12474K, committed 12736K, reserved 1048576K
}
Event: 6.170 GC heap after
{Heap after GC invocations=37 (full 0):
 garbage-first heap   total 155648K, used 86227K [0x0000000080000000, 0x0000000100000000)
  region size 1024K, 6 young (6144K), 6 survivors (6144K)
 Metaspace       used 90294K, committed 90880K, reserved 1179648K
  class space    used 12474K, committed 12736K, reserved 1048576K
}
Event: 6.175 GC heap before
{Heap before GC invocations=37 (full 0):
 garbage-first heap   total 155648K, used 87251K [0x0000000080000000, 0x0000000100000000)
  region size 1024K, 7 young (7168K), 6 survivors (6144K)
 Metaspace       used 90386K, committed 91008K, reserved 1179648K
  class space    used 12488K, committed 12800K, reserved 1048576K
}
Event: 6.178 GC heap after
{Heap after GC invocations=38 (full 0):
 garbage-first heap   total 155648K, used 86593K [0x0000000080000000, 0x0000000100000000)
  region size 1024K, 1 young (1024K), 1 survivors (1024K)
 Metaspace       used 90386K, committed 91008K, reserved 1179648K
  class space    used 12488K, committed 12800K, reserved 1048576K
}
Event: 6.460 GC heap before
{Heap before GC invocations=38 (full 0):
 garbage-first heap   total 155648K, used 128577K [0x0000000080000000, 0x0000000100000000)
  region size 1024K, 42 young (43008K), 1 survivors (1024K)
 Metaspace       used 94451K, committed 95104K, reserved 1179648K
  class space    used 13056K, committed 13376K, reserved 1048576K
}

