# JRE version: OpenJDK Runtime Environment (17.0.7) (build 17.0.7+0-b2043.56-10550314)
# Java VM: OpenJDK 64-Bit Server VM (17.0.7+0-b2043.56-10550314, mixed mode, tiered, compressed oops, compressed class ptrs, g1 gc, windows-amd64)
GC Precious Log:
 CPUs: 8 total, 8 available
 Memory: 16303M
 Large Page Support: Disabled
 NUMA Support: Disabled
 Compressed Oops: Enabled (32-bit)
 Heap Region Size: 1M
 Heap Min Capacity: 8M
 Heap Initial Capacity: 256M
 Heap Max Capacity: 2G
 Pre-touch: Disabled
 Parallel Workers: 8
 Concurrent Workers: 2
 Concurrent Refinement Workers: 8
 Periodic GC: Disabled
Heap:
 garbage-first heap   total 370688K, used 152187K [0x0000000080000000, 0x0000000100000000)
  region size 1024K, 10 young (10240K), 10 survivors (10240K)
 Metaspace       used 144404K, committed 145920K, reserved 1179648K
  class space    used 19526K, committed 20224K, reserved 1048576K
GC Heap History (20 events):
Event: 1212.897 GC heap after
{Heap after GC invocations=100 (full 0):
 garbage-first heap   total 370688K, used 146006K [0x0000000080000000, 0x0000000100000000)
  region size 1024K, 1 young (1024K), 1 survivors (1024K)
 Metaspace       used 142989K, committed 144384K, reserved 1179648K
  class space    used 19462K, committed 20096K, reserved 1048576K
}
Event: 1213.713 GC heap before
{Heap before GC invocations=100 (full 0):
 garbage-first heap   total 370688K, used 176726K [0x0000000080000000, 0x0000000100000000)
  region size 1024K, 33 young (33792K), 1 survivors (1024K)
 Metaspace       used 143178K, committed 144640K, reserved 1179648K
  class space    used 19501K, committed 20160K, reserved 1048576K
}
Event: 1213.715 GC heap after
{Heap after GC invocations=101 (full 0):
 garbage-first heap   total 370688K, used 146809K [0x0000000080000000, 0x0000000100000000)
  region size 1024K, 2 young (2048K), 2 survivors (2048K)
 Metaspace       used 143178K, committed 144640K, reserved 1179648K
  class space    used 19501K, committed 20160K, reserved 1048576K
}
Event: 1297.490 GC heap before
{Heap before GC invocations=102 (full 0):
 garbage-first heap   total 370688K, used 342393K [0x0000000080000000, 0x0000000100000000)
  region size 1024K, 148 young (151552K), 2 survivors (2048K)
 Metaspace       used 143785K, committed 145280K, reserved 1179648K
  class space    used 19524K, committed 20224K, reserved 1048576K
}
Event: 1297.493 GC heap after
{Heap after GC invocations=103 (full 0):
 garbage-first heap   total 370688K, used 149639K [0x0000000080000000, 0x0000000100000000)
  region size 1024K, 5 young (5120K), 5 survivors (5120K)
 Metaspace       used 143785K, committed 145280K, reserved 1179648K
  class space    used 19524K, committed 20224K, reserved 1048576K
}
Event: 1297.541 GC heap before
{Heap before GC invocations=103 (full 0):
 garbage-first heap   total 370688K, used 162951K [0x0000000080000000, 0x0000000100000000)
  region size 1024K, 18 young (18432K), 5 survivors (5120K)
 Metaspace       used 143822K, committed 145344K, reserved 1179648K
  class space    used 19525K, committed 20224K, reserved 1048576K
}
Event: 1297.547 GC heap after
{Heap after GC invocations=104 (full 0):
 garbage-first heap   total 370688K, used 148095K [0x0000000080000000, 0x0000000100000000)
  region size 1024K, 2 young (2048K), 2 survivors (2048K)
 Metaspace       used 143822K, committed 145344K, reserved 1179648K
  class space    used 19525K, committed 20224K, reserved 1048576K
}
Event: 1297.685 GC heap before
{Heap before GC invocations=104 (full 0):
 garbage-first heap   total 370688K, used 184959K [0x0000000080000000, 0x0000000100000000)
  region size 1024K, 40 young (40960K), 2 survivors (2048K)
 Metaspace       used 143909K, committed 145408K, reserved 1179648K
  class space    used 19525K, committed 20224K, reserved 1048576K
}
Event: 1297.690 GC heap after
{Heap after GC invocations=105 (full 0):
 garbage-first heap   total 370688K, used 153419K [0x0000000080000000, 0x0000000100000000)
  region size 1024K, 7 young (7168K), 7 survivors (7168K)
 Metaspace       used 143909K, committed 145408K, reserved 1179648K
  class space    used 19525K, committed 20224K, reserved 1048576K
}
Event: 1298.907 GC heap before
{Heap before GC invocations=106 (full 0):
 garbage-first heap   total 370688K, used 302923K [0x0000000080000000, 0x0000000100000000)
  region size 1024K, 135 young (138240K), 7 survivors (7168K)
 Metaspace       used 144007K, committed 145472K, reserved 1179648K
  class space    used 19526K, committed 20224K, reserved 1048576K
}
Event: 1298.912 GC heap after
{Heap after GC invocations=107 (full 0):
 garbage-first heap   total 370688K, used 159158K [0x0000000080000000, 0x0000000100000000)
  region size 1024K, 13 young (13312K), 13 survivors (13312K)
 Metaspace       used 144007K, committed 145472K, reserved 1179648K
  class space    used 19526K, committed 20224K, reserved 1048576K
}
Event: 1298.914 GC heap before
{Heap before GC invocations=107 (full 0):
 garbage-first heap   total 370688K, used 164278K [0x0000000080000000, 0x0000000100000000)
  region size 1024K, 18 young (18432K), 13 survivors (13312K)
 Metaspace       used 144010K, committed 145472K, reserved 1179648K
  class space    used 19526K, committed 20224K, reserved 1048576K
}
Event: 1298.921 GC heap after
{Heap after GC invocations=108 (full 0):
 garbage-first heap   total 370688K, used 145303K [0x0000000080000000, 0x0000000100000000)
  region size 1024K, 1 young (1024K), 1 survivors (1024K)
 Metaspace       used 144010K, committed 145472K, reserved 1179648K
  class space    used 19526K, committed 20224K, reserved 1048576K
}
Event: 1299.061 GC heap before
{Heap before GC invocations=108 (full 0):
 garbage-first heap   total 370688K, used 177047K [0x0000000080000000, 0x0000000100000000)
  region size 1024K, 33 young (33792K), 1 survivors (1024K)
 Metaspace       used 144032K, committed 145472K, reserved 1179648K
  class space    used 19526K, committed 20224K, reserved 1048576K
}
Event: 1299.063 GC heap after
{Heap after GC invocations=109 (full 0):
 garbage-first heap   total 370688K, used 146219K [0x0000000080000000, 0x0000000100000000)
  region size 1024K, 2 young (2048K), 2 survivors (2048K)
 Metaspace       used 144032K, committed 145472K, reserved 1179648K
  class space    used 19526K, committed 20224K, reserved 1048576K
}
Event: 1954.454 GC heap before
{Heap before GC invocations=110 (full 0):
 garbage-first heap   total 370688K, used 337707K [0x0000000080000000, 0x0000000100000000)
  region size 1024K, 144 young (147456K), 2 survivors (2048K)
 Metaspace       used 144338K, committed 145856K, reserved 1179648K
  class space    used 19526K, committed 20224K, reserved 1048576K
}
Event: 1954.456 GC heap after
{Heap after GC invocations=111 (full 0):
 garbage-first heap   total 370688K, used 146825K [0x0000000080000000, 0x0000000100000000)
  region size 1024K, 2 young (2048K), 2 survivors (2048K)
 Metaspace       used 144338K, committed 145856K, reserved 1179648K
  class space    used 19526K, committed 20224K, reserved 1048576K
}
Event: 1954.509 GC heap before
{Heap before GC invocations=111 (full 0):
 garbage-first heap   total 370688K, used 162185K [0x0000000080000000, 0x0000000100000000)
  region size 1024K, 18 young (18432K), 2 survivors (2048K)
 Metaspace       used 144339K, committed 145856K, reserved 1179648K
  class space    used 19526K, committed 20224K, reserved 1048576K
}
Event: 1954.515 GC heap after
{Heap after GC invocations=112 (full 0):
 garbage-first heap   total 370688K, used 145582K [0x0000000080000000, 0x0000000100000000)
  region size 1024K, 3 young (3072K), 3 survivors (3072K)
 Metaspace       used 144339K, committed 145856K, reserved 1179648K
  class space    used 19526K, committed 20224K, reserved 1048576K
}
Event: 1954.695 GC heap before
{Heap before GC invocations=112 (full 0):
 garbage-first heap   total 370688K, used 194734K [0x0000000080000000, 0x0000000100000000)
  region size 1024K, 52 young (53248K), 3 survivors (3072K)
 Metaspace       used 144404K, committed 145920K, reserved 1179648K
  class space    used 19526K, committed 20224K, reserved 1048576K
}

