# JRE version: OpenJDK Runtime Environment (17.0.7) (build 17.0.7+0-b2043.56-10550314)
# Java VM: OpenJDK 64-Bit Server VM (17.0.7+0-b2043.56-10550314, mixed mode, tiered, compressed oops, compressed class ptrs, g1 gc, windows-amd64)
GC Precious Log:
 CPUs: 8 total, 8 available
 Memory: 16303M
 Large Page Support: Disabled
 NUMA Support: Disabled
 Compressed Oops: Enabled (32-bit)
 Heap Region Size: 1M
 Heap Min Capacity: 8M
 Heap Initial Capacity: 256M
 Heap Max Capacity: 2G
 Pre-touch: Disabled
 Parallel Workers: 8
 Concurrent Workers: 2
 Concurrent Refinement Workers: 8
 Periodic GC: Disabled
Heap:
 garbage-first heap   total 265216K, used 105391K [0x0000000080000000, 0x0000000100000000)
  region size 1024K, 14 young (14336K), 5 survivors (5120K)
 Metaspace       used 98627K, committed 99328K, reserved 1179648K
  class space    used 13721K, committed 14080K, reserved 1048576K
GC Heap History (20 events):
Event: 9.036 GC heap before
{Heap before GC invocations=29 (full 0):
 garbage-first heap   total 153600K, used 122345K [0x0000000080000000, 0x0000000100000000)
  region size 1024K, 53 young (54272K), 5 survivors (5120K)
 Metaspace       used 79051K, committed 79616K, reserved 1179648K
  class space    used 10664K, committed 10944K, reserved 1048576K
}
Event: 9.040 GC heap after
{Heap after GC invocations=30 (full 0):
 garbage-first heap   total 153600K, used 78022K [0x0000000080000000, 0x0000000100000000)
  region size 1024K, 7 young (7168K), 7 survivors (7168K)
 Metaspace       used 79051K, committed 79616K, reserved 1179648K
  class space    used 10664K, committed 10944K, reserved 1048576K
}
Event: 9.233 GC heap before
{Heap before GC invocations=30 (full 0):
 garbage-first heap   total 153600K, used 104646K [0x0000000080000000, 0x0000000100000000)
  region size 1024K, 34 young (34816K), 7 survivors (7168K)
 Metaspace       used 81162K, committed 81728K, reserved 1179648K
  class space    used 10959K, committed 11264K, reserved 1048576K
}
Event: 9.236 GC heap after
{Heap after GC invocations=31 (full 0):
 garbage-first heap   total 153600K, used 80027K [0x0000000080000000, 0x0000000100000000)
  region size 1024K, 2 young (2048K), 2 survivors (2048K)
 Metaspace       used 81162K, committed 81728K, reserved 1179648K
  class space    used 10959K, committed 11264K, reserved 1048576K
}
Event: 9.601 GC heap before
{Heap before GC invocations=32 (full 0):
 garbage-first heap   total 153600K, used 125083K [0x0000000080000000, 0x0000000100000000)
  region size 1024K, 45 young (46080K), 2 survivors (2048K)
 Metaspace       used 84590K, committed 85184K, reserved 1179648K
  class space    used 11634K, committed 11904K, reserved 1048576K
}
Event: 9.603 GC heap after
{Heap after GC invocations=33 (full 0):
 garbage-first heap   total 153600K, used 80706K [0x0000000080000000, 0x0000000100000000)
  region size 1024K, 3 young (3072K), 3 survivors (3072K)
 Metaspace       used 84590K, committed 85184K, reserved 1179648K
  class space    used 11634K, committed 11904K, reserved 1048576K
}
Event: 9.635 GC heap before
{Heap before GC invocations=33 (full 0):
 garbage-first heap   total 153600K, used 83778K [0x0000000080000000, 0x0000000100000000)
  region size 1024K, 7 young (7168K), 3 survivors (3072K)
 Metaspace       used 84918K, committed 85504K, reserved 1179648K
  class space    used 11682K, committed 11968K, reserved 1048576K
}
Event: 9.637 GC heap after
{Heap after GC invocations=34 (full 0):
 garbage-first heap   total 153600K, used 80510K [0x0000000080000000, 0x0000000100000000)
  region size 1024K, 1 young (1024K), 1 survivors (1024K)
 Metaspace       used 84918K, committed 85504K, reserved 1179648K
  class space    used 11682K, committed 11968K, reserved 1048576K
}
Event: 9.936 GC heap before
{Heap before GC invocations=34 (full 0):
 garbage-first heap   total 153600K, used 124542K [0x0000000080000000, 0x0000000100000000)
  region size 1024K, 44 young (45056K), 1 survivors (1024K)
 Metaspace       used 88293K, committed 88896K, reserved 1179648K
  class space    used 12185K, committed 12480K, reserved 1048576K
}
Event: 9.938 GC heap after
{Heap after GC invocations=35 (full 0):
 garbage-first heap   total 153600K, used 82127K [0x0000000080000000, 0x0000000100000000)
  region size 1024K, 2 young (2048K), 2 survivors (2048K)
 Metaspace       used 88293K, committed 88896K, reserved 1179648K
  class space    used 12185K, committed 12480K, reserved 1048576K
}
Event: 10.291 GC heap before
{Heap before GC invocations=36 (full 0):
 garbage-first heap   total 153600K, used 127183K [0x0000000080000000, 0x0000000100000000)
  region size 1024K, 46 young (47104K), 2 survivors (2048K)
 Metaspace       used 91909K, committed 92480K, reserved 1179648K
  class space    used 12729K, committed 12992K, reserved 1048576K
}
Event: 10.294 GC heap after
{Heap after GC invocations=37 (full 0):
 garbage-first heap   total 153600K, used 84647K [0x0000000080000000, 0x0000000100000000)
  region size 1024K, 5 young (5120K), 5 survivors (5120K)
 Metaspace       used 91909K, committed 92480K, reserved 1179648K
  class space    used 12729K, committed 12992K, reserved 1048576K
}
Event: 10.306 GC heap before
{Heap before GC invocations=37 (full 0):
 garbage-first heap   total 153600K, used 86695K [0x0000000080000000, 0x0000000100000000)
  region size 1024K, 7 young (7168K), 5 survivors (5120K)
 Metaspace       used 92078K, committed 92672K, reserved 1179648K
  class space    used 12771K, committed 13056K, reserved 1048576K
}
Event: 10.309 GC heap after
{Heap after GC invocations=38 (full 0):
 garbage-first heap   total 153600K, used 84726K [0x0000000080000000, 0x0000000100000000)
  region size 1024K, 1 young (1024K), 1 survivors (1024K)
 Metaspace       used 92078K, committed 92672K, reserved 1179648K
  class space    used 12771K, committed 13056K, reserved 1048576K
}
Event: 10.637 GC heap before
{Heap before GC invocations=38 (full 0):
 garbage-first heap   total 153600K, used 127734K [0x0000000080000000, 0x0000000100000000)
  region size 1024K, 43 young (44032K), 1 survivors (1024K)
 Metaspace       used 95890K, committed 96576K, reserved 1179648K
  class space    used 13274K, committed 13632K, reserved 1048576K
}
Event: 10.639 GC heap after
{Heap after GC invocations=39 (full 0):
 garbage-first heap   total 153600K, used 87230K [0x0000000080000000, 0x0000000100000000)
  region size 1024K, 4 young (4096K), 4 survivors (4096K)
 Metaspace       used 95890K, committed 96576K, reserved 1179648K
  class space    used 13274K, committed 13632K, reserved 1048576K
}
Event: 10.853 GC heap before
{Heap before GC invocations=39 (full 0):
 garbage-first heap   total 153600K, used 127166K [0x0000000080000000, 0x0000000100000000)
  region size 1024K, 43 young (44032K), 4 survivors (4096K)
 Metaspace       used 97217K, committed 97920K, reserved 1179648K
  class space    used 13461K, committed 13824K, reserved 1048576K
}
Event: 10.857 GC heap after
{Heap after GC invocations=40 (full 0):
 garbage-first heap   total 153600K, used 91942K [0x0000000080000000, 0x0000000100000000)
  region size 1024K, 6 young (6144K), 6 survivors (6144K)
 Metaspace       used 97217K, committed 97920K, reserved 1179648K
  class space    used 13461K, committed 13824K, reserved 1048576K
}
Event: 11.073 GC heap before
{Heap before GC invocations=40 (full 0):
 garbage-first heap   total 153600K, used 127782K [0x0000000080000000, 0x0000000100000000)
  region size 1024K, 41 young (41984K), 6 survivors (6144K)
 Metaspace       used 98008K, committed 98688K, reserved 1179648K
  class space    used 13607K, committed 13952K, reserved 1048576K
}
Event: 11.078 GC heap after
{Heap after GC invocations=41 (full 0):
 garbage-first heap   total 265216K, used 97199K [0x0000000080000000, 0x0000000100000000)
  region size 1024K, 5 young (5120K), 5 survivors (5120K)
 Metaspace       used 98008K, committed 98688K, reserved 1179648K
  class space    used 13607K, committed 13952K, reserved 1048576K
}

