# JRE version: OpenJDK Runtime Environment (17.0.7) (build 17.0.7+0-b2043.56-10550314)
# Java VM: OpenJDK 64-Bit Server VM (17.0.7+0-b2043.56-10550314, mixed mode, tiered, compressed oops, compressed class ptrs, g1 gc, windows-amd64)
GC Precious Log:
 CPUs: 8 total, 8 available
 Memory: 16303M
 Large Page Support: Disabled
 NUMA Support: Disabled
 Compressed Oops: Enabled (32-bit)
 Heap Region Size: 1M
 Heap Min Capacity: 8M
 Heap Initial Capacity: 256M
 Heap Max Capacity: 2G
 Pre-touch: Disabled
 Parallel Workers: 8
 Concurrent Workers: 2
 Concurrent Refinement Workers: 8
 Periodic GC: Disabled
Heap:
 garbage-first heap   total 324608K, used 247040K [0x0000000080000000, 0x0000000100000000)
  region size 1024K, 49 young (50176K), 5 survivors (5120K)
 Metaspace       used 150391K, committed 151744K, reserved 1245184K
  class space    used 20248K, committed 20928K, reserved 1048576K
GC Heap History (20 events):
Event: 11897.697 GC heap before
{Heap before GC invocations=67 (full 2):
 garbage-first heap   total 324608K, used 254695K [0x0000000080000000, 0x0000000100000000)
  region size 1024K, 113 young (115712K), 7 survivors (7168K)
 Metaspace       used 147190K, committed 148288K, reserved 1179648K
  class space    used 19902K, committed 20480K, reserved 1048576K
}
Event: 11897.703 GC heap after
{Heap after GC invocations=68 (full 2):
 garbage-first heap   total 324608K, used 121166K [0x0000000080000000, 0x0000000100000000)
  region size 1024K, 10 young (10240K), 10 survivors (10240K)
 Metaspace       used 147190K, committed 148288K, reserved 1179648K
  class space    used 19902K, committed 20480K, reserved 1048576K
}
Event: 11900.908 GC heap before
{Heap before GC invocations=68 (full 2):
 garbage-first heap   total 324608K, used 268622K [0x0000000080000000, 0x0000000100000000)
  region size 1024K, 136 young (139264K), 10 survivors (10240K)
 Metaspace       used 148490K, committed 149696K, reserved 1179648K
  class space    used 20107K, committed 20672K, reserved 1048576K
}
Event: 11900.915 GC heap after
{Heap after GC invocations=69 (full 2):
 garbage-first heap   total 324608K, used 130009K [0x0000000080000000, 0x0000000100000000)
  region size 1024K, 17 young (17408K), 17 survivors (17408K)
 Metaspace       used 148490K, committed 149696K, reserved 1179648K
  class space    used 20107K, committed 20672K, reserved 1048576K
}
Event: 11901.533 GC heap before
{Heap before GC invocations=69 (full 2):
 garbage-first heap   total 324608K, used 216025K [0x0000000080000000, 0x0000000100000000)
  region size 1024K, 103 young (105472K), 17 survivors (17408K)
 Metaspace       used 148853K, committed 150144K, reserved 1179648K
  class space    used 20127K, committed 20736K, reserved 1048576K
}
Event: 11901.595 GC heap after
{Heap after GC invocations=70 (full 3):
 garbage-first heap   total 324608K, used 113581K [0x0000000080000000, 0x0000000100000000)
  region size 1024K, 0 young (0K), 0 survivors (0K)
 Metaspace       used 148380K, committed 150144K, reserved 1179648K
  class space    used 20031K, committed 20736K, reserved 1048576K
}
Event: 11951.226 GC heap before
{Heap before GC invocations=70 (full 3):
 garbage-first heap   total 324608K, used 253869K [0x0000000080000000, 0x0000000100000000)
  region size 1024K, 136 young (139264K), 0 survivors (0K)
 Metaspace       used 149173K, committed 150400K, reserved 1179648K
  class space    used 20142K, committed 20736K, reserved 1048576K
}
Event: 11951.236 GC heap after
{Heap after GC invocations=71 (full 3):
 garbage-first heap   total 324608K, used 144423K [0x0000000080000000, 0x0000000100000000)
  region size 1024K, 17 young (17408K), 17 survivors (17408K)
 Metaspace       used 149173K, committed 150400K, reserved 1179648K
  class space    used 20142K, committed 20736K, reserved 1048576K
}
Event: 11970.426 GC heap before
{Heap before GC invocations=71 (full 3):
 garbage-first heap   total 324608K, used 257063K [0x0000000080000000, 0x0000000100000000)
  region size 1024K, 111 young (113664K), 17 survivors (17408K)
 Metaspace       used 149413K, committed 150784K, reserved 1179648K
  class space    used 20178K, committed 20800K, reserved 1048576K
}
Event: 11970.434 GC heap after
{Heap after GC invocations=72 (full 3):
 garbage-first heap   total 324608K, used 153578K [0x0000000080000000, 0x0000000100000000)
  region size 1024K, 9 young (9216K), 9 survivors (9216K)
 Metaspace       used 149413K, committed 150784K, reserved 1179648K
  class space    used 20178K, committed 20800K, reserved 1048576K
}
Event: 11970.955 GC heap before
{Heap before GC invocations=72 (full 3):
 garbage-first heap   total 324608K, used 247786K [0x0000000080000000, 0x0000000100000000)
  region size 1024K, 100 young (102400K), 9 survivors (9216K)
 Metaspace       used 149489K, committed 150784K, reserved 1179648K
  class space    used 20180K, committed 20800K, reserved 1048576K
}
Event: 11970.971 GC heap after
{Heap after GC invocations=73 (full 3):
 garbage-first heap   total 324608K, used 178459K [0x0000000080000000, 0x0000000100000000)
  region size 1024K, 13 young (13312K), 13 survivors (13312K)
 Metaspace       used 149489K, committed 150784K, reserved 1179648K
  class space    used 20180K, committed 20800K, reserved 1048576K
}
Event: 12080.845 GC heap before
{Heap before GC invocations=73 (full 3):
 garbage-first heap   total 324608K, used 260379K [0x0000000080000000, 0x0000000100000000)
  region size 1024K, 77 young (78848K), 13 survivors (13312K)
 Metaspace       used 149568K, committed 150848K, reserved 1179648K
  class space    used 20180K, committed 20800K, reserved 1048576K
}
Event: 12080.852 GC heap after
{Heap after GC invocations=74 (full 3):
 garbage-first heap   total 324608K, used 184127K [0x0000000080000000, 0x0000000100000000)
  region size 1024K, 6 young (6144K), 6 survivors (6144K)
 Metaspace       used 149568K, committed 150848K, reserved 1179648K
  class space    used 20180K, committed 20800K, reserved 1048576K
}
Event: 12096.758 GC heap before
{Heap before GC invocations=74 (full 3):
 garbage-first heap   total 324608K, used 248639K [0x0000000080000000, 0x0000000100000000)
  region size 1024K, 70 young (71680K), 6 survivors (6144K)
 Metaspace       used 149813K, committed 151168K, reserved 1179648K
  class space    used 20226K, committed 20864K, reserved 1048576K
}
Event: 12096.765 GC heap after
{Heap after GC invocations=75 (full 3):
 garbage-first heap   total 324608K, used 192742K [0x0000000080000000, 0x0000000100000000)
  region size 1024K, 9 young (9216K), 9 survivors (9216K)
 Metaspace       used 149813K, committed 151168K, reserved 1179648K
  class space    used 20226K, committed 20864K, reserved 1048576K
}
Event: 12101.222 GC heap before
{Heap before GC invocations=75 (full 3):
 garbage-first heap   total 324608K, used 255206K [0x0000000080000000, 0x0000000100000000)
  region size 1024K, 69 young (70656K), 9 survivors (9216K)
 Metaspace       used 149913K, committed 151232K, reserved 1179648K
  class space    used 20234K, committed 20864K, reserved 1048576K
}
Event: 12101.228 GC heap after
{Heap after GC invocations=76 (full 3):
 garbage-first heap   total 324608K, used 199474K [0x0000000080000000, 0x0000000100000000)
  region size 1024K, 8 young (8192K), 8 survivors (8192K)
 Metaspace       used 149913K, committed 151232K, reserved 1179648K
  class space    used 20234K, committed 20864K, reserved 1048576K
}
Event: 12101.403 GC heap before
{Heap before GC invocations=76 (full 3):
 garbage-first heap   total 324608K, used 256818K [0x0000000080000000, 0x0000000100000000)
  region size 1024K, 65 young (66560K), 8 survivors (8192K)
 Metaspace       used 150211K, committed 151552K, reserved 1245184K
  class space    used 20237K, committed 20864K, reserved 1048576K
}
Event: 12101.408 GC heap after
{Heap after GC invocations=77 (full 3):
 garbage-first heap   total 324608K, used 201984K [0x0000000080000000, 0x0000000100000000)
  region size 1024K, 5 young (5120K), 5 survivors (5120K)
 Metaspace       used 150211K, committed 151552K, reserved 1245184K
  class space    used 20237K, committed 20864K, reserved 1048576K
}

