# JRE version: OpenJDK Runtime Environment (17.0.7) (build 17.0.7+0-b2043.56-10550314)
# Java VM: OpenJDK 64-Bit Server VM (17.0.7+0-b2043.56-10550314, mixed mode, tiered, compressed oops, compressed class ptrs, g1 gc, windows-amd64)
GC Precious Log:
 CPUs: 8 total, 8 available
 Memory: 16303M
 Large Page Support: Disabled
 NUMA Support: Disabled
 Compressed Oops: Enabled (32-bit)
 Heap Region Size: 1M
 Heap Min Capacity: 8M
 Heap Initial Capacity: 256M
 Heap Max Capacity: 2G
 Pre-touch: Disabled
 Parallel Workers: 8
 Concurrent Workers: 2
 Concurrent Refinement Workers: 8
 Periodic GC: Disabled
Heap:
 garbage-first heap   total 214016K, used 65485K [0x0000000080000000, 0x0000000100000000)
  region size 1024K, 4 young (4096K), 4 survivors (4096K)
 Metaspace       used 71009K, committed 71552K, reserved 1114112K
  class space    used 9491K, committed 9728K, reserved 1048576K
GC Heap History (20 events):
Event: 2.714 GC heap after
{Heap after GC invocations=8 (full 0):
 garbage-first heap   total 71680K, used 23247K [0x0000000080000000, 0x0000000100000000)
  region size 1024K, 3 young (3072K), 3 survivors (3072K)
 Metaspace       used 34576K, committed 34880K, reserved 1114112K
  class space    used 4769K, committed 4864K, reserved 1048576K
}
Event: 2.789 GC heap before
{Heap before GC invocations=8 (full 0):
 garbage-first heap   total 71680K, used 30415K [0x0000000080000000, 0x0000000100000000)
  region size 1024K, 11 young (11264K), 3 survivors (3072K)
 Metaspace       used 35664K, committed 35968K, reserved 1114112K
  class space    used 4951K, committed 5120K, reserved 1048576K
}
Event: 2.791 GC heap after
{Heap after GC invocations=9 (full 0):
 garbage-first heap   total 71680K, used 24032K [0x0000000080000000, 0x0000000100000000)
  region size 1024K, 3 young (3072K), 3 survivors (3072K)
 Metaspace       used 35664K, committed 35968K, reserved 1114112K
  class space    used 4951K, committed 5120K, reserved 1048576K
}
Event: 3.045 GC heap before
{Heap before GC invocations=10 (full 0):
 garbage-first heap   total 71680K, used 53728K [0x0000000080000000, 0x0000000100000000)
  region size 1024K, 33 young (33792K), 3 survivors (3072K)
 Metaspace       used 41118K, committed 41472K, reserved 1114112K
  class space    used 5477K, committed 5632K, reserved 1048576K
}
Event: 3.048 GC heap after
{Heap after GC invocations=11 (full 0):
 garbage-first heap   total 71680K, used 28120K [0x0000000080000000, 0x0000000100000000)
  region size 1024K, 5 young (5120K), 5 survivors (5120K)
 Metaspace       used 41118K, committed 41472K, reserved 1114112K
  class space    used 5477K, committed 5632K, reserved 1048576K
}
Event: 3.050 GC heap before
{Heap before GC invocations=11 (full 0):
 garbage-first heap   total 71680K, used 29144K [0x0000000080000000, 0x0000000100000000)
  region size 1024K, 6 young (6144K), 5 survivors (5120K)
 Metaspace       used 41119K, committed 41472K, reserved 1114112K
  class space    used 5477K, committed 5632K, reserved 1048576K
}
Event: 3.052 GC heap after
{Heap after GC invocations=12 (full 0):
 garbage-first heap   total 121856K, used 28504K [0x0000000080000000, 0x0000000100000000)
  region size 1024K, 1 young (1024K), 1 survivors (1024K)
 Metaspace       used 41119K, committed 41472K, reserved 1114112K
  class space    used 5477K, committed 5632K, reserved 1048576K
}
Event: 3.519 GC heap before
{Heap before GC invocations=12 (full 0):
 garbage-first heap   total 121856K, used 99160K [0x0000000080000000, 0x0000000100000000)
  region size 1024K, 64 young (65536K), 1 survivors (1024K)
 Metaspace       used 47490K, committed 48000K, reserved 1114112K
  class space    used 6297K, committed 6528K, reserved 1048576K
}
Event: 3.522 GC heap after
{Heap after GC invocations=13 (full 0):
 garbage-first heap   total 121856K, used 32450K [0x0000000080000000, 0x0000000100000000)
  region size 1024K, 5 young (5120K), 5 survivors (5120K)
 Metaspace       used 47490K, committed 48000K, reserved 1114112K
  class space    used 6297K, committed 6528K, reserved 1048576K
}
Event: 4.188 GC heap before
{Heap before GC invocations=13 (full 0):
 garbage-first heap   total 121856K, used 90818K [0x0000000080000000, 0x0000000100000000)
  region size 1024K, 62 young (63488K), 5 survivors (5120K)
 Metaspace       used 53689K, committed 54144K, reserved 1114112K
  class space    used 7239K, committed 7424K, reserved 1048576K
}
Event: 4.192 GC heap after
{Heap after GC invocations=14 (full 0):
 garbage-first heap   total 121856K, used 36780K [0x0000000080000000, 0x0000000100000000)
  region size 1024K, 5 young (5120K), 5 survivors (5120K)
 Metaspace       used 53689K, committed 54144K, reserved 1114112K
  class space    used 7239K, committed 7424K, reserved 1048576K
}
Event: 4.948 GC heap before
{Heap before GC invocations=14 (full 0):
 garbage-first heap   total 121856K, used 60332K [0x0000000080000000, 0x0000000100000000)
  region size 1024K, 30 young (30720K), 5 survivors (5120K)
 Metaspace       used 59731K, committed 60160K, reserved 1114112K
  class space    used 8005K, committed 8192K, reserved 1048576K
}
Event: 4.952 GC heap after
{Heap after GC invocations=15 (full 0):
 garbage-first heap   total 121856K, used 39138K [0x0000000080000000, 0x0000000100000000)
  region size 1024K, 7 young (7168K), 7 survivors (7168K)
 Metaspace       used 59731K, committed 60160K, reserved 1114112K
  class space    used 8005K, committed 8192K, reserved 1048576K
}
Event: 8.610 GC heap before
{Heap before GC invocations=16 (full 0):
 garbage-first heap   total 121856K, used 102626K [0x0000000080000000, 0x0000000100000000)
  region size 1024K, 57 young (58368K), 7 survivors (7168K)
 Metaspace       used 62780K, committed 63296K, reserved 1114112K
  class space    used 8391K, committed 8640K, reserved 1048576K
}
Event: 8.613 GC heap after
{Heap after GC invocations=17 (full 0):
 garbage-first heap   total 121856K, used 61609K [0x0000000080000000, 0x0000000100000000)
  region size 1024K, 8 young (8192K), 8 survivors (8192K)
 Metaspace       used 62780K, committed 63296K, reserved 1114112K
  class space    used 8391K, committed 8640K, reserved 1048576K
}
Event: 8.896 GC heap before
{Heap before GC invocations=18 (full 0):
 garbage-first heap   total 121856K, used 93353K [0x0000000080000000, 0x0000000100000000)
  region size 1024K, 39 young (39936K), 8 survivors (8192K)
 Metaspace       used 65947K, committed 66560K, reserved 1114112K
  class space    used 8790K, committed 9088K, reserved 1048576K
}
Event: 8.898 GC heap after
{Heap after GC invocations=19 (full 0):
 garbage-first heap   total 121856K, used 63074K [0x0000000080000000, 0x0000000100000000)
  region size 1024K, 2 young (2048K), 2 survivors (2048K)
 Metaspace       used 65947K, committed 66560K, reserved 1114112K
  class space    used 8790K, committed 9088K, reserved 1048576K
}
Event: 9.200 GC heap before
{Heap before GC invocations=19 (full 0):
 garbage-first heap   total 121856K, used 94818K [0x0000000080000000, 0x0000000100000000)
  region size 1024K, 33 young (33792K), 2 survivors (2048K)
 Metaspace       used 70234K, committed 70784K, reserved 1114112K
  class space    used 9381K, committed 9600K, reserved 1048576K
}
Event: 9.203 GC heap after
{Heap after GC invocations=20 (full 0):
 garbage-first heap   total 121856K, used 64191K [0x0000000080000000, 0x0000000100000000)
  region size 1024K, 3 young (3072K), 3 survivors (3072K)
 Metaspace       used 70234K, committed 70784K, reserved 1114112K
  class space    used 9381K, committed 9600K, reserved 1048576K
}
Event: 9.284 GC heap before
{Heap before GC invocations=21 (full 0):
 garbage-first heap   total 121856K, used 73407K [0x0000000080000000, 0x0000000100000000)
  region size 1024K, 13 young (13312K), 3 survivors (3072K)
 Metaspace       used 71009K, committed 71552K, reserved 1114112K
  class space    used 9491K, committed 9728K, reserved 1048576K
}

