# JRE version: OpenJDK Runtime Environment (17.0.7) (build 17.0.7+0-b2043.56-10550314)
# Java VM: OpenJDK 64-Bit Server VM (17.0.7+0-b2043.56-10550314, mixed mode, tiered, compressed oops, compressed class ptrs, g1 gc, windows-amd64)
GC Precious Log:
 CPUs: 8 total, 8 available
 Memory: 16303M
 Large Page Support: Disabled
 NUMA Support: Disabled
 Compressed Oops: Enabled (32-bit)
 Heap Region Size: 1M
 Heap Min Capacity: 8M
 Heap Initial Capacity: 256M
 Heap Max Capacity: 2G
 Pre-touch: Disabled
 Parallel Workers: 8
 Concurrent Workers: 2
 Concurrent Refinement Workers: 8
 Periodic GC: Disabled
Heap:
 garbage-first heap   total 217088K, used 88834K [0x0000000080000000, 0x0000000100000000)
  region size 1024K, 1 young (1024K), 1 survivors (1024K)
 Metaspace       used 94701K, committed 95296K, reserved 1179648K
  class space    used 13091K, committed 13376K, reserved 1048576K
GC Heap History (20 events):
Event: 4.186 GC heap after
{Heap after GC invocations=23 (full 0):
 garbage-first heap   total 156672K, used 67753K [0x0000000080000000, 0x0000000100000000)
  region size 1024K, 3 young (3072K), 3 survivors (3072K)
 Metaspace       used 69015K, committed 69632K, reserved 1114112K
  class space    used 9246K, committed 9536K, reserved 1048576K
}
Event: 4.488 GC heap before
{Heap before GC invocations=24 (full 0):
 garbage-first heap   total 156672K, used 118953K [0x0000000080000000, 0x0000000100000000)
  region size 1024K, 49 young (50176K), 3 survivors (3072K)
 Metaspace       used 73754K, committed 74368K, reserved 1114112K
  class space    used 9930K, committed 10240K, reserved 1048576K
}
Event: 4.491 GC heap after
{Heap after GC invocations=25 (full 0):
 garbage-first heap   total 156672K, used 74060K [0x0000000080000000, 0x0000000100000000)
  region size 1024K, 5 young (5120K), 5 survivors (5120K)
 Metaspace       used 73754K, committed 74368K, reserved 1114112K
  class space    used 9930K, committed 10240K, reserved 1048576K
}
Event: 4.752 GC heap before
{Heap before GC invocations=25 (full 0):
 garbage-first heap   total 156672K, used 120140K [0x0000000080000000, 0x0000000100000000)
  region size 1024K, 50 young (51200K), 5 survivors (5120K)
 Metaspace       used 77593K, committed 78144K, reserved 1179648K
  class space    used 10457K, committed 10752K, reserved 1048576K
}
Event: 4.756 GC heap after
{Heap after GC invocations=26 (full 0):
 garbage-first heap   total 156672K, used 76683K [0x0000000080000000, 0x0000000100000000)
  region size 1024K, 5 young (5120K), 5 survivors (5120K)
 Metaspace       used 77593K, committed 78144K, reserved 1179648K
  class space    used 10457K, committed 10752K, reserved 1048576K
}
Event: 5.009 GC heap before
{Heap before GC invocations=27 (full 0):
 garbage-first heap   total 156672K, used 123787K [0x0000000080000000, 0x0000000100000000)
  region size 1024K, 51 young (52224K), 5 survivors (5120K)
 Metaspace       used 80060K, committed 80640K, reserved 1179648K
  class space    used 10795K, committed 11072K, reserved 1048576K
}
Event: 5.012 GC heap after
{Heap after GC invocations=28 (full 0):
 garbage-first heap   total 156672K, used 80044K [0x0000000080000000, 0x0000000100000000)
  region size 1024K, 6 young (6144K), 6 survivors (6144K)
 Metaspace       used 80060K, committed 80640K, reserved 1179648K
  class space    used 10795K, committed 11072K, reserved 1048576K
}
Event: 5.022 GC heap before
{Heap before GC invocations=28 (full 0):
 garbage-first heap   total 156672K, used 81068K [0x0000000080000000, 0x0000000100000000)
  region size 1024K, 7 young (7168K), 6 survivors (6144K)
 Metaspace       used 80138K, committed 80704K, reserved 1179648K
  class space    used 10802K, committed 11072K, reserved 1048576K
}
Event: 5.025 GC heap after
{Heap after GC invocations=29 (full 0):
 garbage-first heap   total 156672K, used 80697K [0x0000000080000000, 0x0000000100000000)
  region size 1024K, 1 young (1024K), 1 survivors (1024K)
 Metaspace       used 80138K, committed 80704K, reserved 1179648K
  class space    used 10802K, committed 11072K, reserved 1048576K
}
Event: 5.276 GC heap before
{Heap before GC invocations=29 (full 0):
 garbage-first heap   total 156672K, used 125753K [0x0000000080000000, 0x0000000100000000)
  region size 1024K, 45 young (46080K), 1 survivors (1024K)
 Metaspace       used 83658K, committed 84224K, reserved 1179648K
  class space    used 11498K, committed 11776K, reserved 1048576K
}
Event: 5.282 GC heap after
{Heap after GC invocations=30 (full 0):
 garbage-first heap   total 156672K, used 81362K [0x0000000080000000, 0x0000000100000000)
  region size 1024K, 2 young (2048K), 2 survivors (2048K)
 Metaspace       used 83658K, committed 84224K, reserved 1179648K
  class space    used 11498K, committed 11776K, reserved 1048576K
}
Event: 5.572 GC heap before
{Heap before GC invocations=31 (full 0):
 garbage-first heap   total 156672K, used 127442K [0x0000000080000000, 0x0000000100000000)
  region size 1024K, 47 young (48128K), 2 survivors (2048K)
 Metaspace       used 86942K, committed 87552K, reserved 1179648K
  class space    used 11989K, committed 12288K, reserved 1048576K
}
Event: 5.574 GC heap after
{Heap after GC invocations=32 (full 0):
 garbage-first heap   total 156672K, used 84047K [0x0000000080000000, 0x0000000100000000)
  region size 1024K, 5 young (5120K), 5 survivors (5120K)
 Metaspace       used 86942K, committed 87552K, reserved 1179648K
  class space    used 11989K, committed 12288K, reserved 1048576K
}
Event: 5.591 GC heap before
{Heap before GC invocations=32 (full 0):
 garbage-first heap   total 156672K, used 86095K [0x0000000080000000, 0x0000000100000000)
  region size 1024K, 7 young (7168K), 5 survivors (5120K)
 Metaspace       used 87217K, committed 87872K, reserved 1179648K
  class space    used 12023K, committed 12352K, reserved 1048576K
}
Event: 5.593 GC heap after
{Heap after GC invocations=33 (full 0):
 garbage-first heap   total 156672K, used 84078K [0x0000000080000000, 0x0000000100000000)
  region size 1024K, 1 young (1024K), 1 survivors (1024K)
 Metaspace       used 87217K, committed 87872K, reserved 1179648K
  class space    used 12023K, committed 12352K, reserved 1048576K
}
Event: 5.872 GC heap before
{Heap before GC invocations=33 (full 0):
 garbage-first heap   total 156672K, used 128110K [0x0000000080000000, 0x0000000100000000)
  region size 1024K, 44 young (45056K), 1 survivors (1024K)
 Metaspace       used 90737K, committed 91392K, reserved 1179648K
  class space    used 12536K, committed 12864K, reserved 1048576K
}
Event: 5.874 GC heap after
{Heap after GC invocations=34 (full 0):
 garbage-first heap   total 156672K, used 86040K [0x0000000080000000, 0x0000000100000000)
  region size 1024K, 3 young (3072K), 3 survivors (3072K)
 Metaspace       used 90737K, committed 91392K, reserved 1179648K
  class space    used 12536K, committed 12864K, reserved 1048576K
}
Event: 6.159 GC heap before
{Heap before GC invocations=35 (full 0):
 garbage-first heap   total 157696K, used 129048K [0x0000000080000000, 0x0000000100000000)
  region size 1024K, 45 young (46080K), 3 survivors (3072K)
 Metaspace       used 94668K, committed 95296K, reserved 1179648K
  class space    used 13087K, committed 13376K, reserved 1048576K
}
Event: 6.163 GC heap after
{Heap after GC invocations=36 (full 0):
 garbage-first heap   total 157696K, used 88572K [0x0000000080000000, 0x0000000100000000)
  region size 1024K, 6 young (6144K), 6 survivors (6144K)
 Metaspace       used 94668K, committed 95296K, reserved 1179648K
  class space    used 13087K, committed 13376K, reserved 1048576K
}
Event: 6.170 GC heap before
{Heap before GC invocations=36 (full 0):
 garbage-first heap   total 157696K, used 89596K [0x0000000080000000, 0x0000000100000000)
  region size 1024K, 7 young (7168K), 6 survivors (6144K)
 Metaspace       used 94701K, committed 95296K, reserved 1179648K
  class space    used 13091K, committed 13376K, reserved 1048576K
}

