# JRE version: OpenJDK Runtime Environment (17.0.7) (build 17.0.7+0-b2043.56-10550314)
# Java VM: OpenJDK 64-Bit Server VM (17.0.7+0-b2043.56-10550314, mixed mode, tiered, compressed oops, compressed class ptrs, g1 gc, windows-amd64)
GC Precious Log:
 CPUs: 8 total, 8 available
 Memory: 16303M
 Large Page Support: Disabled
 NUMA Support: Disabled
 Compressed Oops: Enabled (32-bit)
 Heap Region Size: 1M
 Heap Min Capacity: 8M
 Heap Initial Capacity: 256M
 Heap Max Capacity: 2G
 Pre-touch: Disabled
 Parallel Workers: 8
 Concurrent Workers: 2
 Concurrent Refinement Workers: 8
 Periodic GC: Disabled
Heap:
 garbage-first heap   total 256000K, used 171723K [0x0000000080000000, 0x0000000100000000)
  region size 1024K, 68 young (69632K), 8 survivors (8192K)
 Metaspace       used 100779K, committed 101440K, reserved 1179648K
  class space    used 13937K, committed 14272K, reserved 1048576K
GC Heap History (20 events):
Event: 3.478 GC heap before
{Heap before GC invocations=14 (full 0):
 garbage-first heap   total 128000K, used 109535K [0x0000000080000000, 0x0000000100000000)
  region size 1024K, 62 young (63488K), 4 survivors (4096K)
 Metaspace       used 56619K, committed 57152K, reserved 1114112K
  class space    used 7635K, committed 7872K, reserved 1048576K
}
Event: 3.481 GC heap after
{Heap after GC invocations=15 (full 0):
 garbage-first heap   total 128000K, used 59654K [0x0000000080000000, 0x0000000100000000)
  region size 1024K, 8 young (8192K), 8 survivors (8192K)
 Metaspace       used 56619K, committed 57152K, reserved 1114112K
  class space    used 7635K, committed 7872K, reserved 1048576K
}
Event: 3.664 GC heap before
{Heap before GC invocations=15 (full 0):
 garbage-first heap   total 128000K, used 91398K [0x0000000080000000, 0x0000000100000000)
  region size 1024K, 40 young (40960K), 8 survivors (8192K)
 Metaspace       used 59951K, committed 60416K, reserved 1114112K
  class space    used 8027K, committed 8256K, reserved 1048576K
}
Event: 3.667 GC heap after
{Heap after GC invocations=16 (full 0):
 garbage-first heap   total 128000K, used 60112K [0x0000000080000000, 0x0000000100000000)
  region size 1024K, 1 young (1024K), 1 survivors (1024K)
 Metaspace       used 59951K, committed 60416K, reserved 1114112K
  class space    used 8027K, committed 8256K, reserved 1048576K
}
Event: 3.982 GC heap before
{Heap before GC invocations=17 (full 0):
 garbage-first heap   total 128000K, used 95952K [0x0000000080000000, 0x0000000100000000)
  region size 1024K, 37 young (37888K), 1 survivors (1024K)
 Metaspace       used 65264K, committed 65920K, reserved 1114112K
  class space    used 8759K, committed 9088K, reserved 1048576K
}
Event: 3.984 GC heap after
{Heap after GC invocations=18 (full 0):
 garbage-first heap   total 128000K, used 62735K [0x0000000080000000, 0x0000000100000000)
  region size 1024K, 4 young (4096K), 4 survivors (4096K)
 Metaspace       used 65264K, committed 65920K, reserved 1114112K
  class space    used 8759K, committed 9088K, reserved 1048576K
}
Event: 4.180 GC heap before
{Heap before GC invocations=19 (full 0):
 garbage-first heap   total 128000K, used 107791K [0x0000000080000000, 0x0000000100000000)
  region size 1024K, 42 young (43008K), 4 survivors (4096K)
 Metaspace       used 67399K, committed 67968K, reserved 1114112K
  class space    used 9051K, committed 9344K, reserved 1048576K
}
Event: 4.183 GC heap after
{Heap after GC invocations=20 (full 0):
 garbage-first heap   total 128000K, used 66123K [0x0000000080000000, 0x0000000100000000)
  region size 1024K, 6 young (6144K), 6 survivors (6144K)
 Metaspace       used 67399K, committed 67968K, reserved 1114112K
  class space    used 9051K, committed 9344K, reserved 1048576K
}
Event: 4.396 GC heap before
{Heap before GC invocations=20 (full 0):
 garbage-first heap   total 128000K, used 101963K [0x0000000080000000, 0x0000000100000000)
  region size 1024K, 41 young (41984K), 6 survivors (6144K)
 Metaspace       used 70312K, committed 70848K, reserved 1114112K
  class space    used 9457K, committed 9728K, reserved 1048576K
}
Event: 4.399 GC heap after
{Heap after GC invocations=21 (full 0):
 garbage-first heap   total 256000K, used 68167K [0x0000000080000000, 0x0000000100000000)
  region size 1024K, 2 young (2048K), 2 survivors (2048K)
 Metaspace       used 70312K, committed 70848K, reserved 1114112K
  class space    used 9457K, committed 9728K, reserved 1048576K
}
Event: 5.063 GC heap before
{Heap before GC invocations=22 (full 0):
 garbage-first heap   total 256000K, used 179783K [0x0000000080000000, 0x0000000100000000)
  region size 1024K, 107 young (109568K), 2 survivors (2048K)
 Metaspace       used 78694K, committed 79296K, reserved 1179648K
  class space    used 10601K, committed 10880K, reserved 1048576K
}
Event: 5.067 GC heap after
{Heap after GC invocations=23 (full 0):
 garbage-first heap   total 256000K, used 78407K [0x0000000080000000, 0x0000000100000000)
  region size 1024K, 8 young (8192K), 8 survivors (8192K)
 Metaspace       used 78694K, committed 79296K, reserved 1179648K
  class space    used 10601K, committed 10880K, reserved 1048576K
}
Event: 5.745 GC heap before
{Heap before GC invocations=23 (full 0):
 garbage-first heap   total 256000K, used 195143K [0x0000000080000000, 0x0000000100000000)
  region size 1024K, 121 young (123904K), 8 survivors (8192K)
 Metaspace       used 87393K, committed 88064K, reserved 1179648K
  class space    used 12035K, committed 12352K, reserved 1048576K
}
Event: 5.750 GC heap after
{Heap after GC invocations=24 (full 0):
 garbage-first heap   total 256000K, used 83995K [0x0000000080000000, 0x0000000100000000)
  region size 1024K, 14 young (14336K), 14 survivors (14336K)
 Metaspace       used 87393K, committed 88064K, reserved 1179648K
  class space    used 12035K, committed 12352K, reserved 1048576K
}
Event: 6.456 GC heap before
{Heap before GC invocations=24 (full 0):
 garbage-first heap   total 256000K, used 199707K [0x0000000080000000, 0x0000000100000000)
  region size 1024K, 127 young (130048K), 14 survivors (14336K)
 Metaspace       used 96101K, committed 96832K, reserved 1179648K
  class space    used 13282K, committed 13632K, reserved 1048576K
}
Event: 6.464 GC heap after
{Heap after GC invocations=25 (full 0):
 garbage-first heap   total 256000K, used 92373K [0x0000000080000000, 0x0000000100000000)
  region size 1024K, 14 young (14336K), 14 survivors (14336K)
 Metaspace       used 96101K, committed 96832K, reserved 1179648K
  class space    used 13282K, committed 13632K, reserved 1048576K
}
Event: 6.940 GC heap before
{Heap before GC invocations=25 (full 0):
 garbage-first heap   total 256000K, used 200917K [0x0000000080000000, 0x0000000100000000)
  region size 1024K, 121 young (123904K), 14 survivors (14336K)
 Metaspace       used 98472K, committed 99136K, reserved 1179648K
  class space    used 13708K, committed 14016K, reserved 1048576K
}
Event: 6.949 GC heap after
{Heap after GC invocations=26 (full 0):
 garbage-first heap   total 256000K, used 103683K [0x0000000080000000, 0x0000000100000000)
  region size 1024K, 16 young (16384K), 16 survivors (16384K)
 Metaspace       used 98472K, committed 99136K, reserved 1179648K
  class space    used 13708K, committed 14016K, reserved 1048576K
}
Event: 7.304 GC heap before
{Heap before GC invocations=26 (full 0):
 garbage-first heap   total 256000K, used 201987K [0x0000000080000000, 0x0000000100000000)
  region size 1024K, 113 young (115712K), 16 survivors (16384K)
 Metaspace       used 99400K, committed 100032K, reserved 1179648K
  class space    used 13768K, committed 14080K, reserved 1048576K
}
Event: 7.312 GC heap after
{Heap after GC invocations=27 (full 0):
 garbage-first heap   total 256000K, used 112331K [0x0000000080000000, 0x0000000100000000)
  region size 1024K, 8 young (8192K), 8 survivors (8192K)
 Metaspace       used 99400K, committed 100032K, reserved 1179648K
  class space    used 13768K, committed 14080K, reserved 1048576K
}

