# JRE version: OpenJDK Runtime Environment (17.0.7) (build 17.0.7+0-b2043.56-10550314)
# Java VM: OpenJDK 64-Bit Server VM (17.0.7+0-b2043.56-10550314, mixed mode, tiered, compressed oops, compressed class ptrs, g1 gc, windows-amd64)
GC Precious Log:
 CPUs: 8 total, 8 available
 Memory: 16303M
 Large Page Support: Disabled
 NUMA Support: Disabled
 Compressed Oops: Enabled (Zero based)
 Heap Region Size: 2M
 Heap Min Capacity: 8M
 Heap Initial Capacity: 256M
 Heap Max Capacity: 4076M
 Pre-touch: Disabled
 Parallel Workers: 8
 Concurrent Workers: 2
 Concurrent Refinement Workers: 8
 Periodic GC: Disabled
Heap:
 garbage-first heap   total 163840K, used 78925K [0x0000000701400000, 0x0000000800000000)
  region size 2048K, 17 young (34816K), 1 survivors (2048K)
 Metaspace       used 54861K, committed 55104K, reserved 1114112K
  class space    used 6413K, committed 6528K, reserved 1048576K
GC Heap History (20 events):
Event: 1.119 GC heap before
{Heap before GC invocations=5 (full 0):
 garbage-first heap   total 45056K, used 28544K [0x0000000701400000, 0x0000000800000000)
  region size 2048K, 7 young (14336K), 1 survivors (2048K)
 Metaspace       used 31145K, committed 31360K, reserved 1114112K
  class space    used 3919K, committed 4032K, reserved 1048576K
}
Event: 1.122 GC heap after
{Heap after GC invocations=6 (full 0):
 garbage-first heap   total 45056K, used 17220K [0x0000000701400000, 0x0000000800000000)
  region size 2048K, 1 young (2048K), 1 survivors (2048K)
 Metaspace       used 31145K, committed 31360K, reserved 1114112K
  class space    used 3919K, committed 4032K, reserved 1048576K
}
Event: 1.252 GC heap before
{Heap before GC invocations=6 (full 0):
 garbage-first heap   total 45056K, used 27460K [0x0000000701400000, 0x0000000800000000)
  region size 2048K, 7 young (14336K), 1 survivors (2048K)
 Metaspace       used 33564K, committed 33792K, reserved 1114112K
  class space    used 4192K, committed 4288K, reserved 1048576K
}
Event: 1.255 GC heap after
{Heap after GC invocations=7 (full 0):
 garbage-first heap   total 45056K, used 18357K [0x0000000701400000, 0x0000000800000000)
  region size 2048K, 1 young (2048K), 1 survivors (2048K)
 Metaspace       used 33564K, committed 33792K, reserved 1114112K
  class space    used 4192K, committed 4288K, reserved 1048576K
}
Event: 1.336 GC heap before
{Heap before GC invocations=7 (full 0):
 garbage-first heap   total 45056K, used 28597K [0x0000000701400000, 0x0000000800000000)
  region size 2048K, 7 young (14336K), 1 survivors (2048K)
 Metaspace       used 35748K, committed 35968K, reserved 1114112K
  class space    used 4416K, committed 4544K, reserved 1048576K
}
Event: 1.339 GC heap after
{Heap after GC invocations=8 (full 0):
 garbage-first heap   total 153600K, used 18621K [0x0000000701400000, 0x0000000800000000)
  region size 2048K, 1 young (2048K), 1 survivors (2048K)
 Metaspace       used 35748K, committed 35968K, reserved 1114112K
  class space    used 4416K, committed 4544K, reserved 1048576K
}
Event: 1.892 GC heap before
{Heap before GC invocations=9 (full 0):
 garbage-first heap   total 75776K, used 61629K [0x0000000701400000, 0x0000000800000000)
  region size 2048K, 22 young (45056K), 1 survivors (2048K)
 Metaspace       used 45412K, committed 45632K, reserved 1114112K
  class space    used 5418K, committed 5504K, reserved 1048576K
}
Event: 1.896 GC heap after
{Heap after GC invocations=10 (full 0):
 garbage-first heap   total 75776K, used 22428K [0x0000000701400000, 0x0000000800000000)
  region size 2048K, 3 young (6144K), 3 survivors (6144K)
 Metaspace       used 45412K, committed 45632K, reserved 1114112K
  class space    used 5418K, committed 5504K, reserved 1048576K
}
Event: 1.919 GC heap before
{Heap before GC invocations=10 (full 0):
 garbage-first heap   total 75776K, used 24476K [0x0000000701400000, 0x0000000800000000)
  region size 2048K, 4 young (8192K), 3 survivors (6144K)
 Metaspace       used 45784K, committed 46080K, reserved 1114112K
  class space    used 5458K, committed 5568K, reserved 1048576K
}
Event: 1.925 GC heap after
{Heap after GC invocations=11 (full 0):
 garbage-first heap   total 75776K, used 22279K [0x0000000701400000, 0x0000000800000000)
  region size 2048K, 1 young (2048K), 1 survivors (2048K)
 Metaspace       used 45784K, committed 46080K, reserved 1114112K
  class space    used 5458K, committed 5568K, reserved 1048576K
}
Event: 2.227 GC heap before
{Heap before GC invocations=11 (full 0):
 garbage-first heap   total 75776K, used 52999K [0x0000000701400000, 0x0000000800000000)
  region size 2048K, 16 young (32768K), 1 survivors (2048K)
 Metaspace       used 48344K, committed 48640K, reserved 1114112K
  class space    used 5706K, committed 5824K, reserved 1048576K
}
Event: 2.239 GC heap after
{Heap after GC invocations=12 (full 0):
 garbage-first heap   total 75776K, used 30504K [0x0000000701400000, 0x0000000800000000)
  region size 2048K, 2 young (4096K), 2 survivors (4096K)
 Metaspace       used 48344K, committed 48640K, reserved 1114112K
  class space    used 5706K, committed 5824K, reserved 1048576K
}
Event: 2.401 GC heap before
{Heap before GC invocations=12 (full 0):
 garbage-first heap   total 75776K, used 53032K [0x0000000701400000, 0x0000000800000000)
  region size 2048K, 13 young (26624K), 2 survivors (4096K)
 Metaspace       used 49203K, committed 49408K, reserved 1114112K
  class space    used 5803K, committed 5888K, reserved 1048576K
}
Event: 2.414 GC heap after
{Heap after GC invocations=13 (full 0):
 garbage-first heap   total 75776K, used 38235K [0x0000000701400000, 0x0000000800000000)
  region size 2048K, 2 young (4096K), 2 survivors (4096K)
 Metaspace       used 49203K, committed 49408K, reserved 1114112K
  class space    used 5803K, committed 5888K, reserved 1048576K
}
Event: 2.572 GC heap before
{Heap before GC invocations=13 (full 0):
 garbage-first heap   total 75776K, used 54619K [0x0000000701400000, 0x0000000800000000)
  region size 2048K, 10 young (20480K), 2 survivors (4096K)
 Metaspace       used 50868K, committed 51136K, reserved 1114112K
  class space    used 5967K, committed 6080K, reserved 1048576K
}
Event: 2.580 GC heap after
{Heap after GC invocations=14 (full 0):
 garbage-first heap   total 75776K, used 42846K [0x0000000701400000, 0x0000000800000000)
  region size 2048K, 2 young (4096K), 2 survivors (4096K)
 Metaspace       used 50868K, committed 51136K, reserved 1114112K
  class space    used 5967K, committed 6080K, reserved 1048576K
}
Event: 2.711 GC heap before
{Heap before GC invocations=15 (full 0):
 garbage-first heap   total 81920K, used 55134K [0x0000000701400000, 0x0000000800000000)
  region size 2048K, 8 young (16384K), 2 survivors (4096K)
 Metaspace       used 51599K, committed 51840K, reserved 1114112K
  class space    used 6068K, committed 6208K, reserved 1048576K
}
Event: 2.718 GC heap after
{Heap after GC invocations=16 (full 0):
 garbage-first heap   total 81920K, used 45796K [0x0000000701400000, 0x0000000800000000)
  region size 2048K, 1 young (2048K), 1 survivors (2048K)
 Metaspace       used 51599K, committed 51840K, reserved 1114112K
  class space    used 6068K, committed 6208K, reserved 1048576K
}
Event: 2.983 GC heap before
{Heap before GC invocations=16 (full 0):
 garbage-first heap   total 81920K, used 60132K [0x0000000701400000, 0x0000000800000000)
  region size 2048K, 8 young (16384K), 1 survivors (2048K)
 Metaspace       used 53448K, committed 53696K, reserved 1114112K
  class space    used 6308K, committed 6400K, reserved 1048576K
}
Event: 2.990 GC heap after
{Heap after GC invocations=17 (full 0):
 garbage-first heap   total 163840K, used 48205K [0x0000000701400000, 0x0000000800000000)
  region size 2048K, 1 young (2048K), 1 survivors (2048K)
 Metaspace       used 53448K, committed 53696K, reserved 1114112K
  class space    used 6308K, committed 6400K, reserved 1048576K
}

