# JRE version: OpenJDK Runtime Environment (17.0.7) (build 17.0.7+0-b2043.56-10550314)
# Java VM: OpenJDK 64-Bit Server VM (17.0.7+0-b2043.56-10550314, mixed mode, tiered, compressed oops, compressed class ptrs, g1 gc, windows-amd64)
GC Precious Log:
 CPUs: 8 total, 8 available
 Memory: 16303M
 Large Page Support: Disabled
 NUMA Support: Disabled
 Compressed Oops: Enabled (32-bit)
 Heap Region Size: 1M
 Heap Min Capacity: 8M
 Heap Initial Capacity: 256M
 Heap Max Capacity: 2G
 Pre-touch: Disabled
 Parallel Workers: 8
 Concurrent Workers: 2
 Concurrent Refinement Workers: 8
 Periodic GC: Disabled
Heap:
 garbage-first heap   total 362496K, used 180224K [0x0000000080000000, 0x0000000100000000)
  region size 1024K, 2 young (2048K), 2 survivors (2048K)
 Metaspace       used 115640K, committed 116416K, reserved 1179648K
  class space    used 16249K, committed 16640K, reserved 1048576K
GC Heap History (20 events):
Event: 5.530 GC heap after
{Heap after GC invocations=41 (full 0):
 garbage-first heap   total 158720K, used 83898K [0x0000000080000000, 0x0000000100000000)
  region size 1024K, 3 young (3072K), 3 survivors (3072K)
 Metaspace       used 87152K, committed 87744K, reserved 1179648K
  class space    used 12012K, committed 12288K, reserved 1048576K
}
Event: 5.843 GC heap before
{Heap before GC invocations=42 (full 0):
 garbage-first heap   total 158720K, used 129978K [0x0000000080000000, 0x0000000100000000)
  region size 1024K, 48 young (49152K), 3 survivors (3072K)
 Metaspace       used 90869K, committed 91520K, reserved 1179648K
  class space    used 12571K, committed 12864K, reserved 1048576K
}
Event: 5.846 GC heap after
{Heap after GC invocations=43 (full 0):
 garbage-first heap   total 158720K, used 86493K [0x0000000080000000, 0x0000000100000000)
  region size 1024K, 6 young (6144K), 6 survivors (6144K)
 Metaspace       used 90869K, committed 91520K, reserved 1179648K
  class space    used 12571K, committed 12864K, reserved 1048576K
}
Event: 5.853 GC heap before
{Heap before GC invocations=43 (full 0):
 garbage-first heap   total 158720K, used 87517K [0x0000000080000000, 0x0000000100000000)
  region size 1024K, 7 young (7168K), 6 survivors (6144K)
 Metaspace       used 90948K, committed 91584K, reserved 1179648K
  class space    used 12592K, committed 12864K, reserved 1048576K
}
Event: 5.857 GC heap after
{Heap after GC invocations=44 (full 0):
 garbage-first heap   total 274432K, used 86563K [0x0000000080000000, 0x0000000100000000)
  region size 1024K, 1 young (1024K), 1 survivors (1024K)
 Metaspace       used 90948K, committed 91584K, reserved 1179648K
  class space    used 12592K, committed 12864K, reserved 1048576K
}
Event: 6.662 GC heap before
{Heap before GC invocations=44 (full 0):
 garbage-first heap   total 274432K, used 229923K [0x0000000080000000, 0x0000000100000000)
  region size 1024K, 141 young (144384K), 1 survivors (1024K)
 Metaspace       used 97999K, committed 98752K, reserved 1179648K
  class space    used 13664K, committed 14016K, reserved 1048576K
}
Event: 6.669 GC heap after
{Heap after GC invocations=45 (full 0):
 garbage-first heap   total 274432K, used 100853K [0x0000000080000000, 0x0000000100000000)
  region size 1024K, 15 young (15360K), 15 survivors (15360K)
 Metaspace       used 97999K, committed 98752K, reserved 1179648K
  class space    used 13664K, committed 14016K, reserved 1048576K
}
Event: 7.195 GC heap before
{Heap before GC invocations=45 (full 0):
 garbage-first heap   total 274432K, used 207349K [0x0000000080000000, 0x0000000100000000)
  region size 1024K, 115 young (117760K), 15 survivors (15360K)
 Metaspace       used 101562K, committed 102336K, reserved 1179648K
  class space    used 13994K, committed 14400K, reserved 1048576K
}
Event: 7.203 GC heap after
{Heap after GC invocations=46 (full 0):
 garbage-first heap   total 274432K, used 108856K [0x0000000080000000, 0x0000000100000000)
  region size 1024K, 8 young (8192K), 8 survivors (8192K)
 Metaspace       used 101562K, committed 102336K, reserved 1179648K
  class space    used 13994K, committed 14400K, reserved 1048576K
}
Event: 7.515 GC heap before
{Heap before GC invocations=46 (full 0):
 garbage-first heap   total 274432K, used 210232K [0x0000000080000000, 0x0000000100000000)
  region size 1024K, 108 young (110592K), 8 survivors (8192K)
 Metaspace       used 106760K, committed 107456K, reserved 1179648K
  class space    used 14764K, committed 15104K, reserved 1048576K
}
Event: 7.521 GC heap after
{Heap after GC invocations=47 (full 0):
 garbage-first heap   total 274432K, used 123439K [0x0000000080000000, 0x0000000100000000)
  region size 1024K, 14 young (14336K), 14 survivors (14336K)
 Metaspace       used 106760K, committed 107456K, reserved 1179648K
  class space    used 14764K, committed 15104K, reserved 1048576K
}
Event: 7.678 GC heap before
{Heap before GC invocations=47 (full 0):
 garbage-first heap   total 274432K, used 212527K [0x0000000080000000, 0x0000000100000000)
  region size 1024K, 102 young (104448K), 14 survivors (14336K)
 Metaspace       used 109386K, committed 110144K, reserved 1179648K
  class space    used 15218K, committed 15616K, reserved 1048576K
}
Event: 7.691 GC heap after
{Heap after GC invocations=48 (full 0):
 garbage-first heap   total 274432K, used 139264K [0x0000000080000000, 0x0000000100000000)
  region size 1024K, 13 young (13312K), 13 survivors (13312K)
 Metaspace       used 109386K, committed 110144K, reserved 1179648K
  class space    used 15218K, committed 15616K, reserved 1048576K
}
Event: 7.776 GC heap before
{Heap before GC invocations=48 (full 0):
 garbage-first heap   total 274432K, used 216064K [0x0000000080000000, 0x0000000100000000)
  region size 1024K, 89 young (91136K), 13 survivors (13312K)
 Metaspace       used 111161K, committed 111872K, reserved 1179648K
  class space    used 15399K, committed 15744K, reserved 1048576K
}
Event: 7.786 GC heap after
{Heap after GC invocations=49 (full 0):
 garbage-first heap   total 274432K, used 152570K [0x0000000080000000, 0x0000000100000000)
  region size 1024K, 12 young (12288K), 12 survivors (12288K)
 Metaspace       used 111161K, committed 111872K, reserved 1179648K
  class space    used 15399K, committed 15744K, reserved 1048576K
}
Event: 7.881 GC heap before
{Heap before GC invocations=49 (full 0):
 garbage-first heap   total 362496K, used 220154K [0x0000000080000000, 0x0000000100000000)
  region size 1024K, 79 young (80896K), 12 survivors (12288K)
 Metaspace       used 111799K, committed 112512K, reserved 1179648K
  class space    used 15512K, committed 15872K, reserved 1048576K
}
Event: 7.891 GC heap after
{Heap after GC invocations=50 (full 0):
 garbage-first heap   total 362496K, used 163785K [0x0000000080000000, 0x0000000100000000)
  region size 1024K, 10 young (10240K), 10 survivors (10240K)
 Metaspace       used 111799K, committed 112512K, reserved 1179648K
  class space    used 15512K, committed 15872K, reserved 1048576K
}
Event: 8.101 GC heap before
{Heap before GC invocations=51 (full 0):
 garbage-first heap   total 362496K, used 280521K [0x0000000080000000, 0x0000000100000000)
  region size 1024K, 125 young (128000K), 10 survivors (10240K)
 Metaspace       used 115554K, committed 116288K, reserved 1179648K
  class space    used 16228K, committed 16576K, reserved 1048576K
}
Event: 8.113 GC heap after
{Heap after GC invocations=52 (full 0):
 garbage-first heap   total 362496K, used 179614K [0x0000000080000000, 0x0000000100000000)
  region size 1024K, 15 young (15360K), 15 survivors (15360K)
 Metaspace       used 115554K, committed 116288K, reserved 1179648K
  class space    used 16228K, committed 16576K, reserved 1048576K
}
Event: 8.120 GC heap before
{Heap before GC invocations=52 (full 0):
 garbage-first heap   total 362496K, used 181662K [0x0000000080000000, 0x0000000100000000)
  region size 1024K, 17 young (17408K), 15 survivors (15360K)
 Metaspace       used 115640K, committed 116416K, reserved 1179648K
  class space    used 16249K, committed 16640K, reserved 1048576K
}

