# JRE version: OpenJDK Runtime Environment (17.0.7) (build 17.0.7+0-b2043.56-10550314)
# Java VM: OpenJDK 64-Bit Server VM (17.0.7+0-b2043.56-10550314, mixed mode, tiered, compressed oops, compressed class ptrs, g1 gc, windows-amd64)
GC Precious Log:
 CPUs: 8 total, 8 available
 Memory: 16303M
 Large Page Support: Disabled
 NUMA Support: Disabled
 Compressed Oops: Enabled (32-bit)
 Heap Region Size: 1M
 Heap Min Capacity: 8M
 Heap Initial Capacity: 256M
 Heap Max Capacity: 2G
 Pre-touch: Disabled
 Parallel Workers: 8
 Concurrent Workers: 2
 Concurrent Refinement Workers: 8
 Periodic GC: Disabled
Heap:
 garbage-first heap   total 343040K, used 175450K [0x0000000080000000, 0x0000000100000000)
  region size 1024K, 28 young (28672K), 2 survivors (2048K)
 Metaspace       used 130421K, committed 131520K, reserved 1179648K
  class space    used 18066K, committed 18624K, reserved 1048576K
GC Heap History (20 events):
Event: 48.432 GC heap before
{Heap before GC invocations=43 (full 0):
 garbage-first heap   total 271360K, used 163519K [0x0000000080000000, 0x0000000100000000)
  region size 1024K, 13 young (13312K), 2 survivors (2048K)
 Metaspace       used 113532K, committed 114496K, reserved 1179648K
  class space    used 15610K, committed 16128K, reserved 1048576K
}
Event: 48.437 GC heap after
{Heap after GC invocations=44 (full 0):
 garbage-first heap   total 271360K, used 134643K [0x0000000080000000, 0x0000000100000000)
  region size 1024K, 1 young (1024K), 1 survivors (1024K)
 Metaspace       used 113532K, committed 114496K, reserved 1179648K
  class space    used 15610K, committed 16128K, reserved 1048576K
}
Event: 48.529 GC heap before
{Heap before GC invocations=44 (full 0):
 garbage-first heap   total 271360K, used 145907K [0x0000000080000000, 0x0000000100000000)
  region size 1024K, 13 young (13312K), 1 survivors (1024K)
 Metaspace       used 115132K, committed 116096K, reserved 1179648K
  class space    used 15889K, committed 16384K, reserved 1048576K
}
Event: 48.533 GC heap after
{Heap after GC invocations=45 (full 0):
 garbage-first heap   total 325632K, used 132913K [0x0000000080000000, 0x0000000100000000)
  region size 1024K, 2 young (2048K), 2 survivors (2048K)
 Metaspace       used 115132K, committed 116096K, reserved 1179648K
  class space    used 15889K, committed 16384K, reserved 1048576K
}
Event: 49.118 GC heap before
{Heap before GC invocations=45 (full 0):
 garbage-first heap   total 325632K, used 255793K [0x0000000080000000, 0x0000000100000000)
  region size 1024K, 123 young (125952K), 2 survivors (2048K)
 Metaspace       used 124817K, committed 125760K, reserved 1179648K
  class space    used 17424K, committed 17920K, reserved 1048576K
}
Event: 49.121 GC heap after
{Heap after GC invocations=46 (full 0):
 garbage-first heap   total 325632K, used 134808K [0x0000000080000000, 0x0000000100000000)
  region size 1024K, 3 young (3072K), 3 survivors (3072K)
 Metaspace       used 124817K, committed 125760K, reserved 1179648K
  class space    used 17424K, committed 17920K, reserved 1048576K
}
Event: 57.687 GC heap before
{Heap before GC invocations=47 (full 0):
 garbage-first heap   total 325632K, used 308888K [0x0000000080000000, 0x0000000100000000)
  region size 1024K, 134 young (137216K), 3 survivors (3072K)
 Metaspace       used 128926K, committed 129920K, reserved 1179648K
  class space    used 18000K, committed 18496K, reserved 1048576K
}
Event: 57.694 GC heap after
{Heap after GC invocations=48 (full 0):
 garbage-first heap   total 326656K, used 146593K [0x0000000080000000, 0x0000000100000000)
  region size 1024K, 15 young (15360K), 15 survivors (15360K)
 Metaspace       used 128926K, committed 129920K, reserved 1179648K
  class space    used 18000K, committed 18496K, reserved 1048576K
}
Event: 57.696 GC heap before
{Heap before GC invocations=48 (full 0):
 garbage-first heap   total 326656K, used 147617K [0x0000000080000000, 0x0000000100000000)
  region size 1024K, 16 young (16384K), 15 survivors (15360K)
 Metaspace       used 128926K, committed 129920K, reserved 1179648K
  class space    used 18000K, committed 18496K, reserved 1048576K
}
Event: 57.702 GC heap after
{Heap after GC invocations=49 (full 0):
 garbage-first heap   total 326656K, used 144688K [0x0000000080000000, 0x0000000100000000)
  region size 1024K, 1 young (1024K), 1 survivors (1024K)
 Metaspace       used 128926K, committed 129920K, reserved 1179648K
  class space    used 18000K, committed 18496K, reserved 1048576K
}
Event: 121.377 GC heap before
{Heap before GC invocations=49 (full 0):
 garbage-first heap   total 326656K, used 264496K [0x0000000080000000, 0x0000000100000000)
  region size 1024K, 119 young (121856K), 1 survivors (1024K)
 Metaspace       used 129433K, committed 130496K, reserved 1179648K
  class space    used 18043K, committed 18560K, reserved 1048576K
}
Event: 121.386 GC heap after
{Heap after GC invocations=50 (full 0):
 garbage-first heap   total 326656K, used 156818K [0x0000000080000000, 0x0000000100000000)
  region size 1024K, 13 young (13312K), 13 survivors (13312K)
 Metaspace       used 129433K, committed 130496K, reserved 1179648K
  class space    used 18043K, committed 18560K, reserved 1048576K
}
Event: 138.188 GC heap before
{Heap before GC invocations=50 (full 0):
 garbage-first heap   total 326656K, used 263314K [0x0000000080000000, 0x0000000100000000)
  region size 1024K, 118 young (120832K), 13 survivors (13312K)
 Metaspace       used 129797K, committed 130880K, reserved 1179648K
  class space    used 18061K, committed 18560K, reserved 1048576K
}
Event: 138.194 GC heap after
{Heap after GC invocations=51 (full 0):
 garbage-first heap   total 326656K, used 159724K [0x0000000080000000, 0x0000000100000000)
  region size 1024K, 11 young (11264K), 11 survivors (11264K)
 Metaspace       used 129797K, committed 130880K, reserved 1179648K
  class space    used 18061K, committed 18560K, reserved 1048576K
}
Event: 150.093 GC heap before
{Heap before GC invocations=51 (full 0):
 garbage-first heap   total 326656K, used 238572K [0x0000000080000000, 0x0000000100000000)
  region size 1024K, 74 young (75776K), 11 survivors (11264K)
 Metaspace       used 130139K, committed 131264K, reserved 1179648K
  class space    used 18069K, committed 18624K, reserved 1048576K
}
Event: 150.099 GC heap after
{Heap after GC invocations=52 (full 0):
 garbage-first heap   total 326656K, used 178441K [0x0000000080000000, 0x0000000100000000)
  region size 1024K, 6 young (6144K), 6 survivors (6144K)
 Metaspace       used 130139K, committed 131264K, reserved 1179648K
  class space    used 18069K, committed 18624K, reserved 1048576K
}
Event: 383.983 GC heap before
{Heap before GC invocations=53 (full 0):
 garbage-first heap   total 343040K, used 286985K [0x0000000080000000, 0x0000000100000000)
  region size 1024K, 89 young (91136K), 6 survivors (6144K)
 Metaspace       used 130335K, committed 131456K, reserved 1179648K
  class space    used 18064K, committed 18624K, reserved 1048576K
}
Event: 383.989 GC heap after
{Heap after GC invocations=54 (full 0):
 garbage-first heap   total 343040K, used 170584K [0x0000000080000000, 0x0000000100000000)
  region size 1024K, 12 young (12288K), 12 survivors (12288K)
 Metaspace       used 130335K, committed 131456K, reserved 1179648K
  class space    used 18064K, committed 18624K, reserved 1048576K
}
Event: 384.007 GC heap before
{Heap before GC invocations=54 (full 0):
 garbage-first heap   total 343040K, used 174680K [0x0000000080000000, 0x0000000100000000)
  region size 1024K, 16 young (16384K), 12 survivors (12288K)
 Metaspace       used 130339K, committed 131456K, reserved 1179648K
  class space    used 18064K, committed 18624K, reserved 1048576K
}
Event: 384.014 GC heap after
{Heap after GC invocations=55 (full 0):
 garbage-first heap   total 343040K, used 150874K [0x0000000080000000, 0x0000000100000000)
  region size 1024K, 2 young (2048K), 2 survivors (2048K)
 Metaspace       used 130339K, committed 131456K, reserved 1179648K
  class space    used 18064K, committed 18624K, reserved 1048576K
}

