# JRE version: OpenJDK Runtime Environment (17.0.7) (build 17.0.7+0-b2043.56-10550314)
# Java VM: OpenJDK 64-Bit Server VM (17.0.7+0-b2043.56-10550314, mixed mode, tiered, compressed oops, compressed class ptrs, g1 gc, windows-amd64)
GC Precious Log:
 CPUs: 8 total, 8 available
 Memory: 16303M
 Large Page Support: Disabled
 NUMA Support: Disabled
 Compressed Oops: Enabled (32-bit)
 Heap Region Size: 1M
 Heap Min Capacity: 8M
 Heap Initial Capacity: 256M
 Heap Max Capacity: 2G
 Pre-touch: Disabled
 Parallel Workers: 8
 Concurrent Workers: 2
 Concurrent Refinement Workers: 8
 Periodic GC: Disabled
Heap:
 garbage-first heap   total 263168K, used 68243K [0x0000000080000000, 0x0000000100000000)
  region size 1024K, 3 young (3072K), 3 survivors (3072K)
 Metaspace       used 69461K, committed 70016K, reserved 1114112K
  class space    used 9319K, committed 9600K, reserved 1048576K
GC Heap History (20 events):
Event: 2.165 GC heap after
{Heap after GC invocations=11 (full 0):
 garbage-first heap   total 113664K, used 27618K [0x0000000080000000, 0x0000000100000000)
  region size 1024K, 4 young (4096K), 4 survivors (4096K)
 Metaspace       used 41113K, committed 41408K, reserved 1114112K
  class space    used 5477K, committed 5632K, reserved 1048576K
}
Event: 2.166 GC heap before
{Heap before GC invocations=11 (full 0):
 garbage-first heap   total 113664K, used 28642K [0x0000000080000000, 0x0000000100000000)
  region size 1024K, 5 young (5120K), 4 survivors (4096K)
 Metaspace       used 41114K, committed 41408K, reserved 1114112K
  class space    used 5477K, committed 5632K, reserved 1048576K
}
Event: 2.169 GC heap after
{Heap after GC invocations=12 (full 0):
 garbage-first heap   total 113664K, used 27957K [0x0000000080000000, 0x0000000100000000)
  region size 1024K, 1 young (1024K), 1 survivors (1024K)
 Metaspace       used 41114K, committed 41408K, reserved 1114112K
  class space    used 5477K, committed 5632K, reserved 1048576K
}
Event: 2.521 GC heap before
{Heap before GC invocations=12 (full 0):
 garbage-first heap   total 113664K, used 89397K [0x0000000080000000, 0x0000000100000000)
  region size 1024K, 55 young (56320K), 1 survivors (1024K)
 Metaspace       used 46540K, committed 46976K, reserved 1114112K
  class space    used 6127K, committed 6336K, reserved 1048576K
}
Event: 2.523 GC heap after
{Heap after GC invocations=13 (full 0):
 garbage-first heap   total 113664K, used 31732K [0x0000000080000000, 0x0000000100000000)
  region size 1024K, 5 young (5120K), 5 survivors (5120K)
 Metaspace       used 46540K, committed 46976K, reserved 1114112K
  class space    used 6127K, committed 6336K, reserved 1048576K
}
Event: 2.911 GC heap before
{Heap before GC invocations=13 (full 0):
 garbage-first heap   total 113664K, used 82932K [0x0000000080000000, 0x0000000100000000)
  region size 1024K, 55 young (56320K), 5 survivors (5120K)
 Metaspace       used 52561K, committed 53056K, reserved 1114112K
  class space    used 7099K, committed 7296K, reserved 1048576K
}
Event: 2.914 GC heap after
{Heap after GC invocations=14 (full 0):
 garbage-first heap   total 113664K, used 34041K [0x0000000080000000, 0x0000000100000000)
  region size 1024K, 3 young (3072K), 3 survivors (3072K)
 Metaspace       used 52561K, committed 53056K, reserved 1114112K
  class space    used 7099K, committed 7296K, reserved 1048576K
}
Event: 3.289 GC heap before
{Heap before GC invocations=14 (full 0):
 garbage-first heap   total 113664K, used 98553K [0x0000000080000000, 0x0000000100000000)
  region size 1024K, 54 young (55296K), 3 survivors (3072K)
 Metaspace       used 54926K, committed 55424K, reserved 1114112K
  class space    used 7395K, committed 7616K, reserved 1048576K
}
Event: 3.293 GC heap after
{Heap after GC invocations=15 (full 0):
 garbage-first heap   total 114688K, used 57424K [0x0000000080000000, 0x0000000100000000)
  region size 1024K, 7 young (7168K), 7 survivors (7168K)
 Metaspace       used 54926K, committed 55424K, reserved 1114112K
  class space    used 7395K, committed 7616K, reserved 1048576K
}
Event: 3.311 GC heap before
{Heap before GC invocations=15 (full 0):
 garbage-first heap   total 114688K, used 63568K [0x0000000080000000, 0x0000000100000000)
  region size 1024K, 14 young (14336K), 7 survivors (7168K)
 Metaspace       used 55357K, committed 55808K, reserved 1114112K
  class space    used 7431K, committed 7616K, reserved 1048576K
}
Event: 3.313 GC heap after
{Heap after GC invocations=16 (full 0):
 garbage-first heap   total 114688K, used 58283K [0x0000000080000000, 0x0000000100000000)
  region size 1024K, 1 young (1024K), 1 survivors (1024K)
 Metaspace       used 55357K, committed 55808K, reserved 1114112K
  class space    used 7431K, committed 7616K, reserved 1048576K
}
Event: 3.512 GC heap before
{Heap before GC invocations=17 (full 0):
 garbage-first heap   total 114688K, used 91051K [0x0000000080000000, 0x0000000100000000)
  region size 1024K, 32 young (32768K), 1 survivors (1024K)
 Metaspace       used 58216K, committed 58688K, reserved 1114112K
  class space    used 7854K, committed 8064K, reserved 1048576K
}
Event: 3.513 GC heap after
{Heap after GC invocations=18 (full 0):
 garbage-first heap   total 114688K, used 60122K [0x0000000080000000, 0x0000000100000000)
  region size 1024K, 2 young (2048K), 2 survivors (2048K)
 Metaspace       used 58216K, committed 58688K, reserved 1114112K
  class space    used 7854K, committed 8064K, reserved 1048576K
}
Event: 3.709 GC heap before
{Heap before GC invocations=18 (full 0):
 garbage-first heap   total 114688K, used 91866K [0x0000000080000000, 0x0000000100000000)
  region size 1024K, 33 young (33792K), 2 survivors (2048K)
 Metaspace       used 61660K, committed 62144K, reserved 1114112K
  class space    used 8283K, committed 8512K, reserved 1048576K
}
Event: 3.711 GC heap after
{Heap after GC invocations=19 (full 0):
 garbage-first heap   total 114688K, used 60880K [0x0000000080000000, 0x0000000100000000)
  region size 1024K, 3 young (3072K), 3 survivors (3072K)
 Metaspace       used 61660K, committed 62144K, reserved 1114112K
  class space    used 8283K, committed 8512K, reserved 1048576K
}
Event: 3.878 GC heap before
{Heap before GC invocations=20 (full 0):
 garbage-first heap   total 114688K, used 79312K [0x0000000080000000, 0x0000000100000000)
  region size 1024K, 22 young (22528K), 3 survivors (3072K)
 Metaspace       used 65268K, committed 65856K, reserved 1114112K
  class space    used 8748K, committed 9024K, reserved 1048576K
}
Event: 3.880 GC heap after
{Heap after GC invocations=21 (full 0):
 garbage-first heap   total 114688K, used 62956K [0x0000000080000000, 0x0000000100000000)
  region size 1024K, 5 young (5120K), 5 survivors (5120K)
 Metaspace       used 65268K, committed 65856K, reserved 1114112K
  class space    used 8748K, committed 9024K, reserved 1048576K
}
Event: 4.032 GC heap before
{Heap before GC invocations=22 (full 0):
 garbage-first heap   total 128000K, used 99820K [0x0000000080000000, 0x0000000100000000)
  region size 1024K, 35 young (35840K), 5 survivors (5120K)
 Metaspace       used 66820K, committed 67392K, reserved 1114112K
  class space    used 8961K, committed 9280K, reserved 1048576K
}
Event: 4.034 GC heap after
{Heap after GC invocations=23 (full 0):
 garbage-first heap   total 128000K, used 65969K [0x0000000080000000, 0x0000000100000000)
  region size 1024K, 5 young (5120K), 5 survivors (5120K)
 Metaspace       used 66820K, committed 67392K, reserved 1114112K
  class space    used 8961K, committed 9280K, reserved 1048576K
}
Event: 4.216 GC heap before
{Heap before GC invocations=23 (full 0):
 garbage-first heap   total 128000K, used 100785K [0x0000000080000000, 0x0000000100000000)
  region size 1024K, 39 young (39936K), 5 survivors (5120K)
 Metaspace       used 69461K, committed 70016K, reserved 1114112K
  class space    used 9319K, committed 9600K, reserved 1048576K
}

