# JRE version: OpenJDK Runtime Environment (17.0.7) (build 17.0.7+0-b2043.56-10550314)
# Java VM: OpenJDK 64-Bit Server VM (17.0.7+0-b2043.56-10550314, mixed mode, tiered, compressed oops, compressed class ptrs, g1 gc, windows-amd64)
GC Precious Log:
 CPUs: 8 total, 8 available
 Memory: 16303M
 Large Page Support: Disabled
 NUMA Support: Disabled
 Compressed Oops: Enabled (32-bit)
 Heap Region Size: 1M
 Heap Min Capacity: 8M
 Heap Initial Capacity: 256M
 Heap Max Capacity: 2G
 Pre-touch: Disabled
 Parallel Workers: 8
 Concurrent Workers: 2
 Concurrent Refinement Workers: 8
 Periodic GC: Disabled
Heap:
 garbage-first heap   total 287744K, used 214152K [0x0000000080000000, 0x0000000100000000)
  region size 1024K, 9 young (9216K), 4 survivors (4096K)
 Metaspace       used 130020K, committed 131136K, reserved 1179648K
  class space    used 18151K, committed 18688K, reserved 1048576K
GC Heap History (20 events):
Event: 334.468 GC heap before
{Heap before GC invocations=50 (full 0):
 garbage-first heap   total 239616K, used 205861K [0x0000000080000000, 0x0000000100000000)
  region size 1024K, 25 young (25600K), 4 survivors (4096K)
 Metaspace       used 109224K, committed 110272K, reserved 1179648K
  class space    used 14952K, committed 15488K, reserved 1048576K
}
Event: 334.474 GC heap after
{Heap after GC invocations=51 (full 0):
 garbage-first heap   total 287744K, used 187393K [0x0000000080000000, 0x0000000100000000)
  region size 1024K, 4 young (4096K), 4 survivors (4096K)
 Metaspace       used 109224K, committed 110272K, reserved 1179648K
  class space    used 14952K, committed 15488K, reserved 1048576K
}
Event: 345.343 GC heap before
{Heap before GC invocations=51 (full 0):
 garbage-first heap   total 287744K, used 242689K [0x0000000080000000, 0x0000000100000000)
  region size 1024K, 54 young (55296K), 4 survivors (4096K)
 Metaspace       used 109609K, committed 110720K, reserved 1179648K
  class space    used 14985K, committed 15488K, reserved 1048576K
}
Event: 345.347 GC heap after
{Heap after GC invocations=52 (full 0):
 garbage-first heap   total 287744K, used 193033K [0x0000000080000000, 0x0000000100000000)
  region size 1024K, 7 young (7168K), 7 survivors (7168K)
 Metaspace       used 109609K, committed 110720K, reserved 1179648K
  class space    used 14985K, committed 15488K, reserved 1048576K
}
Event: 345.621 GC heap before
{Heap before GC invocations=52 (full 0):
 garbage-first heap   total 287744K, used 240137K [0x0000000080000000, 0x0000000100000000)
  region size 1024K, 54 young (55296K), 7 survivors (7168K)
 Metaspace       used 115777K, committed 116864K, reserved 1179648K
  class space    used 15848K, committed 16384K, reserved 1048576K
}
Event: 345.625 GC heap after
{Heap after GC invocations=53 (full 0):
 garbage-first heap   total 287744K, used 193951K [0x0000000080000000, 0x0000000100000000)
  region size 1024K, 2 young (2048K), 2 survivors (2048K)
 Metaspace       used 115777K, committed 116864K, reserved 1179648K
  class space    used 15848K, committed 16384K, reserved 1048576K
}
Event: 345.854 GC heap before
{Heap before GC invocations=53 (full 0):
 garbage-first heap   total 287744K, used 242079K [0x0000000080000000, 0x0000000100000000)
  region size 1024K, 50 young (51200K), 2 survivors (2048K)
 Metaspace       used 122693K, committed 123840K, reserved 1179648K
  class space    used 16940K, committed 17472K, reserved 1048576K
}
Event: 345.856 GC heap after
{Heap after GC invocations=54 (full 0):
 garbage-first heap   total 287744K, used 194837K [0x0000000080000000, 0x0000000100000000)
  region size 1024K, 3 young (3072K), 3 survivors (3072K)
 Metaspace       used 122693K, committed 123840K, reserved 1179648K
  class space    used 16940K, committed 17472K, reserved 1048576K
}
Event: 346.183 GC heap before
{Heap before GC invocations=54 (full 0):
 garbage-first heap   total 287744K, used 243989K [0x0000000080000000, 0x0000000100000000)
  region size 1024K, 52 young (53248K), 3 survivors (3072K)
 Metaspace       used 127614K, committed 128704K, reserved 1179648K
  class space    used 17864K, committed 18368K, reserved 1048576K
}
Event: 346.186 GC heap after
{Heap after GC invocations=55 (full 0):
 garbage-first heap   total 287744K, used 194890K [0x0000000080000000, 0x0000000100000000)
  region size 1024K, 3 young (3072K), 3 survivors (3072K)
 Metaspace       used 127614K, committed 128704K, reserved 1179648K
  class space    used 17864K, committed 18368K, reserved 1048576K
}
Event: 346.376 GC heap before
{Heap before GC invocations=55 (full 0):
 garbage-first heap   total 287744K, used 238922K [0x0000000080000000, 0x0000000100000000)
  region size 1024K, 28 young (28672K), 3 survivors (3072K)
 Metaspace       used 129592K, committed 130752K, reserved 1179648K
  class space    used 18127K, committed 18688K, reserved 1048576K
}
Event: 346.379 GC heap after
{Heap after GC invocations=56 (full 0):
 garbage-first heap   total 287744K, used 216135K [0x0000000080000000, 0x0000000100000000)
  region size 1024K, 6 young (6144K), 6 survivors (6144K)
 Metaspace       used 129592K, committed 130752K, reserved 1179648K
  class space    used 18127K, committed 18688K, reserved 1048576K
}
Event: 346.386 GC heap before
{Heap before GC invocations=56 (full 0):
 garbage-first heap   total 287744K, used 232519K [0x0000000080000000, 0x0000000100000000)
  region size 1024K, 7 young (7168K), 6 survivors (6144K)
 Metaspace       used 129593K, committed 130752K, reserved 1179648K
  class space    used 18127K, committed 18688K, reserved 1048576K
}
Event: 346.389 GC heap after
{Heap after GC invocations=57 (full 0):
 garbage-first heap   total 287744K, used 212545K [0x0000000080000000, 0x0000000100000000)
  region size 1024K, 1 young (1024K), 1 survivors (1024K)
 Metaspace       used 129593K, committed 130752K, reserved 1179648K
  class space    used 18127K, committed 18688K, reserved 1048576K
}
Event: 721.835 GC heap before
{Heap before GC invocations=57 (full 0):
 garbage-first heap   total 287744K, used 255553K [0x0000000080000000, 0x0000000100000000)
  region size 1024K, 38 young (38912K), 1 survivors (1024K)
 Metaspace       used 129880K, committed 131008K, reserved 1179648K
  class space    used 18161K, committed 18688K, reserved 1048576K
}
Event: 721.837 GC heap after
{Heap after GC invocations=58 (full 0):
 garbage-first heap   total 287744K, used 200482K [0x0000000080000000, 0x0000000100000000)
  region size 1024K, 3 young (3072K), 3 survivors (3072K)
 Metaspace       used 129880K, committed 131008K, reserved 1179648K
  class space    used 18161K, committed 18688K, reserved 1048576K
}
Event: 722.030 GC heap before
{Heap before GC invocations=58 (full 0):
 garbage-first heap   total 287744K, used 248610K [0x0000000080000000, 0x0000000100000000)
  region size 1024K, 50 young (51200K), 3 survivors (3072K)
 Metaspace       used 130011K, committed 131136K, reserved 1179648K
  class space    used 18162K, committed 18688K, reserved 1048576K
}
Event: 722.034 GC heap after
{Heap after GC invocations=59 (full 0):
 garbage-first heap   total 287744K, used 206972K [0x0000000080000000, 0x0000000100000000)
  region size 1024K, 7 young (7168K), 7 survivors (7168K)
 Metaspace       used 130011K, committed 131136K, reserved 1179648K
  class space    used 18162K, committed 18688K, reserved 1048576K
}
Event: 722.971 GC heap before
{Heap before GC invocations=59 (full 0):
 garbage-first heap   total 287744K, used 245884K [0x0000000080000000, 0x0000000100000000)
  region size 1024K, 45 young (46080K), 7 survivors (7168K)
 Metaspace       used 130064K, committed 131136K, reserved 1179648K
  class space    used 18165K, committed 18688K, reserved 1048576K
}
Event: 722.976 GC heap after
{Heap after GC invocations=60 (full 0):
 garbage-first heap   total 287744K, used 211080K [0x0000000080000000, 0x0000000100000000)
  region size 1024K, 4 young (4096K), 4 survivors (4096K)
 Metaspace       used 130064K, committed 131136K, reserved 1179648K
  class space    used 18165K, committed 18688K, reserved 1048576K
}

