# JRE version: OpenJDK Runtime Environment (17.0.7) (build 17.0.7+0-b2043.56-10550314)
# Java VM: OpenJDK 64-Bit Server VM (17.0.7+0-b2043.56-10550314, mixed mode, tiered, compressed oops, compressed class ptrs, g1 gc, windows-amd64)
GC Precious Log:
 CPUs: 8 total, 8 available
 Memory: 16303M
 Large Page Support: Disabled
 NUMA Support: Disabled
 Compressed Oops: Enabled (32-bit)
 Heap Region Size: 1M
 Heap Min Capacity: 8M
 Heap Initial Capacity: 256M
 Heap Max Capacity: 2G
 Pre-touch: Disabled
 Parallel Workers: 8
 Concurrent Workers: 2
 Concurrent Refinement Workers: 8
 Periodic GC: Disabled
Heap:
 garbage-first heap   total 315392K, used 178442K [0x0000000080000000, 0x0000000100000000)
  region size 1024K, 67 young (68608K), 12 survivors (12288K)
 Metaspace       used 125858K, committed 126784K, reserved 1179648K
  class space    used 17575K, committed 18048K, reserved 1048576K
GC Heap History (20 events):
Event: 5.418 GC heap before
{Heap before GC invocations=30 (full 0):
 garbage-first heap   total 156672K, used 79708K [0x0000000080000000, 0x0000000100000000)
  region size 1024K, 7 young (7168K), 6 survivors (6144K)
 Metaspace       used 81038K, committed 81728K, reserved 1179648K
  class space    used 10960K, committed 11264K, reserved 1048576K
}
Event: 5.420 GC heap after
{Heap after GC invocations=31 (full 0):
 garbage-first heap   total 156672K, used 79792K [0x0000000080000000, 0x0000000100000000)
  region size 1024K, 1 young (1024K), 1 survivors (1024K)
 Metaspace       used 81038K, committed 81728K, reserved 1179648K
  class space    used 10960K, committed 11264K, reserved 1048576K
}
Event: 5.761 GC heap before
{Heap before GC invocations=31 (full 0):
 garbage-first heap   total 156672K, used 125872K [0x0000000080000000, 0x0000000100000000)
  region size 1024K, 46 young (47104K), 1 survivors (1024K)
 Metaspace       used 84682K, committed 85312K, reserved 1179648K
  class space    used 11642K, committed 11968K, reserved 1048576K
}
Event: 5.763 GC heap after
{Heap after GC invocations=32 (full 0):
 garbage-first heap   total 156672K, used 81157K [0x0000000080000000, 0x0000000100000000)
  region size 1024K, 3 young (3072K), 3 survivors (3072K)
 Metaspace       used 84682K, committed 85312K, reserved 1179648K
  class space    used 11642K, committed 11968K, reserved 1048576K
}
Event: 6.095 GC heap before
{Heap before GC invocations=33 (full 0):
 garbage-first heap   total 156672K, used 127237K [0x0000000080000000, 0x0000000100000000)
  region size 1024K, 48 young (49152K), 3 survivors (3072K)
 Metaspace       used 88254K, committed 88896K, reserved 1179648K
  class space    used 12169K, committed 12480K, reserved 1048576K
}
Event: 6.097 GC heap after
{Heap after GC invocations=34 (full 0):
 garbage-first heap   total 156672K, used 83851K [0x0000000080000000, 0x0000000100000000)
  region size 1024K, 5 young (5120K), 5 survivors (5120K)
 Metaspace       used 88254K, committed 88896K, reserved 1179648K
  class space    used 12169K, committed 12480K, reserved 1048576K
}
Event: 6.362 GC heap before
{Heap before GC invocations=34 (full 0):
 garbage-first heap   total 156672K, used 128907K [0x0000000080000000, 0x0000000100000000)
  region size 1024K, 49 young (50176K), 5 survivors (5120K)
 Metaspace       used 91794K, committed 92416K, reserved 1179648K
  class space    used 12732K, committed 13056K, reserved 1048576K
}
Event: 6.366 GC heap after
{Heap after GC invocations=35 (full 0):
 garbage-first heap   total 156672K, used 86335K [0x0000000080000000, 0x0000000100000000)
  region size 1024K, 6 young (6144K), 6 survivors (6144K)
 Metaspace       used 91794K, committed 92416K, reserved 1179648K
  class space    used 12732K, committed 13056K, reserved 1048576K
}
Event: 6.641 GC heap before
{Heap before GC invocations=35 (full 0):
 garbage-first heap   total 156672K, used 130367K [0x0000000080000000, 0x0000000100000000)
  region size 1024K, 49 young (50176K), 6 survivors (6144K)
 Metaspace       used 95353K, committed 96000K, reserved 1179648K
  class space    used 13185K, committed 13504K, reserved 1048576K
}
Event: 6.645 GC heap after
{Heap after GC invocations=36 (full 0):
 garbage-first heap   total 156672K, used 89772K [0x0000000080000000, 0x0000000100000000)
  region size 1024K, 6 young (6144K), 6 survivors (6144K)
 Metaspace       used 95353K, committed 96000K, reserved 1179648K
  class space    used 13185K, committed 13504K, reserved 1048576K
}
Event: 6.822 GC heap before
{Heap before GC invocations=36 (full 0):
 garbage-first heap   total 156672K, used 130732K [0x0000000080000000, 0x0000000100000000)
  region size 1024K, 46 young (47104K), 6 survivors (6144K)
 Metaspace       used 96093K, committed 96704K, reserved 1179648K
  class space    used 13276K, committed 13568K, reserved 1048576K
}
Event: 6.827 GC heap after
{Heap after GC invocations=37 (full 0):
 garbage-first heap   total 315392K, used 95511K [0x0000000080000000, 0x0000000100000000)
  region size 1024K, 6 young (6144K), 6 survivors (6144K)
 Metaspace       used 96093K, committed 96704K, reserved 1179648K
  class space    used 13276K, committed 13568K, reserved 1048576K
}
Event: 7.540 GC heap before
{Heap before GC invocations=37 (full 0):
 garbage-first heap   total 315392K, used 248087K [0x0000000080000000, 0x0000000100000000)
  region size 1024K, 156 young (159744K), 6 survivors (6144K)
 Metaspace       used 99172K, committed 99904K, reserved 1179648K
  class space    used 13764K, committed 14080K, reserved 1048576K
}
Event: 7.548 GC heap after
{Heap after GC invocations=38 (full 0):
 garbage-first heap   total 315392K, used 107690K [0x0000000080000000, 0x0000000100000000)
  region size 1024K, 18 young (18432K), 18 survivors (18432K)
 Metaspace       used 99172K, committed 99904K, reserved 1179648K
  class space    used 13764K, committed 14080K, reserved 1048576K
}
Event: 8.141 GC heap before
{Heap before GC invocations=38 (full 0):
 garbage-first heap   total 315392K, used 247978K [0x0000000080000000, 0x0000000100000000)
  region size 1024K, 149 young (152576K), 18 survivors (18432K)
 Metaspace       used 108805K, committed 109504K, reserved 1179648K
  class space    used 15088K, committed 15424K, reserved 1048576K
}
Event: 8.152 GC heap after
{Heap after GC invocations=39 (full 0):
 garbage-first heap   total 315392K, used 119380K [0x0000000080000000, 0x0000000100000000)
  region size 1024K, 12 young (12288K), 12 survivors (12288K)
 Metaspace       used 108805K, committed 109504K, reserved 1179648K
  class space    used 15088K, committed 15424K, reserved 1048576K
}
Event: 8.719 GC heap before
{Heap before GC invocations=39 (full 0):
 garbage-first heap   total 315392K, used 247380K [0x0000000080000000, 0x0000000100000000)
  region size 1024K, 137 young (140288K), 12 survivors (12288K)
 Metaspace       used 118098K, committed 118976K, reserved 1179648K
  class space    used 16658K, committed 17088K, reserved 1048576K
}
Event: 8.724 GC heap after
{Heap after GC invocations=40 (full 0):
 garbage-first heap   total 315392K, used 118454K [0x0000000080000000, 0x0000000100000000)
  region size 1024K, 6 young (6144K), 6 survivors (6144K)
 Metaspace       used 118098K, committed 118976K, reserved 1179648K
  class space    used 16658K, committed 17088K, reserved 1048576K
}
Event: 281.247 GC heap before
{Heap before GC invocations=40 (full 0):
 garbage-first heap   total 315392K, used 281270K [0x0000000080000000, 0x0000000100000000)
  region size 1024K, 138 young (141312K), 6 survivors (6144K)
 Metaspace       used 122609K, committed 123456K, reserved 1179648K
  class space    used 17202K, committed 17600K, reserved 1048576K
}
Event: 281.253 GC heap after
{Heap after GC invocations=41 (full 0):
 garbage-first heap   total 315392K, used 124170K [0x0000000080000000, 0x0000000100000000)
  region size 1024K, 12 young (12288K), 12 survivors (12288K)
 Metaspace       used 122609K, committed 123456K, reserved 1179648K
  class space    used 17202K, committed 17600K, reserved 1048576K
}

