# JRE version: OpenJDK Runtime Environment (17.0.7) (build 17.0.7+0-b2043.56-10550314)
# Java VM: OpenJDK 64-Bit Server VM (17.0.7+0-b2043.56-10550314, mixed mode, tiered, compressed oops, compressed class ptrs, g1 gc, windows-amd64)
GC Precious Log:
 CPUs: 8 total, 8 available
 Memory: 16303M
 Large Page Support: Disabled
 NUMA Support: Disabled
 Compressed Oops: Enabled (32-bit)
 Heap Region Size: 1M
 Heap Min Capacity: 8M
 Heap Initial Capacity: 256M
 Heap Max Capacity: 2G
 Pre-touch: Disabled
 Parallel Workers: 8
 Concurrent Workers: 2
 Concurrent Refinement Workers: 8
 Periodic GC: Disabled
Heap:
 garbage-first heap   total 328704K, used 173625K [0x0000000080000000, 0x0000000100000000)
  region size 1024K, 60 young (61440K), 10 survivors (10240K)
 Metaspace       used 106883K, committed 107776K, reserved 1179648K
  class space    used 14656K, committed 15104K, reserved 1048576K
GC Heap History (20 events):
Event: 6.340 GC heap before
{Heap before GC invocations=35 (full 0):
 garbage-first heap   total 156672K, used 80541K [0x0000000080000000, 0x0000000100000000)
  region size 1024K, 3 young (3072K), 1 survivors (1024K)
 Metaspace       used 80015K, committed 80640K, reserved 1179648K
  class space    used 10778K, committed 11072K, reserved 1048576K
}
Event: 6.342 GC heap after
{Heap after GC invocations=36 (full 0):
 garbage-first heap   total 156672K, used 79302K [0x0000000080000000, 0x0000000100000000)
  region size 1024K, 1 young (1024K), 1 survivors (1024K)
 Metaspace       used 80015K, committed 80640K, reserved 1179648K
  class space    used 10778K, committed 11072K, reserved 1048576K
}
Event: 6.652 GC heap before
{Heap before GC invocations=37 (full 0):
 garbage-first heap   total 156672K, used 126406K [0x0000000080000000, 0x0000000100000000)
  region size 1024K, 46 young (47104K), 1 survivors (1024K)
 Metaspace       used 83611K, committed 84288K, reserved 1179648K
  class space    used 11487K, committed 11776K, reserved 1048576K
}
Event: 6.653 GC heap after
{Heap after GC invocations=38 (full 0):
 garbage-first heap   total 156672K, used 80425K [0x0000000080000000, 0x0000000100000000)
  region size 1024K, 2 young (2048K), 2 survivors (2048K)
 Metaspace       used 83611K, committed 84288K, reserved 1179648K
  class space    used 11487K, committed 11776K, reserved 1048576K
}
Event: 6.964 GC heap before
{Heap before GC invocations=38 (full 0):
 garbage-first heap   total 156672K, used 127529K [0x0000000080000000, 0x0000000100000000)
  region size 1024K, 48 young (49152K), 2 survivors (2048K)
 Metaspace       used 86960K, committed 87616K, reserved 1179648K
  class space    used 11980K, committed 12288K, reserved 1048576K
}
Event: 6.967 GC heap after
{Heap after GC invocations=39 (full 0):
 garbage-first heap   total 156672K, used 83291K [0x0000000080000000, 0x0000000100000000)
  region size 1024K, 5 young (5120K), 5 survivors (5120K)
 Metaspace       used 86960K, committed 87616K, reserved 1179648K
  class space    used 11980K, committed 12288K, reserved 1048576K
}
Event: 7.319 GC heap before
{Heap before GC invocations=40 (full 0):
 garbage-first heap   total 156672K, used 128347K [0x0000000080000000, 0x0000000100000000)
  region size 1024K, 49 young (50176K), 5 survivors (5120K)
 Metaspace       used 90608K, committed 91200K, reserved 1179648K
  class space    used 12509K, committed 12800K, reserved 1048576K
}
Event: 7.322 GC heap after
{Heap after GC invocations=41 (full 0):
 garbage-first heap   total 156672K, used 86101K [0x0000000080000000, 0x0000000100000000)
  region size 1024K, 6 young (6144K), 6 survivors (6144K)
 Metaspace       used 90608K, committed 91200K, reserved 1179648K
  class space    used 12509K, committed 12800K, reserved 1048576K
}
Event: 7.645 GC heap before
{Heap before GC invocations=41 (full 0):
 garbage-first heap   total 156672K, used 129109K [0x0000000080000000, 0x0000000100000000)
  region size 1024K, 48 young (49152K), 6 survivors (6144K)
 Metaspace       used 94676K, committed 95360K, reserved 1179648K
  class space    used 13076K, committed 13376K, reserved 1048576K
}
Event: 7.648 GC heap after
{Heap after GC invocations=42 (full 0):
 garbage-first heap   total 156672K, used 88612K [0x0000000080000000, 0x0000000100000000)
  region size 1024K, 6 young (6144K), 6 survivors (6144K)
 Metaspace       used 94676K, committed 95360K, reserved 1179648K
  class space    used 13076K, committed 13376K, reserved 1048576K
}
Event: 7.942 GC heap before
{Heap before GC invocations=43 (full 0):
 garbage-first heap   total 156672K, used 129572K [0x0000000080000000, 0x0000000100000000)
  region size 1024K, 46 young (47104K), 6 survivors (6144K)
 Metaspace       used 96110K, committed 96768K, reserved 1179648K
  class space    used 13275K, committed 13568K, reserved 1048576K
}
Event: 7.946 GC heap after
{Heap after GC invocations=44 (full 0):
 garbage-first heap   total 156672K, used 93120K [0x0000000080000000, 0x0000000100000000)
  region size 1024K, 6 young (6144K), 6 survivors (6144K)
 Metaspace       used 96110K, committed 96768K, reserved 1179648K
  class space    used 13275K, committed 13568K, reserved 1048576K
}
Event: 8.134 GC heap before
{Heap before GC invocations=44 (full 0):
 garbage-first heap   total 156672K, used 129984K [0x0000000080000000, 0x0000000100000000)
  region size 1024K, 42 young (43008K), 6 survivors (6144K)
 Metaspace       used 96687K, committed 97344K, reserved 1179648K
  class space    used 13378K, committed 13696K, reserved 1048576K
}
Event: 8.141 GC heap after
{Heap after GC invocations=45 (full 0):
 garbage-first heap   total 328704K, used 98957K [0x0000000080000000, 0x0000000100000000)
  region size 1024K, 6 young (6144K), 6 survivors (6144K)
 Metaspace       used 96687K, committed 97344K, reserved 1179648K
  class space    used 13378K, committed 13696K, reserved 1048576K
}
Event: 9.572 GC heap before
{Heap before GC invocations=46 (full 0):
 garbage-first heap   total 328704K, used 250509K [0x0000000080000000, 0x0000000100000000)
  region size 1024K, 155 young (158720K), 6 survivors (6144K)
 Metaspace       used 101398K, committed 102080K, reserved 1179648K
  class space    used 14024K, committed 14336K, reserved 1048576K
}
Event: 9.581 GC heap after
{Heap after GC invocations=47 (full 0):
 garbage-first heap   total 328704K, used 110167K [0x0000000080000000, 0x0000000100000000)
  region size 1024K, 17 young (17408K), 17 survivors (17408K)
 Metaspace       used 101398K, committed 102080K, reserved 1179648K
  class space    used 14024K, committed 14336K, reserved 1048576K
}
Event: 9.590 GC heap before
{Heap before GC invocations=47 (full 0):
 garbage-first heap   total 328704K, used 110167K [0x0000000080000000, 0x0000000100000000)
  region size 1024K, 18 young (18432K), 17 survivors (17408K)
 Metaspace       used 101478K, committed 102144K, reserved 1179648K
  class space    used 14034K, committed 14336K, reserved 1048576K
}
Event: 9.595 GC heap after
{Heap after GC invocations=48 (full 0):
 garbage-first heap   total 328704K, used 112237K [0x0000000080000000, 0x0000000100000000)
  region size 1024K, 3 young (3072K), 3 survivors (3072K)
 Metaspace       used 101478K, committed 102144K, reserved 1179648K
  class space    used 14034K, committed 14336K, reserved 1048576K
}
Event: 20.461 GC heap before
{Heap before GC invocations=48 (full 0):
 garbage-first heap   total 328704K, used 249453K [0x0000000080000000, 0x0000000100000000)
  region size 1024K, 138 young (141312K), 3 survivors (3072K)
 Metaspace       used 105537K, committed 106496K, reserved 1179648K
  class space    used 14572K, committed 15040K, reserved 1048576K
}
Event: 20.465 GC heap after
{Heap after GC invocations=49 (full 0):
 garbage-first heap   total 328704K, used 119353K [0x0000000080000000, 0x0000000100000000)
  region size 1024K, 10 young (10240K), 10 survivors (10240K)
 Metaspace       used 105537K, committed 106496K, reserved 1179648K
  class space    used 14572K, committed 15040K, reserved 1048576K
}

