# JRE version: OpenJDK Runtime Environment (17.0.7) (build 17.0.7+0-b2043.56-10550314)
# Java VM: OpenJDK 64-Bit Server VM (17.0.7+0-b2043.56-10550314, mixed mode, tiered, compressed oops, compressed class ptrs, g1 gc, windows-amd64)
GC Precious Log:
 CPUs: 8 total, 8 available
 Memory: 16303M
 Large Page Support: Disabled
 NUMA Support: Disabled
 Compressed Oops: Enabled (32-bit)
 Heap Region Size: 1M
 Heap Min Capacity: 8M
 Heap Initial Capacity: 256M
 Heap Max Capacity: 2G
 Pre-touch: Disabled
 Parallel Workers: 8
 Concurrent Workers: 2
 Concurrent Refinement Workers: 8
 Periodic GC: Disabled
Heap:
 garbage-first heap   total 301056K, used 141636K [0x0000000080000000, 0x0000000100000000)
  region size 1024K, 3 young (3072K), 3 survivors (3072K)
 Metaspace       used 130503K, committed 131456K, reserved 1179648K
  class space    used 17986K, committed 18496K, reserved 1048576K
GC Heap History (20 events):
Event: 1185.686 GC heap after
{Heap after GC invocations=44 (full 0):
 garbage-first heap   total 208896K, used 135378K [0x0000000080000000, 0x0000000100000000)
  region size 1024K, 2 young (2048K), 2 survivors (2048K)
 Metaspace       used 104803K, committed 105600K, reserved 1179648K
  class space    used 14300K, committed 14720K, reserved 1048576K
}
Event: 1185.857 GC heap before
{Heap before GC invocations=44 (full 0):
 garbage-first heap   total 208896K, used 158930K [0x0000000080000000, 0x0000000100000000)
  region size 1024K, 27 young (27648K), 2 survivors (2048K)
 Metaspace       used 105270K, committed 106048K, reserved 1179648K
  class space    used 14342K, committed 14720K, reserved 1048576K
}
Event: 1185.861 GC heap after
{Heap after GC invocations=45 (full 0):
 garbage-first heap   total 208896K, used 143809K [0x0000000080000000, 0x0000000100000000)
  region size 1024K, 4 young (4096K), 4 survivors (4096K)
 Metaspace       used 105270K, committed 106048K, reserved 1179648K
  class space    used 14342K, committed 14720K, reserved 1048576K
}
Event: 1186.029 GC heap before
{Heap before GC invocations=46 (full 0):
 garbage-first heap   total 276480K, used 180673K [0x0000000080000000, 0x0000000100000000)
  region size 1024K, 24 young (24576K), 4 survivors (4096K)
 Metaspace       used 106976K, committed 107776K, reserved 1179648K
  class space    used 14527K, committed 14912K, reserved 1048576K
}
Event: 1186.033 GC heap after
{Heap after GC invocations=47 (full 0):
 garbage-first heap   total 276480K, used 145468K [0x0000000080000000, 0x0000000100000000)
  region size 1024K, 2 young (2048K), 2 survivors (2048K)
 Metaspace       used 106976K, committed 107776K, reserved 1179648K
  class space    used 14527K, committed 14912K, reserved 1048576K
}
Event: 1186.090 GC heap before
{Heap before GC invocations=47 (full 0):
 garbage-first heap   total 276480K, used 155708K [0x0000000080000000, 0x0000000100000000)
  region size 1024K, 13 young (13312K), 2 survivors (2048K)
 Metaspace       used 107725K, committed 108480K, reserved 1179648K
  class space    used 14602K, committed 14976K, reserved 1048576K
}
Event: 1186.092 GC heap after
{Heap after GC invocations=48 (full 0):
 garbage-first heap   total 276480K, used 144577K [0x0000000080000000, 0x0000000100000000)
  region size 1024K, 1 young (1024K), 1 survivors (1024K)
 Metaspace       used 107725K, committed 108480K, reserved 1179648K
  class space    used 14602K, committed 14976K, reserved 1048576K
}
Event: 1187.700 GC heap before
{Heap before GC invocations=48 (full 0):
 garbage-first heap   total 276480K, used 222401K [0x0000000080000000, 0x0000000100000000)
  region size 1024K, 78 young (79872K), 1 survivors (1024K)
 Metaspace       used 110262K, committed 111104K, reserved 1179648K
  class space    used 14880K, committed 15296K, reserved 1048576K
}
Event: 1187.703 GC heap after
{Heap after GC invocations=49 (full 0):
 garbage-first heap   total 276480K, used 149794K [0x0000000080000000, 0x0000000100000000)
  region size 1024K, 7 young (7168K), 7 survivors (7168K)
 Metaspace       used 110262K, committed 111104K, reserved 1179648K
  class space    used 14880K, committed 15296K, reserved 1048576K
}
Event: 1188.046 GC heap before
{Heap before GC invocations=50 (full 0):
 garbage-first heap   total 301056K, used 209186K [0x0000000080000000, 0x0000000100000000)
  region size 1024K, 79 young (80896K), 7 survivors (7168K)
 Metaspace       used 112671K, committed 113472K, reserved 1179648K
  class space    used 15161K, committed 15552K, reserved 1048576K
}
Event: 1188.049 GC heap after
{Heap after GC invocations=51 (full 0):
 garbage-first heap   total 301056K, used 139189K [0x0000000080000000, 0x0000000100000000)
  region size 1024K, 3 young (3072K), 3 survivors (3072K)
 Metaspace       used 112671K, committed 113472K, reserved 1179648K
  class space    used 15161K, committed 15552K, reserved 1048576K
}
Event: 1188.615 GC heap before
{Heap before GC invocations=51 (full 0):
 garbage-first heap   total 301056K, used 149429K [0x0000000080000000, 0x0000000100000000)
  region size 1024K, 14 young (14336K), 3 survivors (3072K)
 Metaspace       used 114260K, committed 115072K, reserved 1179648K
  class space    used 15415K, committed 15808K, reserved 1048576K
}
Event: 1188.617 GC heap after
{Heap after GC invocations=52 (full 0):
 garbage-first heap   total 301056K, used 133311K [0x0000000080000000, 0x0000000100000000)
  region size 1024K, 2 young (2048K), 2 survivors (2048K)
 Metaspace       used 114260K, committed 115072K, reserved 1179648K
  class space    used 15415K, committed 15808K, reserved 1048576K
}
Event: 1192.867 GC heap before
{Heap before GC invocations=52 (full 0):
 garbage-first heap   total 301056K, used 141503K [0x0000000080000000, 0x0000000100000000)
  region size 1024K, 12 young (12288K), 2 survivors (2048K)
 Metaspace       used 114502K, committed 115328K, reserved 1179648K
  class space    used 15448K, committed 15872K, reserved 1048576K
}
Event: 1192.868 GC heap after
{Heap after GC invocations=53 (full 0):
 garbage-first heap   total 301056K, used 133075K [0x0000000080000000, 0x0000000100000000)
  region size 1024K, 1 young (1024K), 1 survivors (1024K)
 Metaspace       used 114502K, committed 115328K, reserved 1179648K
  class space    used 15448K, committed 15872K, reserved 1048576K
}
Event: 1193.603 GC heap before
{Heap before GC invocations=54 (full 0):
 garbage-first heap   total 301056K, used 252883K [0x0000000080000000, 0x0000000100000000)
  region size 1024K, 117 young (119808K), 1 survivors (1024K)
 Metaspace       used 127353K, committed 128256K, reserved 1179648K
  class space    used 17448K, committed 17920K, reserved 1048576K
}
Event: 1193.609 GC heap after
{Heap after GC invocations=55 (full 0):
 garbage-first heap   total 301056K, used 143159K [0x0000000080000000, 0x0000000100000000)
  region size 1024K, 11 young (11264K), 11 survivors (11264K)
 Metaspace       used 127353K, committed 128256K, reserved 1179648K
  class space    used 17448K, committed 17920K, reserved 1048576K
}
Event: 1193.621 GC heap before
{Heap before GC invocations=55 (full 0):
 garbage-first heap   total 301056K, used 146231K [0x0000000080000000, 0x0000000100000000)
  region size 1024K, 14 young (14336K), 11 survivors (11264K)
 Metaspace       used 127437K, committed 128320K, reserved 1179648K
  class space    used 17463K, committed 17920K, reserved 1048576K
}
Event: 1193.627 GC heap after
{Heap after GC invocations=56 (full 0):
 garbage-first heap   total 301056K, used 139972K [0x0000000080000000, 0x0000000100000000)
  region size 1024K, 1 young (1024K), 1 survivors (1024K)
 Metaspace       used 127437K, committed 128320K, reserved 1179648K
  class space    used 17463K, committed 17920K, reserved 1048576K
}
Event: 1193.804 GC heap before
{Heap before GC invocations=56 (full 0):
 garbage-first heap   total 301056K, used 194244K [0x0000000080000000, 0x0000000100000000)
  region size 1024K, 56 young (57344K), 1 survivors (1024K)
 Metaspace       used 130503K, committed 131456K, reserved 1179648K
  class space    used 17986K, committed 18496K, reserved 1048576K
}

