# JRE version: OpenJDK Runtime Environment (17.0.7) (build 17.0.7+0-b2043.56-10550314)
# Java VM: OpenJDK 64-Bit Server VM (17.0.7+0-b2043.56-10550314, mixed mode, tiered, compressed oops, compressed class ptrs, g1 gc, windows-amd64)
GC Precious Log:
 CPUs: 8 total, 8 available
 Memory: 16303M
 Large Page Support: Disabled
 NUMA Support: Disabled
 Compressed Oops: Enabled (Zero based)
 Heap Region Size: 2M
 Heap Min Capacity: 8M
 Heap Initial Capacity: 256M
 Heap Max Capacity: 4076M
 Pre-touch: Disabled
 Parallel Workers: 8
 Concurrent Workers: 2
 Concurrent Refinement Workers: 8
 Periodic GC: Disabled
Heap:
 garbage-first heap   total 368640K, used 107075K [0x0000000701400000, 0x0000000800000000)
  region size 2048K, 5 young (10240K), 2 survivors (4096K)
 Metaspace       used 74286K, committed 74688K, reserved 1179648K
  class space    used 8059K, committed 8256K, reserved 1048576K
GC Heap History (20 events):
Event: 1.938 GC heap before
{Heap before GC invocations=12 (full 0):
 garbage-first heap   total 75776K, used 49358K [0x0000000701400000, 0x0000000800000000)
  region size 2048K, 12 young (24576K), 2 survivors (4096K)
 Metaspace       used 49240K, committed 49472K, reserved 1114112K
  class space    used 5804K, committed 5888K, reserved 1048576K
}
Event: 1.948 GC heap after
{Heap after GC invocations=13 (full 0):
 garbage-first heap   total 135168K, used 37517K [0x0000000701400000, 0x0000000800000000)
  region size 2048K, 2 young (4096K), 2 survivors (4096K)
 Metaspace       used 49240K, committed 49472K, reserved 1114112K
  class space    used 5804K, committed 5888K, reserved 1048576K
}
Event: 2.381 GC heap before
{Heap before GC invocations=13 (full 0):
 garbage-first heap   total 135168K, used 90765K [0x0000000701400000, 0x0000000800000000)
  region size 2048K, 28 young (57344K), 2 survivors (4096K)
 Metaspace       used 53773K, committed 54080K, reserved 1114112K
  class space    used 6320K, committed 6464K, reserved 1048576K
}
Event: 2.392 GC heap after
{Heap after GC invocations=14 (full 0):
 garbage-first heap   total 135168K, used 48715K [0x0000000701400000, 0x0000000800000000)
  region size 2048K, 4 young (8192K), 4 survivors (8192K)
 Metaspace       used 53773K, committed 54080K, reserved 1114112K
  class space    used 6320K, committed 6464K, reserved 1048576K
}
Event: 2.904 GC heap before
{Heap before GC invocations=14 (full 0):
 garbage-first heap   total 135168K, used 93771K [0x0000000701400000, 0x0000000800000000)
  region size 2048K, 26 young (53248K), 4 survivors (8192K)
 Metaspace       used 55471K, committed 55808K, reserved 1114112K
  class space    used 6443K, committed 6592K, reserved 1048576K
}
Event: 2.916 GC heap after
{Heap after GC invocations=15 (full 0):
 garbage-first heap   total 135168K, used 57347K [0x0000000701400000, 0x0000000800000000)
  region size 2048K, 4 young (8192K), 4 survivors (8192K)
 Metaspace       used 55471K, committed 55808K, reserved 1114112K
  class space    used 6443K, committed 6592K, reserved 1048576K
}
Event: 3.226 GC heap before
{Heap before GC invocations=15 (full 0):
 garbage-first heap   total 135168K, used 96259K [0x0000000701400000, 0x0000000800000000)
  region size 2048K, 23 young (47104K), 4 survivors (8192K)
 Metaspace       used 57831K, committed 58112K, reserved 1114112K
  class space    used 6633K, committed 6720K, reserved 1048576K
}
Event: 3.237 GC heap after
{Heap after GC invocations=16 (full 0):
 garbage-first heap   total 135168K, used 63287K [0x0000000701400000, 0x0000000800000000)
  region size 2048K, 3 young (6144K), 3 survivors (6144K)
 Metaspace       used 57831K, committed 58112K, reserved 1114112K
  class space    used 6633K, committed 6720K, reserved 1048576K
}
Event: 3.689 GC heap before
{Heap before GC invocations=16 (full 0):
 garbage-first heap   total 135168K, used 98103K [0x0000000701400000, 0x0000000800000000)
  region size 2048K, 21 young (43008K), 3 survivors (6144K)
 Metaspace       used 60180K, committed 60416K, reserved 1114112K
  class space    used 6794K, committed 6912K, reserved 1048576K
}
Event: 3.700 GC heap after
{Heap after GC invocations=17 (full 0):
 garbage-first heap   total 190464K, used 68674K [0x0000000701400000, 0x0000000800000000)
  region size 2048K, 3 young (6144K), 3 survivors (6144K)
 Metaspace       used 60180K, committed 60416K, reserved 1114112K
  class space    used 6794K, committed 6912K, reserved 1048576K
}
Event: 4.060 GC heap before
{Heap before GC invocations=18 (full 0):
 garbage-first heap   total 190464K, used 130114K [0x0000000701400000, 0x0000000800000000)
  region size 2048K, 33 young (67584K), 3 survivors (6144K)
 Metaspace       used 60695K, committed 60928K, reserved 1114112K
  class space    used 6835K, committed 6912K, reserved 1048576K
}
Event: 4.072 GC heap after
{Heap after GC invocations=19 (full 0):
 garbage-first heap   total 190464K, used 80903K [0x0000000701400000, 0x0000000800000000)
  region size 2048K, 5 young (10240K), 5 survivors (10240K)
 Metaspace       used 60695K, committed 60928K, reserved 1114112K
  class space    used 6835K, committed 6912K, reserved 1048576K
}
Event: 4.094 GC heap before
{Heap before GC invocations=19 (full 0):
 garbage-first heap   total 190464K, used 80903K [0x0000000701400000, 0x0000000800000000)
  region size 2048K, 6 young (12288K), 5 survivors (10240K)
 Metaspace       used 61390K, committed 61696K, reserved 1114112K
  class space    used 6892K, committed 7040K, reserved 1048576K
}
Event: 4.102 GC heap after
{Heap after GC invocations=20 (full 0):
 garbage-first heap   total 190464K, used 81324K [0x0000000701400000, 0x0000000800000000)
  region size 2048K, 1 young (2048K), 1 survivors (2048K)
 Metaspace       used 61390K, committed 61696K, reserved 1114112K
  class space    used 6892K, committed 7040K, reserved 1048576K
}
Event: 4.597 GC heap before
{Heap before GC invocations=20 (full 0):
 garbage-first heap   total 190464K, used 134572K [0x0000000701400000, 0x0000000800000000)
  region size 2048K, 27 young (55296K), 1 survivors (2048K)
 Metaspace       used 67087K, committed 67456K, reserved 1114112K
  class space    used 7443K, committed 7616K, reserved 1048576K
}
Event: 4.603 GC heap after
{Heap after GC invocations=21 (full 0):
 garbage-first heap   total 190464K, used 89160K [0x0000000701400000, 0x0000000800000000)
  region size 2048K, 4 young (8192K), 4 survivors (8192K)
 Metaspace       used 67087K, committed 67456K, reserved 1114112K
  class space    used 7443K, committed 7616K, reserved 1048576K
}
Event: 4.896 GC heap before
{Heap before GC invocations=21 (full 0):
 garbage-first heap   total 190464K, used 138312K [0x0000000701400000, 0x0000000800000000)
  region size 2048K, 29 young (59392K), 4 survivors (8192K)
 Metaspace       used 69012K, committed 69312K, reserved 1114112K
  class space    used 7550K, committed 7680K, reserved 1048576K
}
Event: 4.910 GC heap after
{Heap after GC invocations=22 (full 0):
 garbage-first heap   total 190464K, used 99592K [0x0000000701400000, 0x0000000800000000)
  region size 2048K, 4 young (8192K), 4 survivors (8192K)
 Metaspace       used 69012K, committed 69312K, reserved 1114112K
  class space    used 7550K, committed 7680K, reserved 1048576K
}
Event: 5.267 GC heap before
{Heap before GC invocations=22 (full 0):
 garbage-first heap   total 190464K, used 144648K [0x0000000701400000, 0x0000000800000000)
  region size 2048K, 26 young (53248K), 4 survivors (8192K)
 Metaspace       used 73573K, committed 73984K, reserved 1179648K
  class space    used 7990K, committed 8192K, reserved 1048576K
}
Event: 5.275 GC heap after
{Heap after GC invocations=23 (full 0):
 garbage-first heap   total 380928K, used 102979K [0x0000000701400000, 0x0000000800000000)
  region size 2048K, 2 young (4096K), 2 survivors (4096K)
 Metaspace       used 73573K, committed 73984K, reserved 1179648K
  class space    used 7990K, committed 8192K, reserved 1048576K
}

