# JRE version: OpenJDK Runtime Environment (17.0.7) (build 17.0.7+0-b2043.56-10550314)
# Java VM: OpenJDK 64-Bit Server VM (17.0.7+0-b2043.56-10550314, mixed mode, tiered, compressed oops, compressed class ptrs, g1 gc, windows-amd64)
GC Precious Log:
 CPUs: 8 total, 8 available
 Memory: 16303M
 Large Page Support: Disabled
 NUMA Support: Disabled
 Compressed Oops: Enabled (32-bit)
 Heap Region Size: 1M
 Heap Min Capacity: 8M
 Heap Initial Capacity: 256M
 Heap Max Capacity: 2G
 Pre-touch: Disabled
 Parallel Workers: 8
 Concurrent Workers: 2
 Concurrent Refinement Workers: 8
 Periodic GC: Disabled
Heap:
 garbage-first heap   total 245760K, used 150894K [0x0000000080000000, 0x0000000100000000)
  region size 1024K, 4 young (4096K), 4 survivors (4096K)
 Metaspace       used 131246K, committed 132160K, reserved 1179648K
  class space    used 18465K, committed 18880K, reserved 1048576K
GC Heap History (20 events):
Event: 10.480 GC heap after
{Heap after GC invocations=31 (full 0):
 garbage-first heap   total 245760K, used 120988K [0x0000000080000000, 0x0000000100000000)
  region size 1024K, 4 young (4096K), 4 survivors (4096K)
 Metaspace       used 104979K, committed 105728K, reserved 1179648K
  class space    used 14497K, committed 14912K, reserved 1048576K
}
Event: 10.965 GC heap before
{Heap before GC invocations=32 (full 0):
 garbage-first heap   total 245760K, used 196764K [0x0000000080000000, 0x0000000100000000)
  region size 1024K, 78 young (79872K), 4 survivors (4096K)
 Metaspace       used 107018K, committed 107776K, reserved 1179648K
  class space    used 14687K, committed 15040K, reserved 1048576K
}
Event: 10.972 GC heap after
{Heap after GC invocations=33 (full 0):
 garbage-first heap   total 245760K, used 122435K [0x0000000080000000, 0x0000000100000000)
  region size 1024K, 9 young (9216K), 9 survivors (9216K)
 Metaspace       used 107018K, committed 107776K, reserved 1179648K
  class space    used 14687K, committed 15040K, reserved 1048576K
}
Event: 10.978 GC heap before
{Heap before GC invocations=33 (full 0):
 garbage-first heap   total 245760K, used 125507K [0x0000000080000000, 0x0000000100000000)
  region size 1024K, 12 young (12288K), 9 survivors (9216K)
 Metaspace       used 107020K, committed 107776K, reserved 1179648K
  class space    used 14687K, committed 15040K, reserved 1048576K
}
Event: 10.982 GC heap after
{Heap after GC invocations=34 (full 0):
 garbage-first heap   total 245760K, used 122828K [0x0000000080000000, 0x0000000100000000)
  region size 1024K, 2 young (2048K), 2 survivors (2048K)
 Metaspace       used 107020K, committed 107776K, reserved 1179648K
  class space    used 14687K, committed 15040K, reserved 1048576K
}
Event: 12.329 GC heap before
{Heap before GC invocations=34 (full 0):
 garbage-first heap   total 245760K, used 197580K [0x0000000080000000, 0x0000000100000000)
  region size 1024K, 76 young (77824K), 2 survivors (2048K)
 Metaspace       used 108534K, committed 109312K, reserved 1179648K
  class space    used 14876K, committed 15232K, reserved 1048576K
}
Event: 12.333 GC heap after
{Heap after GC invocations=35 (full 0):
 garbage-first heap   total 245760K, used 126384K [0x0000000080000000, 0x0000000100000000)
  region size 1024K, 5 young (5120K), 5 survivors (5120K)
 Metaspace       used 108534K, committed 109312K, reserved 1179648K
  class space    used 14876K, committed 15232K, reserved 1048576K
}
Event: 14.813 GC heap before
{Heap before GC invocations=36 (full 0):
 garbage-first heap   total 245760K, used 200112K [0x0000000080000000, 0x0000000100000000)
  region size 1024K, 78 young (79872K), 5 survivors (5120K)
 Metaspace       used 114569K, committed 115392K, reserved 1179648K
  class space    used 15699K, committed 16128K, reserved 1048576K
}
Event: 14.819 GC heap after
{Heap after GC invocations=37 (full 0):
 garbage-first heap   total 245760K, used 131670K [0x0000000080000000, 0x0000000100000000)
  region size 1024K, 10 young (10240K), 10 survivors (10240K)
 Metaspace       used 114569K, committed 115392K, reserved 1179648K
  class space    used 15699K, committed 16128K, reserved 1048576K
}
Event: 14.833 GC heap before
{Heap before GC invocations=37 (full 0):
 garbage-first heap   total 245760K, used 132694K [0x0000000080000000, 0x0000000100000000)
  region size 1024K, 12 young (12288K), 10 survivors (10240K)
 Metaspace       used 114836K, committed 115648K, reserved 1179648K
  class space    used 15726K, committed 16128K, reserved 1048576K
}
Event: 14.837 GC heap after
{Heap after GC invocations=38 (full 0):
 garbage-first heap   total 245760K, used 132158K [0x0000000080000000, 0x0000000100000000)
  region size 1024K, 2 young (2048K), 2 survivors (2048K)
 Metaspace       used 114836K, committed 115648K, reserved 1179648K
  class space    used 15726K, committed 16128K, reserved 1048576K
}
Event: 15.271 GC heap before
{Heap before GC invocations=38 (full 0):
 garbage-first heap   total 245760K, used 201790K [0x0000000080000000, 0x0000000100000000)
  region size 1024K, 71 young (72704K), 2 survivors (2048K)
 Metaspace       used 124646K, committed 125504K, reserved 1179648K
  class space    used 17291K, committed 17728K, reserved 1048576K
}
Event: 15.274 GC heap after
{Heap after GC invocations=39 (full 0):
 garbage-first heap   total 245760K, used 132770K [0x0000000080000000, 0x0000000100000000)
  region size 1024K, 3 young (3072K), 3 survivors (3072K)
 Metaspace       used 124646K, committed 125504K, reserved 1179648K
  class space    used 17291K, committed 17728K, reserved 1048576K
}
Event: 15.641 GC heap before
{Heap before GC invocations=39 (full 0):
 garbage-first heap   total 245760K, used 203426K [0x0000000080000000, 0x0000000100000000)
  region size 1024K, 73 young (74752K), 3 survivors (3072K)
 Metaspace       used 129824K, committed 130688K, reserved 1179648K
  class space    used 18270K, committed 18688K, reserved 1048576K
}
Event: 15.644 GC heap after
{Heap after GC invocations=40 (full 0):
 garbage-first heap   total 245760K, used 134324K [0x0000000080000000, 0x0000000100000000)
  region size 1024K, 4 young (4096K), 4 survivors (4096K)
 Metaspace       used 129824K, committed 130688K, reserved 1179648K
  class space    used 18270K, committed 18688K, reserved 1048576K
}
Event: 15.803 GC heap before
{Heap before GC invocations=40 (full 0):
 garbage-first heap   total 245760K, used 164020K [0x0000000080000000, 0x0000000100000000)
  region size 1024K, 23 young (23552K), 4 survivors (4096K)
 Metaspace       used 131245K, committed 132160K, reserved 1179648K
  class space    used 18465K, committed 18880K, reserved 1048576K
}
Event: 15.806 GC heap after
{Heap after GC invocations=41 (full 0):
 garbage-first heap   total 245760K, used 146695K [0x0000000080000000, 0x0000000100000000)
  region size 1024K, 4 young (4096K), 4 survivors (4096K)
 Metaspace       used 131245K, committed 132160K, reserved 1179648K
  class space    used 18465K, committed 18880K, reserved 1048576K
}
Event: 15.812 GC heap before
{Heap before GC invocations=41 (full 0):
 garbage-first heap   total 245760K, used 154887K [0x0000000080000000, 0x0000000100000000)
  region size 1024K, 5 young (5120K), 4 survivors (4096K)
 Metaspace       used 131246K, committed 132160K, reserved 1179648K
  class space    used 18465K, committed 18880K, reserved 1048576K
}
Event: 15.815 GC heap after
{Heap after GC invocations=42 (full 0):
 garbage-first heap   total 245760K, used 152925K [0x0000000080000000, 0x0000000100000000)
  region size 1024K, 4 young (4096K), 4 survivors (4096K)
 Metaspace       used 131246K, committed 132160K, reserved 1179648K
  class space    used 18465K, committed 18880K, reserved 1048576K
}
Event: 15.820 GC heap before
{Heap before GC invocations=42 (full 0):
 garbage-first heap   total 245760K, used 163165K [0x0000000080000000, 0x0000000100000000)
  region size 1024K, 5 young (5120K), 4 survivors (4096K)
 Metaspace       used 131246K, committed 132160K, reserved 1179648K
  class space    used 18465K, committed 18880K, reserved 1048576K
}

