# JRE version: OpenJDK Runtime Environment (17.0.7) (build 17.0.7+0-b2043.56-10550314)
# Java VM: OpenJDK 64-Bit Server VM (17.0.7+0-b2043.56-10550314, mixed mode, tiered, compressed oops, compressed class ptrs, g1 gc, windows-amd64)
GC Precious Log:
 CPUs: 8 total, 8 available
 Memory: 16303M
 Large Page Support: Disabled
 NUMA Support: Disabled
 Compressed Oops: Enabled (32-bit)
 Heap Region Size: 1M
 Heap Min Capacity: 8M
 Heap Initial Capacity: 256M
 Heap Max Capacity: 2G
 Pre-touch: Disabled
 Parallel Workers: 8
 Concurrent Workers: 2
 Concurrent Refinement Workers: 8
 Periodic GC: Disabled
Heap:
 garbage-first heap   total 265216K, used 116406K [0x0000000080000000, 0x0000000100000000)
  region size 1024K, 4 young (4096K), 4 survivors (4096K)
 Metaspace       used 102527K, committed 103232K, reserved 1179648K
  class space    used 14112K, committed 14464K, reserved 1048576K
GC Heap History (20 events):
Event: 4.879 GC heap after
{Heap after GC invocations=25 (full 0):
 garbage-first heap   total 201728K, used 75760K [0x0000000080000000, 0x0000000100000000)
  region size 1024K, 6 young (6144K), 6 survivors (6144K)
 Metaspace       used 75704K, committed 76288K, reserved 1179648K
  class space    used 10197K, committed 10496K, reserved 1048576K
}
Event: 4.891 GC heap before
{Heap before GC invocations=25 (full 0):
 garbage-first heap   total 201728K, used 77808K [0x0000000080000000, 0x0000000100000000)
  region size 1024K, 9 young (9216K), 6 survivors (6144K)
 Metaspace       used 75985K, committed 76544K, reserved 1179648K
  class space    used 10224K, committed 10496K, reserved 1048576K
}
Event: 4.893 GC heap after
{Heap after GC invocations=26 (full 0):
 garbage-first heap   total 201728K, used 75973K [0x0000000080000000, 0x0000000100000000)
  region size 1024K, 1 young (1024K), 1 survivors (1024K)
 Metaspace       used 75985K, committed 76544K, reserved 1179648K
  class space    used 10224K, committed 10496K, reserved 1048576K
}
Event: 5.323 GC heap before
{Heap before GC invocations=26 (full 0):
 garbage-first heap   total 201728K, used 152773K [0x0000000080000000, 0x0000000100000000)
  region size 1024K, 76 young (77824K), 1 survivors (1024K)
 Metaspace       used 80536K, committed 81152K, reserved 1179648K
  class space    used 10840K, committed 11136K, reserved 1048576K
}
Event: 5.326 GC heap after
{Heap after GC invocations=27 (full 0):
 garbage-first heap   total 201728K, used 79241K [0x0000000080000000, 0x0000000100000000)
  region size 1024K, 5 young (5120K), 5 survivors (5120K)
 Metaspace       used 80536K, committed 81152K, reserved 1179648K
  class space    used 10840K, committed 11136K, reserved 1048576K
}
Event: 5.750 GC heap before
{Heap before GC invocations=27 (full 0):
 garbage-first heap   total 201728K, used 156041K [0x0000000080000000, 0x0000000100000000)
  region size 1024K, 80 young (81920K), 5 survivors (5120K)
 Metaspace       used 86414K, committed 86976K, reserved 1179648K
  class space    used 11884K, committed 12160K, reserved 1048576K
}
Event: 5.753 GC heap after
{Heap after GC invocations=28 (full 0):
 garbage-first heap   total 201728K, used 82741K [0x0000000080000000, 0x0000000100000000)
  region size 1024K, 8 young (8192K), 8 survivors (8192K)
 Metaspace       used 86414K, committed 86976K, reserved 1179648K
  class space    used 11884K, committed 12160K, reserved 1048576K
}
Event: 6.355 GC heap before
{Heap before GC invocations=28 (full 0):
 garbage-first heap   total 201728K, used 159541K [0x0000000080000000, 0x0000000100000000)
  region size 1024K, 83 young (84992K), 8 survivors (8192K)
 Metaspace       used 93614K, committed 94272K, reserved 1179648K
  class space    used 12923K, committed 13248K, reserved 1048576K
}
Event: 6.360 GC heap after
{Heap after GC invocations=29 (full 0):
 garbage-first heap   total 201728K, used 87137K [0x0000000080000000, 0x0000000100000000)
  region size 1024K, 8 young (8192K), 8 survivors (8192K)
 Metaspace       used 93614K, committed 94272K, reserved 1179648K
  class space    used 12923K, committed 13248K, reserved 1048576K
}
Event: 6.849 GC heap before
{Heap before GC invocations=29 (full 0):
 garbage-first heap   total 201728K, used 161889K [0x0000000080000000, 0x0000000100000000)
  region size 1024K, 81 young (82944K), 8 survivors (8192K)
 Metaspace       used 96177K, committed 96832K, reserved 1179648K
  class space    used 13273K, committed 13568K, reserved 1048576K
}
Event: 6.861 GC heap after
{Heap after GC invocations=30 (full 0):
 garbage-first heap   total 201728K, used 94913K [0x0000000080000000, 0x0000000100000000)
  region size 1024K, 11 young (11264K), 11 survivors (11264K)
 Metaspace       used 96177K, committed 96832K, reserved 1179648K
  class space    used 13273K, committed 13568K, reserved 1048576K
}
Event: 7.452 GC heap before
{Heap before GC invocations=30 (full 0):
 garbage-first heap   total 201728K, used 160449K [0x0000000080000000, 0x0000000100000000)
  region size 1024K, 76 young (77824K), 11 survivors (11264K)
 Metaspace       used 98260K, committed 98944K, reserved 1179648K
  class space    used 13672K, committed 14016K, reserved 1048576K
}
Event: 7.460 GC heap after
{Heap after GC invocations=31 (full 0):
 garbage-first heap   total 201728K, used 103600K [0x0000000080000000, 0x0000000100000000)
  region size 1024K, 8 young (8192K), 8 survivors (8192K)
 Metaspace       used 98260K, committed 98944K, reserved 1179648K
  class space    used 13672K, committed 14016K, reserved 1048576K
}
Event: 7.764 GC heap before
{Heap before GC invocations=31 (full 0):
 garbage-first heap   total 201728K, used 161968K [0x0000000080000000, 0x0000000100000000)
  region size 1024K, 66 young (67584K), 8 survivors (8192K)
 Metaspace       used 98998K, committed 99712K, reserved 1179648K
  class space    used 13729K, committed 14080K, reserved 1048576K
}
Event: 7.771 GC heap after
{Heap after GC invocations=32 (full 0):
 garbage-first heap   total 201728K, used 108151K [0x0000000080000000, 0x0000000100000000)
  region size 1024K, 5 young (5120K), 5 survivors (5120K)
 Metaspace       used 98998K, committed 99712K, reserved 1179648K
  class space    used 13729K, committed 14080K, reserved 1048576K
}
Event: 8.057 GC heap before
{Heap before GC invocations=33 (full 0):
 garbage-first heap   total 201728K, used 168567K [0x0000000080000000, 0x0000000100000000)
  region size 1024K, 60 young (61440K), 5 survivors (5120K)
 Metaspace       used 101117K, committed 101824K, reserved 1179648K
  class space    used 13944K, committed 14272K, reserved 1048576K
}
Event: 8.062 GC heap after
{Heap after GC invocations=34 (full 0):
 garbage-first heap   total 201728K, used 112974K [0x0000000080000000, 0x0000000100000000)
  region size 1024K, 5 young (5120K), 5 survivors (5120K)
 Metaspace       used 101117K, committed 101824K, reserved 1179648K
  class space    used 13944K, committed 14272K, reserved 1048576K
}
Event: 8.090 GC heap before
{Heap before GC invocations=34 (full 0):
 garbage-first heap   total 201728K, used 117070K [0x0000000080000000, 0x0000000100000000)
  region size 1024K, 9 young (9216K), 5 survivors (5120K)
 Metaspace       used 101151K, committed 101888K, reserved 1179648K
  class space    used 13945K, committed 14272K, reserved 1048576K
}
Event: 8.095 GC heap after
{Heap after GC invocations=35 (full 0):
 garbage-first heap   total 201728K, used 113987K [0x0000000080000000, 0x0000000100000000)
  region size 1024K, 1 young (1024K), 1 survivors (1024K)
 Metaspace       used 101151K, committed 101888K, reserved 1179648K
  class space    used 13945K, committed 14272K, reserved 1048576K
}
Event: 8.872 GC heap before
{Heap before GC invocations=35 (full 0):
 garbage-first heap   total 201728K, used 165187K [0x0000000080000000, 0x0000000100000000)
  region size 1024K, 52 young (53248K), 1 survivors (1024K)
 Metaspace       used 102527K, committed 103232K, reserved 1179648K
  class space    used 14112K, committed 14464K, reserved 1048576K
}

