# JRE version: OpenJDK Runtime Environment (17.0.7) (build 17.0.7+0-b2043.56-10550314)
# Java VM: OpenJDK 64-Bit Server VM (17.0.7+0-b2043.56-10550314, mixed mode, tiered, compressed oops, compressed class ptrs, g1 gc, windows-amd64)
GC Precious Log:
 CPUs: 8 total, 8 available
 Memory: 16303M
 Large Page Support: Disabled
 NUMA Support: Disabled
 Compressed Oops: Enabled (Zero based)
 Heap Region Size: 2M
 Heap Min Capacity: 8M
 Heap Initial Capacity: 256M
 Heap Max Capacity: 4076M
 Pre-touch: Disabled
 Parallel Workers: 8
 Concurrent Workers: 2
 Concurrent Refinement Workers: 8
 Periodic GC: Disabled
Heap:
 garbage-first heap   total 262144K, used 101496K [0x0000000701400000, 0x0000000800000000)
  region size 2048K, 4 young (8192K), 4 survivors (8192K)
 Metaspace       used 69348K, committed 69632K, reserved 1114112K
  class space    used 7537K, committed 7680K, reserved 1048576K
GC Heap History (20 events):
Event: 1.884 GC heap after
{Heap after GC invocations=12 (full 0):
 garbage-first heap   total 75776K, used 30515K [0x0000000701400000, 0x0000000800000000)
  region size 2048K, 2 young (4096K), 2 survivors (4096K)
 Metaspace       used 48331K, committed 48640K, reserved 1114112K
  class space    used 5694K, committed 5824K, reserved 1048576K
}
Event: 2.004 GC heap before
{Heap before GC invocations=12 (full 0):
 garbage-first heap   total 75776K, used 53043K [0x0000000701400000, 0x0000000800000000)
  region size 2048K, 13 young (26624K), 2 survivors (4096K)
 Metaspace       used 49230K, committed 49472K, reserved 1114112K
  class space    used 5794K, committed 5888K, reserved 1048576K
}
Event: 2.016 GC heap after
{Heap after GC invocations=13 (full 0):
 garbage-first heap   total 137216K, used 37930K [0x0000000701400000, 0x0000000800000000)
  region size 2048K, 2 young (4096K), 2 survivors (4096K)
 Metaspace       used 49230K, committed 49472K, reserved 1114112K
  class space    used 5794K, committed 5888K, reserved 1048576K
}
Event: 2.449 GC heap before
{Heap before GC invocations=13 (full 0):
 garbage-first heap   total 137216K, used 87082K [0x0000000701400000, 0x0000000800000000)
  region size 2048K, 27 young (55296K), 2 survivors (4096K)
 Metaspace       used 53767K, committed 54016K, reserved 1114112K
  class space    used 6309K, committed 6400K, reserved 1048576K
}
Event: 2.459 GC heap after
{Heap after GC invocations=14 (full 0):
 garbage-first heap   total 137216K, used 48498K [0x0000000701400000, 0x0000000800000000)
  region size 2048K, 4 young (8192K), 4 survivors (8192K)
 Metaspace       used 53767K, committed 54016K, reserved 1114112K
  class space    used 6309K, committed 6400K, reserved 1048576K
}
Event: 2.956 GC heap before
{Heap before GC invocations=14 (full 0):
 garbage-first heap   total 137216K, used 91506K [0x0000000701400000, 0x0000000800000000)
  region size 2048K, 25 young (51200K), 4 survivors (8192K)
 Metaspace       used 55480K, committed 55744K, reserved 1114112K
  class space    used 6432K, committed 6528K, reserved 1048576K
}
Event: 2.967 GC heap after
{Heap after GC invocations=15 (full 0):
 garbage-first heap   total 137216K, used 56075K [0x0000000701400000, 0x0000000800000000)
  region size 2048K, 4 young (8192K), 4 survivors (8192K)
 Metaspace       used 55480K, committed 55744K, reserved 1114112K
  class space    used 6432K, committed 6528K, reserved 1048576K
}
Event: 3.283 GC heap before
{Heap before GC invocations=15 (full 0):
 garbage-first heap   total 137216K, used 97035K [0x0000000701400000, 0x0000000800000000)
  region size 2048K, 24 young (49152K), 4 survivors (8192K)
 Metaspace       used 57632K, committed 57984K, reserved 1114112K
  class space    used 6584K, committed 6720K, reserved 1048576K
}
Event: 3.293 GC heap after
{Heap after GC invocations=16 (full 0):
 garbage-first heap   total 137216K, used 62788K [0x0000000701400000, 0x0000000800000000)
  region size 2048K, 3 young (6144K), 3 survivors (6144K)
 Metaspace       used 57632K, committed 57984K, reserved 1114112K
  class space    used 6584K, committed 6720K, reserved 1048576K
}
Event: 3.743 GC heap before
{Heap before GC invocations=16 (full 0):
 garbage-first heap   total 137216K, used 99652K [0x0000000701400000, 0x0000000800000000)
  region size 2048K, 21 young (43008K), 3 survivors (6144K)
 Metaspace       used 60207K, committed 60480K, reserved 1114112K
  class space    used 6782K, committed 6912K, reserved 1048576K
}
Event: 3.754 GC heap after
{Heap after GC invocations=17 (full 0):
 garbage-first heap   total 192512K, used 69092K [0x0000000701400000, 0x0000000800000000)
  region size 2048K, 3 young (6144K), 3 survivors (6144K)
 Metaspace       used 60207K, committed 60480K, reserved 1114112K
  class space    used 6782K, committed 6912K, reserved 1048576K
}
Event: 3.862 GC heap before
{Heap before GC invocations=17 (full 0):
 garbage-first heap   total 192512K, used 91620K [0x0000000701400000, 0x0000000800000000)
  region size 2048K, 15 young (30720K), 3 survivors (6144K)
 Metaspace       used 60372K, committed 60608K, reserved 1114112K
  class space    used 6784K, committed 6912K, reserved 1048576K
}
Event: 3.872 GC heap after
{Heap after GC invocations=18 (full 0):
 garbage-first heap   total 192512K, used 75162K [0x0000000701400000, 0x0000000800000000)
  region size 2048K, 5 young (10240K), 5 survivors (10240K)
 Metaspace       used 60372K, committed 60608K, reserved 1114112K
  class space    used 6784K, committed 6912K, reserved 1048576K
}
Event: 4.302 GC heap before
{Heap before GC invocations=19 (full 0):
 garbage-first heap   total 192512K, used 132506K [0x0000000701400000, 0x0000000800000000)
  region size 2048K, 33 young (67584K), 5 survivors (10240K)
 Metaspace       used 65005K, committed 65280K, reserved 1114112K
  class space    used 7222K, committed 7360K, reserved 1048576K
}
Event: 4.312 GC heap after
{Heap after GC invocations=20 (full 0):
 garbage-first heap   total 192512K, used 83553K [0x0000000701400000, 0x0000000800000000)
  region size 2048K, 4 young (8192K), 4 survivors (8192K)
 Metaspace       used 65005K, committed 65280K, reserved 1114112K
  class space    used 7222K, committed 7360K, reserved 1048576K
}
Event: 4.336 GC heap before
{Heap before GC invocations=20 (full 0):
 garbage-first heap   total 192512K, used 85601K [0x0000000701400000, 0x0000000800000000)
  region size 2048K, 5 young (10240K), 4 survivors (8192K)
 Metaspace       used 65526K, committed 65856K, reserved 1114112K
  class space    used 7299K, committed 7488K, reserved 1048576K
}
Event: 4.342 GC heap after
{Heap after GC invocations=21 (full 0):
 garbage-first heap   total 192512K, used 84587K [0x0000000701400000, 0x0000000800000000)
  region size 2048K, 1 young (2048K), 1 survivors (2048K)
 Metaspace       used 65526K, committed 65856K, reserved 1114112K
  class space    used 7299K, committed 7488K, reserved 1048576K
}
Event: 4.774 GC heap before
{Heap before GC invocations=21 (full 0):
 garbage-first heap   total 192512K, used 137835K [0x0000000701400000, 0x0000000800000000)
  region size 2048K, 27 young (55296K), 1 survivors (2048K)
 Metaspace       used 67862K, committed 68160K, reserved 1114112K
  class space    used 7467K, committed 7616K, reserved 1048576K
}
Event: 4.783 GC heap after
{Heap after GC invocations=22 (full 0):
 garbage-first heap   total 192512K, used 94489K [0x0000000701400000, 0x0000000800000000)
  region size 2048K, 4 young (8192K), 4 survivors (8192K)
 Metaspace       used 67862K, committed 68160K, reserved 1114112K
  class space    used 7467K, committed 7616K, reserved 1048576K
}
Event: 5.018 GC heap before
{Heap before GC invocations=22 (full 0):
 garbage-first heap   total 192512K, used 141593K [0x0000000701400000, 0x0000000800000000)
  region size 2048K, 27 young (55296K), 4 survivors (8192K)
 Metaspace       used 69348K, committed 69632K, reserved 1114112K
  class space    used 7537K, committed 7680K, reserved 1048576K
}

